[0.032s] Invoking command in '/home/yusuf/ros2_wsn/build/control_systems': CMAKE_PREFIX_PATH=${CMAKE_PREFIX_PATH}:/opt/ros/humble /usr/bin/cmake --build /home/yusuf/ros2_wsn/build/control_systems -- -j8 -l8
[0.130s] [ 50%] Built target goal_planner
[0.141s] [100%] Built target goal_linear
[0.162s] Invoked command in '/home/yusuf/ros2_wsn/build/control_systems' returned '0': CMAKE_PREFIX_PATH=${CMAKE_PREFIX_PATH}:/opt/ros/humble /usr/bin/cmake --build /home/yusuf/ros2_wsn/build/control_systems -- -j8 -l8
[0.224s] Invoking command in '/home/yusuf/ros2_wsn/build/control_systems': CMAKE_PREFIX_PATH=${CMAKE_PREFIX_PATH}:/opt/ros/humble /usr/bin/cmake --install /home/yusuf/ros2_wsn/build/control_systems
[0.242s] -- Install configuration: ""
[0.242s] -- Up-to-date: /home/yusuf/ros2_wsn/install/control_systems/lib/control_systems/goal_linear
[0.244s] -- Up-to-date: /home/yusuf/ros2_wsn/install/control_systems/lib/control_systems/goal_planner
[0.244s] -- Up-to-date: /home/yusuf/ros2_wsn/install/control_systems/share/control_systems/launch
[0.245s] -- Up-to-date: /home/yusuf/ros2_wsn/install/control_systems/share/control_systems/launch/velocity_controller.launch.py
[0.245s] -- Up-to-date: /home/yusuf/ros2_wsn/install/control_systems/share/control_systems/urdf
[0.245s] -- Up-to-date: /home/yusuf/ros2_wsn/install/control_systems/share/control_systems/urdf/diff_drive_vel.urdf
[0.246s] -- Up-to-date: /home/yusuf/ros2_wsn/install/control_systems/share/control_systems/urdf/diff_sens.urdf
[0.246s] -- Up-to-date: /home/yusuf/ros2_wsn/install/control_systems/share/ament_index/resource_index/package_run_dependencies/control_systems
[0.246s] -- Up-to-date: /home/yusuf/ros2_wsn/install/control_systems/share/ament_index/resource_index/parent_prefix_path/control_systems
[0.246s] -- Up-to-date: /home/yusuf/ros2_wsn/install/control_systems/share/control_systems/environment/ament_prefix_path.sh
[0.247s] -- Up-to-date: /home/yusuf/ros2_wsn/install/control_systems/share/control_systems/environment/ament_prefix_path.dsv
[0.247s] -- Up-to-date: /home/yusuf/ros2_wsn/install/control_systems/share/control_systems/environment/path.sh
[0.247s] -- Up-to-date: /home/yusuf/ros2_wsn/install/control_systems/share/control_systems/environment/path.dsv
[0.247s] -- Up-to-date: /home/yusuf/ros2_wsn/install/control_systems/share/control_systems/local_setup.bash
[0.248s] -- Up-to-date: /home/yusuf/ros2_wsn/install/control_systems/share/control_systems/local_setup.sh
[0.248s] -- Up-to-date: /home/yusuf/ros2_wsn/install/control_systems/share/control_systems/local_setup.zsh
[0.248s] -- Up-to-date: /home/yusuf/ros2_wsn/install/control_systems/share/control_systems/local_setup.dsv
[0.248s] -- Installing: /home/yusuf/ros2_wsn/install/control_systems/share/control_systems/package.dsv
[0.248s] -- Up-to-date: /home/yusuf/ros2_wsn/install/control_systems/share/ament_index/resource_index/packages/control_systems
[0.249s] -- Up-to-date: /home/yusuf/ros2_wsn/install/control_systems/share/control_systems/cmake/control_systemsConfig.cmake
[0.249s] -- Up-to-date: /home/yusuf/ros2_wsn/install/control_systems/share/control_systems/cmake/control_systemsConfig-version.cmake
[0.249s] -- Up-to-date: /home/yusuf/ros2_wsn/install/control_systems/share/control_systems/package.xml
[0.251s] Invoked command in '/home/yusuf/ros2_wsn/build/control_systems' returned '0': CMAKE_PREFIX_PATH=${CMAKE_PREFIX_PATH}:/opt/ros/humble /usr/bin/cmake --install /home/yusuf/ros2_wsn/build/control_systems
