[01m[K/home/yusuf/ros2_wsn/src/sensor_fusion/src/noise_kf.cpp:[m[K In function ‘[01m[Kdouble generateGaussianNoise(double, double)[m[K’:
[01m[K/home/yusuf/ros2_wsn/src/sensor_fusion/src/noise_kf.cpp:17:17:[m[K [01;31m[Kerror: [m[K‘[01m[Krandom_device[m[K’ in namespace ‘[01m[Kstd[m[K’ does not name a type
   17 |     static std::[01;31m[Krandom_device[m[K rd;
      |                 [01;31m[K^~~~~~~~~~~~~[m[K
[01m[K/home/yusuf/ros2_wsn/src/sensor_fusion/src/noise_kf.cpp:18:17:[m[K [01;31m[Kerror: [m[K‘[01m[Kmt19937[m[K’ in namespace ‘[01m[Kstd[m[K’ does not name a type
   18 |     static std::[01;31m[Kmt19937[m[K generator(rd());
      |                 [01;31m[K^~~~~~~[m[K
[01m[K/home/yusuf/ros2_wsn/src/sensor_fusion/src/noise_kf.cpp:19:10:[m[K [01;31m[Kerror: [m[K‘[01m[Knormal_distribution[m[K’ is not a member of ‘[01m[Kstd[m[K’; did you mean ‘[01m[Kuniform_int_distribution[m[K’?
   19 |     std::[01;31m[Knormal_distribution[m[K<double> distribution(mean, stddev);
      |          [01;31m[K^~~~~~~~~~~~~~~~~~~[m[K
      |          [32m[Kuniform_int_distribution[m[K
[01m[K/home/yusuf/ros2_wsn/src/sensor_fusion/src/noise_kf.cpp:19:30:[m[K [01;31m[Kerror: [m[Kexpected primary-expression before ‘[01m[Kdouble[m[K’
   19 |     std::normal_distribution<[01;31m[Kdouble[m[K> distribution(mean, stddev);
      |                              [01;31m[K^~~~~~[m[K
[01m[K/home/yusuf/ros2_wsn/src/sensor_fusion/src/noise_kf.cpp:20:25:[m[K [01;31m[Kerror: [m[K‘[01m[Kgenerator[m[K’ was not declared in this scope
   20 |     return distribution([01;31m[Kgenerator[m[K);
      |                         [01;31m[K^~~~~~~~~[m[K
[01m[K/home/yusuf/ros2_wsn/src/sensor_fusion/src/noise_kf.cpp:20:12:[m[K [01;31m[Kerror: [m[K‘[01m[Kdistribution[m[K’ was not declared in this scope
   20 |     return [01;31m[Kdistribution[m[K(generator);
      |            [01;31m[K^~~~~~~~~~~~[m[K
[01m[K/home/yusuf/ros2_wsn/src/sensor_fusion/src/noise_kf.cpp:16:37:[m[K [01;35m[Kwarning: [m[Kunused parameter ‘[01m[Kmean[m[K’ [[01;35m[K]8;;https://gcc.gnu.org/onlinedocs/gcc/Warning-Options.html#index-Wunused-parameter-Wunused-parameter]8;;[m[K]
   16 | double generateGaussianNoise([01;35m[Kdouble mean[m[K, double stddev) {
      |                              [01;35m[K~~~~~~~^~~~[m[K
[01m[K/home/yusuf/ros2_wsn/src/sensor_fusion/src/noise_kf.cpp:16:50:[m[K [01;35m[Kwarning: [m[Kunused parameter ‘[01m[Kstddev[m[K’ [[01;35m[K]8;;https://gcc.gnu.org/onlinedocs/gcc/Warning-Options.html#index-Wunused-parameter-Wunused-parameter]8;;[m[K]
   16 | double generateGaussianNoise(double mean, [01;35m[Kdouble stddev[m[K) {
      |                                           [01;35m[K~~~~~~~^~~~~~[m[K
[01m[K/home/yusuf/ros2_wsn/src/sensor_fusion/src/noise_kf.cpp:[m[K In member function ‘[01m[Kvoid KalmanFilter::update(double, double)[m[K’:
[01m[K/home/yusuf/ros2_wsn/src/sensor_fusion/src/noise_kf.cpp:55:12:[m[K [01;31m[Kerror: [m[Kredeclaration of ‘[01m[Kdouble noisy_x[m[K’
   55 |     double [01;31m[Knoisy_x[m[K = measurement_y + generateGaussianNoise(0,R);
      |            [01;31m[K^~~~~~~[m[K
[01m[K/home/yusuf/ros2_wsn/src/sensor_fusion/src/noise_kf.cpp:54:12:[m[K [01;36m[Knote: [m[K‘[01m[Kdouble noisy_x[m[K’ previously declared here
   54 |     double [01;36m[Knoisy_x[m[K = measurement_x + generateGaussianNoise(0,R);
      |            [01;36m[K^~~~~~~[m[K
[01m[K/home/yusuf/ros2_wsn/src/sensor_fusion/src/noise_kf.cpp:59:18:[m[K [01;31m[Kerror: [m[K‘[01m[Knoisy_y[m[K’ was not declared in this scope; did you mean ‘[01m[Knoisy_x[m[K’?
   59 |     Z << noisy_x,[01;31m[Knoisy_y[m[K;
      |                  [01;31m[K^~~~~~~[m[K
      |                  [32m[Knoisy_x[m[K
gmake[2]: *** [CMakeFiles/noise_kf.dir/build.make:76: CMakeFiles/noise_kf.dir/src/noise_kf.cpp.o] Error 1
gmake[1]: *** [CMakeFiles/Makefile2:193: CMakeFiles/noise_kf.dir/all] Error 2
gmake: *** [Makefile:146: all] Error 2
