[0.092s] Invoking command in '/home/yusuf/ros2_wsn/build/robot_sensing': CMAKE_PREFIX_PATH=${CMAKE_PREFIX_PATH}:/opt/ros/humble /usr/bin/cmake --build /home/yusuf/ros2_wsn/build/robot_sensing -- -j8 -l8
[0.446s] [ 25%] Built target odom_kinematic
[0.662s] [ 50%] Built target point_cloud_segmentation
[0.739s] [35m[1mConsolidate compiler generated dependencies of target line_following[0m
[0.903s] [ 62%] [32mBuilding CXX object CMakeFiles/line_following.dir/src/linefollowing.cpp.o[0m
[56.641s] [ 75%] [32m[1mLinking CXX executable line_following[0m
[61.081s] [ 75%] Built target line_following
[61.222s] [100%] Built target maze_lidar
[61.282s] Invoked command in '/home/yusuf/ros2_wsn/build/robot_sensing' returned '0': CMAKE_PREFIX_PATH=${CMAKE_PREFIX_PATH}:/opt/ros/humble /usr/bin/cmake --build /home/yusuf/ros2_wsn/build/robot_sensing -- -j8 -l8
[61.483s] Invoking command in '/home/yusuf/ros2_wsn/build/robot_sensing': CMAKE_PREFIX_PATH=${CMAKE_PREFIX_PATH}:/opt/ros/humble /usr/bin/cmake --install /home/yusuf/ros2_wsn/build/robot_sensing
[61.517s] -- Install configuration: ""
[61.519s] -- Up-to-date: /home/yusuf/ros2_wsn/install/robot_sensing/lib/robot_sensing/maze_lidar
[61.521s] -- Up-to-date: /home/yusuf/ros2_wsn/install/robot_sensing/lib/robot_sensing/odom_kinematic
[61.523s] -- Installing: /home/yusuf/ros2_wsn/install/robot_sensing/lib/robot_sensing/line_following
[61.553s] -- Set runtime path of "/home/yusuf/ros2_wsn/install/robot_sensing/lib/robot_sensing/line_following" to ""
[61.554s] -- Up-to-date: /home/yusuf/ros2_wsn/install/robot_sensing/lib/robot_sensing/point_cloud_segmentation
[61.557s] -- Up-to-date: /home/yusuf/ros2_wsn/install/robot_sensing/share/robot_sensing/launch
[61.559s] -- Up-to-date: /home/yusuf/ros2_wsn/install/robot_sensing/share/robot_sensing/launch/maze_world.launch.py
[61.560s] -- Up-to-date: /home/yusuf/ros2_wsn/install/robot_sensing/share/robot_sensing/launch/line_world.launch.py
[61.560s] -- Up-to-date: /home/yusuf/ros2_wsn/install/robot_sensing/share/robot_sensing/world
[61.561s] -- Up-to-date: /home/yusuf/ros2_wsn/install/robot_sensing/share/robot_sensing/world/maze.world
[61.562s] -- Up-to-date: /home/yusuf/ros2_wsn/install/robot_sensing/share/robot_sensing/world/linefollowing.world
[61.563s] -- Up-to-date: /home/yusuf/ros2_wsn/install/robot_sensing/share/ament_index/resource_index/package_run_dependencies/robot_sensing
[61.564s] -- Up-to-date: /home/yusuf/ros2_wsn/install/robot_sensing/share/ament_index/resource_index/parent_prefix_path/robot_sensing
[61.565s] -- Up-to-date: /home/yusuf/ros2_wsn/install/robot_sensing/share/robot_sensing/environment/ament_prefix_path.sh
[61.566s] -- Up-to-date: /home/yusuf/ros2_wsn/install/robot_sensing/share/robot_sensing/environment/ament_prefix_path.dsv
[61.567s] -- Up-to-date: /home/yusuf/ros2_wsn/install/robot_sensing/share/robot_sensing/environment/path.sh
[61.567s] -- Up-to-date: /home/yusuf/ros2_wsn/install/robot_sensing/share/robot_sensing/environment/path.dsv
[61.567s] -- Up-to-date: /home/yusuf/ros2_wsn/install/robot_sensing/share/robot_sensing/local_setup.bash
[61.568s] -- Up-to-date: /home/yusuf/ros2_wsn/install/robot_sensing/share/robot_sensing/local_setup.sh
[61.570s] -- Up-to-date: /home/yusuf/ros2_wsn/install/robot_sensing/share/robot_sensing/local_setup.zsh
[61.578s] -- Up-to-date: /home/yusuf/ros2_wsn/install/robot_sensing/share/robot_sensing/local_setup.dsv
[61.580s] -- Installing: /home/yusuf/ros2_wsn/install/robot_sensing/share/robot_sensing/package.dsv
[61.582s] -- Up-to-date: /home/yusuf/ros2_wsn/install/robot_sensing/share/ament_index/resource_index/packages/robot_sensing
[61.582s] -- Up-to-date: /home/yusuf/ros2_wsn/install/robot_sensing/share/robot_sensing/cmake/robot_sensingConfig.cmake
[61.583s] -- Up-to-date: /home/yusuf/ros2_wsn/install/robot_sensing/share/robot_sensing/cmake/robot_sensingConfig-version.cmake
[61.585s] -- Up-to-date: /home/yusuf/ros2_wsn/install/robot_sensing/share/robot_sensing/package.xml
[61.587s] Invoked command in '/home/yusuf/ros2_wsn/build/robot_sensing' returned '0': CMAKE_PREFIX_PATH=${CMAKE_PREFIX_PATH}:/opt/ros/humble /usr/bin/cmake --install /home/yusuf/ros2_wsn/build/robot_sensing
