[0.032s] Invoking command in '/home/yusuf/ros2_wsn/build/sensor_fusion': CMAKE_PREFIX_PATH=${CMAKE_PREFIX_PATH}:/opt/ros/humble /usr/bin/cmake --build /home/yusuf/ros2_wsn/build/sensor_fusion -- -j8 -l8
[0.104s] [35m[1mConsolidate compiler generated dependencies of target noise_kf[0m
[0.126s] [ 33%] Built target advanced_kf
[0.129s] [ 66%] Built target linear_kf
[0.150s] [100%] Built target noise_kf
[0.169s] Invoked command in '/home/yusuf/ros2_wsn/build/sensor_fusion' returned '0': CMAKE_PREFIX_PATH=${CMAKE_PREFIX_PATH}:/opt/ros/humble /usr/bin/cmake --build /home/yusuf/ros2_wsn/build/sensor_fusion -- -j8 -l8
[0.212s] Invoking command in '/home/yusuf/ros2_wsn/build/sensor_fusion': CMAKE_PREFIX_PATH=${CMAKE_PREFIX_PATH}:/opt/ros/humble /usr/bin/cmake --install /home/yusuf/ros2_wsn/build/sensor_fusion
[0.224s] -- Install configuration: ""
[0.224s] -- Up-to-date: /home/yusuf/ros2_wsn/install/sensor_fusion/lib/sensor_fusion/linear_kf
[0.227s] -- Up-to-date: /home/yusuf/ros2_wsn/install/sensor_fusion/lib/sensor_fusion/advanced_kf
[0.228s] -- Up-to-date: /home/yusuf/ros2_wsn/install/sensor_fusion/lib/sensor_fusion/noise_kf
[0.228s] -- Up-to-date: /home/yusuf/ros2_wsn/install/sensor_fusion/share/sensor_fusion/launch
[0.229s] -- Installing: /home/yusuf/ros2_wsn/install/sensor_fusion/share/sensor_fusion/launch/linear_kf.launch.py
[0.229s] -- Up-to-date: /home/yusuf/ros2_wsn/install/sensor_fusion/share/sensor_fusion/config
[0.230s] -- Up-to-date: /home/yusuf/ros2_wsn/install/sensor_fusion/share/sensor_fusion/config/kf.rviz
[0.230s] -- Up-to-date: /home/yusuf/ros2_wsn/install/sensor_fusion/share/ament_index/resource_index/package_run_dependencies/sensor_fusion
[0.230s] -- Up-to-date: /home/yusuf/ros2_wsn/install/sensor_fusion/share/ament_index/resource_index/parent_prefix_path/sensor_fusion
[0.230s] -- Up-to-date: /home/yusuf/ros2_wsn/install/sensor_fusion/share/sensor_fusion/environment/ament_prefix_path.sh
[0.230s] -- Up-to-date: /home/yusuf/ros2_wsn/install/sensor_fusion/share/sensor_fusion/environment/ament_prefix_path.dsv
[0.230s] -- Up-to-date: /home/yusuf/ros2_wsn/install/sensor_fusion/share/sensor_fusion/environment/path.sh
[0.231s] -- Up-to-date: /home/yusuf/ros2_wsn/install/sensor_fusion/share/sensor_fusion/environment/path.dsv
[0.231s] -- Up-to-date: /home/yusuf/ros2_wsn/install/sensor_fusion/share/sensor_fusion/local_setup.bash
[0.231s] -- Up-to-date: /home/yusuf/ros2_wsn/install/sensor_fusion/share/sensor_fusion/local_setup.sh
[0.231s] -- Up-to-date: /home/yusuf/ros2_wsn/install/sensor_fusion/share/sensor_fusion/local_setup.zsh
[0.231s] -- Up-to-date: /home/yusuf/ros2_wsn/install/sensor_fusion/share/sensor_fusion/local_setup.dsv
[0.231s] -- Installing: /home/yusuf/ros2_wsn/install/sensor_fusion/share/sensor_fusion/package.dsv
[0.232s] -- Up-to-date: /home/yusuf/ros2_wsn/install/sensor_fusion/share/ament_index/resource_index/packages/sensor_fusion
[0.232s] -- Up-to-date: /home/yusuf/ros2_wsn/install/sensor_fusion/share/sensor_fusion/cmake/sensor_fusionConfig.cmake
[0.232s] -- Up-to-date: /home/yusuf/ros2_wsn/install/sensor_fusion/share/sensor_fusion/cmake/sensor_fusionConfig-version.cmake
[0.232s] -- Up-to-date: /home/yusuf/ros2_wsn/install/sensor_fusion/share/sensor_fusion/package.xml
[0.242s] Invoked command in '/home/yusuf/ros2_wsn/build/sensor_fusion' returned '0': CMAKE_PREFIX_PATH=${CMAKE_PREFIX_PATH}:/opt/ros/humble /usr/bin/cmake --install /home/yusuf/ros2_wsn/build/sensor_fusion
