[0.099s] Invoking command in '/home/yusuf/ros2_wsn/build/robot_sensing': CMAKE_PREFIX_PATH=${CMAKE_PREFIX_PATH}:/opt/ros/humble /usr/bin/cmake --build /home/yusuf/ros2_wsn/build/robot_sensing -- -j8 -l8
[0.559s] [ 25%] Built target odom_kinematic
[0.594s] [ 50%] Built target line_following
[0.610s] [ 75%] Built target maze_lidar
[0.696s] [100%] Built target point_cloud_segmentation
[0.773s] Invoked command in '/home/yusuf/ros2_wsn/build/robot_sensing' returned '0': CMAKE_PREFIX_PATH=${CMAKE_PREFIX_PATH}:/opt/ros/humble /usr/bin/cmake --build /home/yusuf/ros2_wsn/build/robot_sensing -- -j8 -l8
[1.143s] Invoking command in '/home/yusuf/ros2_wsn/build/robot_sensing': CMAKE_PREFIX_PATH=${CMAKE_PREFIX_PATH}:/opt/ros/humble /usr/bin/cmake --install /home/yusuf/ros2_wsn/build/robot_sensing
[1.218s] -- Install configuration: ""
[1.228s] -- Up-to-date: /home/yusuf/ros2_wsn/install/robot_sensing/lib/robot_sensing/maze_lidar
[1.229s] -- Up-to-date: /home/yusuf/ros2_wsn/install/robot_sensing/lib/robot_sensing/odom_kinematic
[1.235s] -- Up-to-date: /home/yusuf/ros2_wsn/install/robot_sensing/lib/robot_sensing/line_following
[1.242s] -- Up-to-date: /home/yusuf/ros2_wsn/install/robot_sensing/lib/robot_sensing/point_cloud_segmentation
[1.242s] -- Up-to-date: /home/yusuf/ros2_wsn/install/robot_sensing/share/robot_sensing/launch
[1.243s] -- Up-to-date: /home/yusuf/ros2_wsn/install/robot_sensing/share/robot_sensing/launch/maze_world.launch.py
[1.243s] -- Up-to-date: /home/yusuf/ros2_wsn/install/robot_sensing/share/robot_sensing/launch/line_world.launch.py
[1.244s] -- Up-to-date: /home/yusuf/ros2_wsn/install/robot_sensing/share/robot_sensing/world
[1.244s] -- Up-to-date: /home/yusuf/ros2_wsn/install/robot_sensing/share/robot_sensing/world/maze.world
[1.245s] -- Up-to-date: /home/yusuf/ros2_wsn/install/robot_sensing/share/robot_sensing/world/linefollowing.world
[1.250s] -- Up-to-date: /home/yusuf/ros2_wsn/install/robot_sensing/share/ament_index/resource_index/package_run_dependencies/robot_sensing
[1.259s] -- Up-to-date: /home/yusuf/ros2_wsn/install/robot_sensing/share/ament_index/resource_index/parent_prefix_path/robot_sensing
[1.260s] -- Up-to-date: /home/yusuf/ros2_wsn/install/robot_sensing/share/robot_sensing/environment/ament_prefix_path.sh
[1.261s] -- Up-to-date: /home/yusuf/ros2_wsn/install/robot_sensing/share/robot_sensing/environment/ament_prefix_path.dsv
[1.262s] -- Up-to-date: /home/yusuf/ros2_wsn/install/robot_sensing/share/robot_sensing/environment/path.sh
[1.264s] -- Up-to-date: /home/yusuf/ros2_wsn/install/robot_sensing/share/robot_sensing/environment/path.dsv
[1.265s] -- Up-to-date: /home/yusuf/ros2_wsn/install/robot_sensing/share/robot_sensing/local_setup.bash
[1.265s] -- Up-to-date: /home/yusuf/ros2_wsn/install/robot_sensing/share/robot_sensing/local_setup.sh
[1.266s] -- Up-to-date: /home/yusuf/ros2_wsn/install/robot_sensing/share/robot_sensing/local_setup.zsh
[1.272s] -- Up-to-date: /home/yusuf/ros2_wsn/install/robot_sensing/share/robot_sensing/local_setup.dsv
[1.273s] -- Installing: /home/yusuf/ros2_wsn/install/robot_sensing/share/robot_sensing/package.dsv
[1.275s] -- Up-to-date: /home/yusuf/ros2_wsn/install/robot_sensing/share/ament_index/resource_index/packages/robot_sensing
[1.276s] -- Up-to-date: /home/yusuf/ros2_wsn/install/robot_sensing/share/robot_sensing/cmake/robot_sensingConfig.cmake
[1.278s] -- Up-to-date: /home/yusuf/ros2_wsn/install/robot_sensing/share/robot_sensing/cmake/robot_sensingConfig-version.cmake
[1.280s] -- Up-to-date: /home/yusuf/ros2_wsn/install/robot_sensing/share/robot_sensing/package.xml
[1.281s] Invoked command in '/home/yusuf/ros2_wsn/build/robot_sensing' returned '0': CMAKE_PREFIX_PATH=${CMAKE_PREFIX_PATH}:/opt/ros/humble /usr/bin/cmake --install /home/yusuf/ros2_wsn/build/robot_sensing
