-- Found ament_cmake: 1.3.9 (/opt/ros/humble/share/ament_cmake/cmake)
-- Found rclcpp: 16.0.9 (/opt/ros/humble/share/rclcpp/cmake)
-- Found rosidl_generator_c: 3.1.5 (/opt/ros/humble/share/rosidl_generator_c/cmake)
-- Found rosidl_adapter: 3.1.5 (/opt/ros/humble/share/rosidl_adapter/cmake)
-- Found rosidl_generator_cpp: 3.1.5 (/opt/ros/humble/share/rosidl_generator_cpp/cmake)
-- Using all available rosidl_typesupport_c: rosidl_typesupport_fastrtps_c;rosidl_typesupport_introspection_c
-- Using all available rosidl_typesupport_cpp: rosidl_typesupport_fastrtps_cpp;rosidl_typesupport_introspection_cpp
-- Found rmw_implementation_cmake: 6.1.2 (/opt/ros/humble/share/rmw_implementation_cmake/cmake)
-- Found rmw_fastrtps_cpp: 6.2.6 (/opt/ros/humble/share/rmw_fastrtps_cpp/cmake)
-- Using RMW implementation 'rmw_fastrtps_cpp' as default
-- Found geometry_msgs: 4.2.4 (/opt/ros/humble/share/geometry_msgs/cmake)
-- Found nav_msgs: 4.2.4 (/opt/ros/humble/share/nav_msgs/cmake)
-- Found tf2_ros: 0.25.7 (/opt/ros/humble/share/tf2_ros/cmake)
-- Found sensor_msgs: 4.2.4 (/opt/ros/humble/share/sensor_msgs/cmake)
-- Found cv_bridge: 3.2.1 (/opt/ros/humble/share/cv_bridge/cmake)
-- Found visualization_msgs: 4.2.4 (/opt/ros/humble/share/visualization_msgs/cmake)
-- Configuring done
-- Generating done
-- Build files have been written to: /home/yusuf/ros2_wsn/build/sensor_fusion
[ 50%] [32mBuilding CXX object CMakeFiles/linear_kf.dir/src/linear_kf.cpp.o[0m
[100%] [32m[1mLinking CXX executable linear_kf[0m
[100%] Built target linear_kf
-- Install configuration: ""
-- Installing: /home/yusuf/ros2_wsn/install/sensor_fusion/lib/sensor_fusion/linear_kf
-- Set runtime path of "/home/yusuf/ros2_wsn/install/sensor_fusion/lib/sensor_fusion/linear_kf" to ""
-- Installing: /home/yusuf/ros2_wsn/install/sensor_fusion/share/sensor_fusion/launch
-- Installing: /home/yusuf/ros2_wsn/install/sensor_fusion/share/sensor_fusion/launch/linear_kf.launch.py
-- Installing: /home/yusuf/ros2_wsn/install/sensor_fusion/share/sensor_fusion/config
-- Installing: /home/yusuf/ros2_wsn/install/sensor_fusion/share/ament_index/resource_index/package_run_dependencies/sensor_fusion
-- Installing: /home/yusuf/ros2_wsn/install/sensor_fusion/share/ament_index/resource_index/parent_prefix_path/sensor_fusion
-- Installing: /home/yusuf/ros2_wsn/install/sensor_fusion/share/sensor_fusion/environment/ament_prefix_path.sh
-- Installing: /home/yusuf/ros2_wsn/install/sensor_fusion/share/sensor_fusion/environment/ament_prefix_path.dsv
-- Installing: /home/yusuf/ros2_wsn/install/sensor_fusion/share/sensor_fusion/environment/path.sh
-- Installing: /home/yusuf/ros2_wsn/install/sensor_fusion/share/sensor_fusion/environment/path.dsv
-- Installing: /home/yusuf/ros2_wsn/install/sensor_fusion/share/sensor_fusion/local_setup.bash
-- Installing: /home/yusuf/ros2_wsn/install/sensor_fusion/share/sensor_fusion/local_setup.sh
-- Installing: /home/yusuf/ros2_wsn/install/sensor_fusion/share/sensor_fusion/local_setup.zsh
-- Installing: /home/yusuf/ros2_wsn/install/sensor_fusion/share/sensor_fusion/local_setup.dsv
-- Installing: /home/yusuf/ros2_wsn/install/sensor_fusion/share/sensor_fusion/package.dsv
-- Installing: /home/yusuf/ros2_wsn/install/sensor_fusion/share/ament_index/resource_index/packages/sensor_fusion
-- Installing: /home/yusuf/ros2_wsn/install/sensor_fusion/share/sensor_fusion/cmake/sensor_fusionConfig.cmake
-- Installing: /home/yusuf/ros2_wsn/install/sensor_fusion/share/sensor_fusion/cmake/sensor_fusionConfig-version.cmake
-- Installing: /home/yusuf/ros2_wsn/install/sensor_fusion/share/sensor_fusion/package.xml
