[0.085s] Invoking command in '/home/yusuf/ros2_wsn/build/sensor_fusion': CMAKE_PREFIX_PATH=${CMAKE_PREFIX_PATH}:/opt/ros/humble /usr/bin/cmake --build /home/yusuf/ros2_wsn/build/sensor_fusion -- -j8 -l8
[0.385s] [ 33%] Built target advanced_kf
[0.414s] [ 66%] Built target linear_kf
[0.430s] [100%] Built target noise_kf
[0.480s] Invoked command in '/home/yusuf/ros2_wsn/build/sensor_fusion' returned '0': CMAKE_PREFIX_PATH=${CMAKE_PREFIX_PATH}:/opt/ros/humble /usr/bin/cmake --build /home/yusuf/ros2_wsn/build/sensor_fusion -- -j8 -l8
[0.640s] Invoking command in '/home/yusuf/ros2_wsn/build/sensor_fusion': CMAKE_PREFIX_PATH=${CMAKE_PREFIX_PATH}:/opt/ros/humble /usr/bin/cmake --install /home/yusuf/ros2_wsn/build/sensor_fusion
[0.692s] -- Install configuration: ""
[0.692s] -- Up-to-date: /home/yusuf/ros2_wsn/install/sensor_fusion/lib/sensor_fusion/linear_kf
[0.694s] -- Up-to-date: /home/yusuf/ros2_wsn/install/sensor_fusion/lib/sensor_fusion/advanced_kf
[0.697s] -- Up-to-date: /home/yusuf/ros2_wsn/install/sensor_fusion/lib/sensor_fusion/noise_kf
[0.698s] -- Up-to-date: /home/yusuf/ros2_wsn/install/sensor_fusion/share/sensor_fusion/launch
[0.701s] -- Up-to-date: /home/yusuf/ros2_wsn/install/sensor_fusion/share/sensor_fusion/launch/linear_kf.launch.py
[0.702s] -- Installing: /home/yusuf/ros2_wsn/install/sensor_fusion/share/sensor_fusion/launch/tb3_ekf.launch.py
[0.704s] -- Up-to-date: /home/yusuf/ros2_wsn/install/sensor_fusion/share/sensor_fusion/config
[0.704s] -- Up-to-date: /home/yusuf/ros2_wsn/install/sensor_fusion/share/sensor_fusion/config/tb3_ekf.yaml
[0.707s] -- Up-to-date: /home/yusuf/ros2_wsn/install/sensor_fusion/share/sensor_fusion/config/kf.rviz
[0.708s] -- Up-to-date: /home/yusuf/ros2_wsn/install/sensor_fusion/share/ament_index/resource_index/package_run_dependencies/sensor_fusion
[0.709s] -- Up-to-date: /home/yusuf/ros2_wsn/install/sensor_fusion/share/ament_index/resource_index/parent_prefix_path/sensor_fusion
[0.722s] -- Up-to-date: /home/yusuf/ros2_wsn/install/sensor_fusion/share/sensor_fusion/environment/ament_prefix_path.sh
[0.723s] -- Up-to-date: /home/yusuf/ros2_wsn/install/sensor_fusion/share/sensor_fusion/environment/ament_prefix_path.dsv
[0.725s] -- Up-to-date: /home/yusuf/ros2_wsn/install/sensor_fusion/share/sensor_fusion/environment/path.sh
[0.726s] -- Up-to-date: /home/yusuf/ros2_wsn/install/sensor_fusion/share/sensor_fusion/environment/path.dsv
[0.728s] -- Up-to-date: /home/yusuf/ros2_wsn/install/sensor_fusion/share/sensor_fusion/local_setup.bash
[0.729s] -- Up-to-date: /home/yusuf/ros2_wsn/install/sensor_fusion/share/sensor_fusion/local_setup.sh
[0.731s] -- Up-to-date: /home/yusuf/ros2_wsn/install/sensor_fusion/share/sensor_fusion/local_setup.zsh
[0.736s] -- Up-to-date: /home/yusuf/ros2_wsn/install/sensor_fusion/share/sensor_fusion/local_setup.dsv
[0.737s] -- Installing: /home/yusuf/ros2_wsn/install/sensor_fusion/share/sensor_fusion/package.dsv
[0.747s] -- Up-to-date: /home/yusuf/ros2_wsn/install/sensor_fusion/share/ament_index/resource_index/packages/sensor_fusion
[0.747s] -- Up-to-date: /home/yusuf/ros2_wsn/install/sensor_fusion/share/sensor_fusion/cmake/sensor_fusionConfig.cmake
[0.748s] -- Up-to-date: /home/yusuf/ros2_wsn/install/sensor_fusion/share/sensor_fusion/cmake/sensor_fusionConfig-version.cmake
[0.748s] -- Up-to-date: /home/yusuf/ros2_wsn/install/sensor_fusion/share/sensor_fusion/package.xml
[0.802s] Invoked command in '/home/yusuf/ros2_wsn/build/sensor_fusion' returned '0': CMAKE_PREFIX_PATH=${CMAKE_PREFIX_PATH}:/opt/ros/humble /usr/bin/cmake --install /home/yusuf/ros2_wsn/build/sensor_fusion
