[0.893s] DEBUG:colcon:Command line arguments: ['/usr/bin/colcon', 'build', '--packages-select', 'robot_sensing']
[0.894s] DEBUG:colcon:Parsed command line arguments: Namespace(log_base=None, log_level=None, verb_name='build', build_base='build', install_base='install', merge_install=False, symlink_install=False, test_result_base=None, continue_on_error=False, executor='parallel', parallel_workers=8, event_handlers=None, ignore_user_meta=False, metas=['./colcon.meta'], base_paths=['.'], packages_ignore=None, packages_ignore_regex=None, paths=None, packages_up_to=None, packages_up_to_regex=None, packages_above=None, packages_above_and_dependencies=None, packages_above_depth=None, packages_select_by_dep=None, packages_skip_by_dep=None, packages_skip_up_to=None, packages_select_build_failed=False, packages_skip_build_finished=False, packages_select_test_failures=False, packages_skip_test_passed=False, packages_select=['robot_sensing'], packages_skip=None, packages_select_regex=None, packages_skip_regex=None, packages_start=None, packages_end=None, allow_overriding=[], cmake_args=None, cmake_target=None, cmake_target_skip_unavailable=False, cmake_clean_cache=False, cmake_clean_first=False, cmake_force_configure=False, ament_cmake_args=None, catkin_cmake_args=None, catkin_skip_building_tests=False, verb_parser=<colcon_defaults.argument_parser.defaults.DefaultArgumentsDecorator object at 0x72e2eb152ad0>, verb_extension=<colcon_core.verb.build.BuildVerb object at 0x72e2eb152410>, main=<bound method BuildVerb.main of <colcon_core.verb.build.BuildVerb object at 0x72e2eb152410>>)
[2.713s] Level 1:colcon.colcon_core.package_discovery:discover_packages(colcon_meta) check parameters
[2.716s] Level 1:colcon.colcon_core.package_discovery:discover_packages(recursive) check parameters
[2.717s] Level 1:colcon.colcon_core.package_discovery:discover_packages(ignore) check parameters
[2.717s] Level 1:colcon.colcon_core.package_discovery:discover_packages(path) check parameters
[2.718s] Level 1:colcon.colcon_core.package_discovery:discover_packages(colcon_meta) discover
[2.718s] Level 1:colcon.colcon_core.package_discovery:discover_packages(recursive) discover
[2.719s] INFO:colcon.colcon_core.package_discovery:Crawling recursively for packages in '/home/yusuf/ros2_wsn'
[2.719s] Level 1:colcon.colcon_core.package_identification:_identify(.) by extensions ['ignore', 'ignore_ament_install']
[2.720s] Level 1:colcon.colcon_core.package_identification:_identify(.) by extension 'ignore'
[2.721s] Level 1:colcon.colcon_core.package_identification:_identify(.) by extension 'ignore_ament_install'
[2.722s] Level 1:colcon.colcon_core.package_identification:_identify(.) by extensions ['colcon_pkg']
[2.723s] Level 1:colcon.colcon_core.package_identification:_identify(.) by extension 'colcon_pkg'
[2.723s] Level 1:colcon.colcon_core.package_identification:_identify(.) by extensions ['colcon_meta']
[2.723s] Level 1:colcon.colcon_core.package_identification:_identify(.) by extension 'colcon_meta'
[2.724s] Level 1:colcon.colcon_core.package_identification:_identify(.) by extensions ['ros']
[2.724s] Level 1:colcon.colcon_core.package_identification:_identify(.) by extension 'ros'
[2.812s] Level 1:colcon.colcon_core.package_identification:_identify(.) by extensions ['cmake', 'python']
[2.813s] Level 1:colcon.colcon_core.package_identification:_identify(.) by extension 'cmake'
[2.813s] Level 1:colcon.colcon_core.package_identification:_identify(.) by extension 'python'
[2.813s] Level 1:colcon.colcon_core.package_identification:_identify(.) by extensions ['python_setup_py']
[2.814s] Level 1:colcon.colcon_core.package_identification:_identify(.) by extension 'python_setup_py'
[2.815s] Level 1:colcon.colcon_core.package_identification:_identify(build) by extensions ['ignore', 'ignore_ament_install']
[2.815s] Level 1:colcon.colcon_core.package_identification:_identify(build) by extension 'ignore'
[2.816s] Level 1:colcon.colcon_core.package_identification:_identify(build) ignored
[2.816s] Level 1:colcon.colcon_core.package_identification:_identify(install) by extensions ['ignore', 'ignore_ament_install']
[2.817s] Level 1:colcon.colcon_core.package_identification:_identify(install) by extension 'ignore'
[2.818s] Level 1:colcon.colcon_core.package_identification:_identify(install) ignored
[2.818s] Level 1:colcon.colcon_core.package_identification:_identify(log) by extensions ['ignore', 'ignore_ament_install']
[2.819s] Level 1:colcon.colcon_core.package_identification:_identify(log) by extension 'ignore'
[2.820s] Level 1:colcon.colcon_core.package_identification:_identify(log) ignored
[2.821s] Level 1:colcon.colcon_core.package_identification:_identify(src) by extensions ['ignore', 'ignore_ament_install']
[2.822s] Level 1:colcon.colcon_core.package_identification:_identify(src) by extension 'ignore'
[2.822s] Level 1:colcon.colcon_core.package_identification:_identify(src) by extension 'ignore_ament_install'
[2.823s] Level 1:colcon.colcon_core.package_identification:_identify(src) by extensions ['colcon_pkg']
[2.823s] Level 1:colcon.colcon_core.package_identification:_identify(src) by extension 'colcon_pkg'
[2.823s] Level 1:colcon.colcon_core.package_identification:_identify(src) by extensions ['colcon_meta']
[2.823s] Level 1:colcon.colcon_core.package_identification:_identify(src) by extension 'colcon_meta'
[2.824s] Level 1:colcon.colcon_core.package_identification:_identify(src) by extensions ['ros']
[2.824s] Level 1:colcon.colcon_core.package_identification:_identify(src) by extension 'ros'
[2.825s] Level 1:colcon.colcon_core.package_identification:_identify(src) by extensions ['cmake', 'python']
[2.825s] Level 1:colcon.colcon_core.package_identification:_identify(src) by extension 'cmake'
[2.825s] Level 1:colcon.colcon_core.package_identification:_identify(src) by extension 'python'
[2.825s] Level 1:colcon.colcon_core.package_identification:_identify(src) by extensions ['python_setup_py']
[2.826s] Level 1:colcon.colcon_core.package_identification:_identify(src) by extension 'python_setup_py'
[2.826s] Level 1:colcon.colcon_core.package_identification:_identify(src/control_systems) by extensions ['ignore', 'ignore_ament_install']
[2.827s] Level 1:colcon.colcon_core.package_identification:_identify(src/control_systems) by extension 'ignore'
[2.828s] Level 1:colcon.colcon_core.package_identification:_identify(src/control_systems) by extension 'ignore_ament_install'
[2.829s] Level 1:colcon.colcon_core.package_identification:_identify(src/control_systems) by extensions ['colcon_pkg']
[2.830s] Level 1:colcon.colcon_core.package_identification:_identify(src/control_systems) by extension 'colcon_pkg'
[2.831s] Level 1:colcon.colcon_core.package_identification:_identify(src/control_systems) by extensions ['colcon_meta']
[2.832s] Level 1:colcon.colcon_core.package_identification:_identify(src/control_systems) by extension 'colcon_meta'
[2.832s] Level 1:colcon.colcon_core.package_identification:_identify(src/control_systems) by extensions ['ros']
[2.832s] Level 1:colcon.colcon_core.package_identification:_identify(src/control_systems) by extension 'ros'
[2.850s] DEBUG:colcon.colcon_core.package_identification:Package 'src/control_systems' with type 'ros.ament_cmake' and name 'control_systems'
[2.851s] Level 1:colcon.colcon_core.package_identification:_identify(src/robot_sensing) by extensions ['ignore', 'ignore_ament_install']
[2.851s] Level 1:colcon.colcon_core.package_identification:_identify(src/robot_sensing) by extension 'ignore'
[2.852s] Level 1:colcon.colcon_core.package_identification:_identify(src/robot_sensing) by extension 'ignore_ament_install'
[2.852s] Level 1:colcon.colcon_core.package_identification:_identify(src/robot_sensing) by extensions ['colcon_pkg']
[2.852s] Level 1:colcon.colcon_core.package_identification:_identify(src/robot_sensing) by extension 'colcon_pkg'
[2.852s] Level 1:colcon.colcon_core.package_identification:_identify(src/robot_sensing) by extensions ['colcon_meta']
[2.853s] Level 1:colcon.colcon_core.package_identification:_identify(src/robot_sensing) by extension 'colcon_meta'
[2.853s] Level 1:colcon.colcon_core.package_identification:_identify(src/robot_sensing) by extensions ['ros']
[2.853s] Level 1:colcon.colcon_core.package_identification:_identify(src/robot_sensing) by extension 'ros'
[2.856s] DEBUG:colcon.colcon_core.package_identification:Package 'src/robot_sensing' with type 'ros.ament_cmake' and name 'robot_sensing'
[2.857s] Level 1:colcon.colcon_core.package_discovery:discover_packages(recursive) using defaults
[2.857s] Level 1:colcon.colcon_core.package_discovery:discover_packages(ignore) discover
[2.857s] Level 1:colcon.colcon_core.package_discovery:discover_packages(ignore) using defaults
[2.857s] Level 1:colcon.colcon_core.package_discovery:discover_packages(path) discover
[2.858s] Level 1:colcon.colcon_core.package_discovery:discover_packages(path) using defaults
[3.064s] INFO:colcon.colcon_core.package_selection:Skipping not selected package 'control_systems' in 'src/control_systems'
[3.069s] Level 1:colcon.colcon_core.package_discovery:discover_packages(prefix_path) check parameters
[3.069s] Level 1:colcon.colcon_core.package_discovery:discover_packages(prefix_path) discover
[3.083s] DEBUG:colcon.colcon_installed_package_information.package_discovery:Found 2 installed packages in /home/yusuf/ros2_wsn/install
[3.089s] DEBUG:colcon.colcon_installed_package_information.package_discovery:Found 11 installed packages in /home/yusuf/assignment_ws/install
[3.104s] DEBUG:colcon.colcon_installed_package_information.package_discovery:Found 426 installed packages in /opt/ros/humble
[3.119s] Level 1:colcon.colcon_core.package_discovery:discover_packages(prefix_path) using defaults
[3.638s] Level 5:colcon.colcon_core.verb:set package 'robot_sensing' build argument 'cmake_args' from command line to 'None'
[3.638s] Level 5:colcon.colcon_core.verb:set package 'robot_sensing' build argument 'cmake_target' from command line to 'None'
[3.639s] Level 5:colcon.colcon_core.verb:set package 'robot_sensing' build argument 'cmake_target_skip_unavailable' from command line to 'False'
[3.639s] Level 5:colcon.colcon_core.verb:set package 'robot_sensing' build argument 'cmake_clean_cache' from command line to 'False'
[3.639s] Level 5:colcon.colcon_core.verb:set package 'robot_sensing' build argument 'cmake_clean_first' from command line to 'False'
[3.639s] Level 5:colcon.colcon_core.verb:set package 'robot_sensing' build argument 'cmake_force_configure' from command line to 'False'
[3.640s] Level 5:colcon.colcon_core.verb:set package 'robot_sensing' build argument 'ament_cmake_args' from command line to 'None'
[3.640s] Level 5:colcon.colcon_core.verb:set package 'robot_sensing' build argument 'catkin_cmake_args' from command line to 'None'
[3.642s] Level 5:colcon.colcon_core.verb:set package 'robot_sensing' build argument 'catkin_skip_building_tests' from command line to 'False'
[3.642s] DEBUG:colcon.colcon_core.verb:Building package 'robot_sensing' with the following arguments: {'ament_cmake_args': None, 'build_base': '/home/yusuf/ros2_wsn/build/robot_sensing', 'catkin_cmake_args': None, 'catkin_skip_building_tests': False, 'cmake_args': None, 'cmake_clean_cache': False, 'cmake_clean_first': False, 'cmake_force_configure': False, 'cmake_target': None, 'cmake_target_skip_unavailable': False, 'install_base': '/home/yusuf/ros2_wsn/install/robot_sensing', 'merge_install': False, 'path': '/home/yusuf/ros2_wsn/src/robot_sensing', 'symlink_install': False, 'test_result_base': None}
[3.644s] INFO:colcon.colcon_core.executor:Executing jobs using 'parallel' executor
[3.652s] DEBUG:colcon.colcon_parallel_executor.executor.parallel:run_until_complete
[3.654s] INFO:colcon.colcon_ros.task.ament_cmake.build:Building ROS package in '/home/yusuf/ros2_wsn/src/robot_sensing' with build type 'ament_cmake'
[3.655s] INFO:colcon.colcon_cmake.task.cmake.build:Building CMake package in '/home/yusuf/ros2_wsn/src/robot_sensing'
[3.676s] INFO:colcon.colcon_core.plugin_system:Skipping extension 'colcon_core.shell.bat': Not used on non-Windows systems
[3.677s] INFO:colcon.colcon_core.shell:Skip shell extension 'powershell' for command environment: Not usable outside of PowerShell
[3.677s] DEBUG:colcon.colcon_core.shell:Skip shell extension 'dsv' for command environment
[3.761s] DEBUG:colcon.colcon_core.event_handler.log_command:Invoking command in '/home/yusuf/ros2_wsn/build/robot_sensing': CMAKE_PREFIX_PATH=${CMAKE_PREFIX_PATH}:/opt/ros/humble /usr/bin/cmake --build /home/yusuf/ros2_wsn/build/robot_sensing -- -j8 -l8
[4.433s] DEBUG:colcon.colcon_core.event_handler.log_command:Invoked command in '/home/yusuf/ros2_wsn/build/robot_sensing' returned '0': CMAKE_PREFIX_PATH=${CMAKE_PREFIX_PATH}:/opt/ros/humble /usr/bin/cmake --build /home/yusuf/ros2_wsn/build/robot_sensing -- -j8 -l8
[4.803s] DEBUG:colcon.colcon_core.event_handler.log_command:Invoking command in '/home/yusuf/ros2_wsn/build/robot_sensing': CMAKE_PREFIX_PATH=${CMAKE_PREFIX_PATH}:/opt/ros/humble /usr/bin/cmake --install /home/yusuf/ros2_wsn/build/robot_sensing
[4.910s] Level 1:colcon.colcon_core.environment:create_environment_scripts_only(robot_sensing)
[4.941s] DEBUG:colcon.colcon_core.event_handler.log_command:Invoked command in '/home/yusuf/ros2_wsn/build/robot_sensing' returned '0': CMAKE_PREFIX_PATH=${CMAKE_PREFIX_PATH}:/opt/ros/humble /usr/bin/cmake --install /home/yusuf/ros2_wsn/build/robot_sensing
[4.945s] Level 1:colcon.colcon_core.environment:checking '/home/yusuf/ros2_wsn/install/robot_sensing' for CMake module files
[4.949s] Level 1:colcon.colcon_core.environment:checking '/home/yusuf/ros2_wsn/install/robot_sensing' for CMake config files
[4.953s] Level 1:colcon.colcon_core.shell:create_environment_hook('robot_sensing', 'cmake_prefix_path')
[4.955s] INFO:colcon.colcon_core.shell:Creating environment hook '/home/yusuf/ros2_wsn/install/robot_sensing/share/robot_sensing/hook/cmake_prefix_path.ps1'
[4.961s] INFO:colcon.colcon_core.shell:Creating environment descriptor '/home/yusuf/ros2_wsn/install/robot_sensing/share/robot_sensing/hook/cmake_prefix_path.dsv'
[4.965s] INFO:colcon.colcon_core.shell:Creating environment hook '/home/yusuf/ros2_wsn/install/robot_sensing/share/robot_sensing/hook/cmake_prefix_path.sh'
[4.971s] Level 1:colcon.colcon_core.environment:checking '/home/yusuf/ros2_wsn/install/robot_sensing/lib'
[4.974s] Level 1:colcon.colcon_core.environment:checking '/home/yusuf/ros2_wsn/install/robot_sensing/bin'
[4.974s] Level 1:colcon.colcon_core.environment:checking '/home/yusuf/ros2_wsn/install/robot_sensing/lib/pkgconfig/robot_sensing.pc'
[4.975s] Level 1:colcon.colcon_core.environment:checking '/home/yusuf/ros2_wsn/install/robot_sensing/lib/python3.10/site-packages'
[4.977s] Level 1:colcon.colcon_core.environment:checking '/home/yusuf/ros2_wsn/install/robot_sensing/bin'
[4.983s] INFO:colcon.colcon_core.shell:Creating package script '/home/yusuf/ros2_wsn/install/robot_sensing/share/robot_sensing/package.ps1'
[4.998s] INFO:colcon.colcon_core.shell:Creating package descriptor '/home/yusuf/ros2_wsn/install/robot_sensing/share/robot_sensing/package.dsv'
[5.004s] INFO:colcon.colcon_core.shell:Creating package script '/home/yusuf/ros2_wsn/install/robot_sensing/share/robot_sensing/package.sh'
[5.009s] INFO:colcon.colcon_core.shell:Creating package script '/home/yusuf/ros2_wsn/install/robot_sensing/share/robot_sensing/package.bash'
[5.014s] INFO:colcon.colcon_core.shell:Creating package script '/home/yusuf/ros2_wsn/install/robot_sensing/share/robot_sensing/package.zsh'
[5.020s] Level 1:colcon.colcon_core.environment:create_file_with_runtime_dependencies(/home/yusuf/ros2_wsn/install/robot_sensing/share/colcon-core/packages/robot_sensing)
[5.473s] Level 1:colcon.colcon_core.environment:create_environment_scripts_only(robot_sensing)
[5.475s] Level 1:colcon.colcon_core.environment:checking '/home/yusuf/ros2_wsn/install/robot_sensing' for CMake module files
[5.479s] Level 1:colcon.colcon_core.environment:checking '/home/yusuf/ros2_wsn/install/robot_sensing' for CMake config files
[5.481s] Level 1:colcon.colcon_core.shell:create_environment_hook('robot_sensing', 'cmake_prefix_path')
[5.482s] INFO:colcon.colcon_core.shell:Creating environment hook '/home/yusuf/ros2_wsn/install/robot_sensing/share/robot_sensing/hook/cmake_prefix_path.ps1'
[5.507s] INFO:colcon.colcon_core.shell:Creating environment descriptor '/home/yusuf/ros2_wsn/install/robot_sensing/share/robot_sensing/hook/cmake_prefix_path.dsv'
[5.515s] INFO:colcon.colcon_core.shell:Creating environment hook '/home/yusuf/ros2_wsn/install/robot_sensing/share/robot_sensing/hook/cmake_prefix_path.sh'
[5.524s] Level 1:colcon.colcon_core.environment:checking '/home/yusuf/ros2_wsn/install/robot_sensing/lib'
[5.524s] Level 1:colcon.colcon_core.environment:checking '/home/yusuf/ros2_wsn/install/robot_sensing/bin'
[5.525s] Level 1:colcon.colcon_core.environment:checking '/home/yusuf/ros2_wsn/install/robot_sensing/lib/pkgconfig/robot_sensing.pc'
[5.531s] Level 1:colcon.colcon_core.environment:checking '/home/yusuf/ros2_wsn/install/robot_sensing/lib/python3.10/site-packages'
[5.534s] Level 1:colcon.colcon_core.environment:checking '/home/yusuf/ros2_wsn/install/robot_sensing/bin'
[5.549s] INFO:colcon.colcon_core.shell:Creating package script '/home/yusuf/ros2_wsn/install/robot_sensing/share/robot_sensing/package.ps1'
[5.556s] INFO:colcon.colcon_core.shell:Creating package descriptor '/home/yusuf/ros2_wsn/install/robot_sensing/share/robot_sensing/package.dsv'
[5.572s] INFO:colcon.colcon_core.shell:Creating package script '/home/yusuf/ros2_wsn/install/robot_sensing/share/robot_sensing/package.sh'
[5.582s] INFO:colcon.colcon_core.shell:Creating package script '/home/yusuf/ros2_wsn/install/robot_sensing/share/robot_sensing/package.bash'
[5.602s] INFO:colcon.colcon_core.shell:Creating package script '/home/yusuf/ros2_wsn/install/robot_sensing/share/robot_sensing/package.zsh'
[5.609s] Level 1:colcon.colcon_core.environment:create_file_with_runtime_dependencies(/home/yusuf/ros2_wsn/install/robot_sensing/share/colcon-core/packages/robot_sensing)
[5.614s] DEBUG:colcon.colcon_parallel_executor.executor.parallel:closing loop
[5.620s] DEBUG:colcon.colcon_parallel_executor.executor.parallel:loop closed
[5.620s] DEBUG:colcon.colcon_parallel_executor.executor.parallel:run_until_complete finished with '0'
[5.621s] DEBUG:colcon.colcon_core.event_reactor:joining thread
[5.653s] INFO:colcon.colcon_core.plugin_system:Skipping extension 'colcon_notification.desktop_notification.notify_send': Could not find 'notify-send'
[5.655s] INFO:colcon.colcon_core.plugin_system:Skipping extension 'colcon_notification.desktop_notification.terminal_notifier': Not used on non-Darwin systems
[5.659s] INFO:colcon.colcon_core.plugin_system:Skipping extension 'colcon_notification.desktop_notification.win32': Not used on non-Windows systems
[5.660s] INFO:colcon.colcon_notification.desktop_notification:Sending desktop notification using 'notify2'
[5.668s] DEBUG:colcon.colcon_notification.desktop_notification.notify2:Failed to initialize notify2: org.freedesktop.DBus.Error.ServiceUnknown: The name org.freedesktop.Notifications was not provided by any .service files
[5.670s] DEBUG:colcon.colcon_core.event_reactor:joined thread
[5.671s] INFO:colcon.colcon_core.shell:Creating prefix script '/home/yusuf/ros2_wsn/install/local_setup.ps1'
[5.678s] INFO:colcon.colcon_core.shell:Creating prefix util module '/home/yusuf/ros2_wsn/install/_local_setup_util_ps1.py'
[5.694s] INFO:colcon.colcon_core.shell:Creating prefix chain script '/home/yusuf/ros2_wsn/install/setup.ps1'
[5.709s] INFO:colcon.colcon_core.shell:Creating prefix script '/home/yusuf/ros2_wsn/install/local_setup.sh'
[5.712s] INFO:colcon.colcon_core.shell:Creating prefix util module '/home/yusuf/ros2_wsn/install/_local_setup_util_sh.py'
[5.715s] INFO:colcon.colcon_core.shell:Creating prefix chain script '/home/yusuf/ros2_wsn/install/setup.sh'
[5.727s] INFO:colcon.colcon_core.shell:Creating prefix script '/home/yusuf/ros2_wsn/install/local_setup.bash'
[5.731s] INFO:colcon.colcon_core.shell:Creating prefix chain script '/home/yusuf/ros2_wsn/install/setup.bash'
[5.745s] INFO:colcon.colcon_core.shell:Creating prefix script '/home/yusuf/ros2_wsn/install/local_setup.zsh'
[5.751s] INFO:colcon.colcon_core.shell:Creating prefix chain script '/home/yusuf/ros2_wsn/install/setup.zsh'
