[0.040s] Invoking command in '/home/yusuf/ros2_wsn/build/control_systems': CMAKE_PREFIX_PATH=/opt/ros/humble /usr/bin/cmake --build /home/yusuf/ros2_wsn/build/control_systems -- -j8 -l8
[0.098s] -- Found ament_cmake: 1.3.10 (/opt/ros/humble/share/ament_cmake/cmake)
[0.334s] -- Found rclcpp: 16.0.10 (/opt/ros/humble/share/rclcpp/cmake)
[0.393s] -- Found rosidl_generator_c: 3.1.5 (/opt/ros/humble/share/rosidl_generator_c/cmake)
[0.399s] -- Found rosidl_adapter: 3.1.5 (/opt/ros/humble/share/rosidl_adapter/cmake)
[0.410s] -- Found rosidl_generator_cpp: 3.1.5 (/opt/ros/humble/share/rosidl_generator_cpp/cmake)
[0.444s] -- Using all available rosidl_typesupport_c: rosidl_typesupport_fastrtps_c;rosidl_typesupport_introspection_c
[0.476s] -- Using all available rosidl_typesupport_cpp: rosidl_typesupport_fastrtps_cpp;rosidl_typesupport_introspection_cpp
[0.559s] -- Found rmw_implementation_cmake: 6.1.2 (/opt/ros/humble/share/rmw_implementation_cmake/cmake)
[0.562s] -- Found rmw_fastrtps_cpp: 6.2.7 (/opt/ros/humble/share/rmw_fastrtps_cpp/cmake)
[0.795s] -- Using RMW implementation 'rmw_fastrtps_cpp' as default
[0.919s] -- Found geometry_msgs: 4.2.4 (/opt/ros/humble/share/geometry_msgs/cmake)
[0.943s] -- Found nav_msgs: 4.2.4 (/opt/ros/humble/share/nav_msgs/cmake)
[0.970s] -- Found tf2_ros: 0.25.7 (/opt/ros/humble/share/tf2_ros/cmake)
[1.259s] -- Configuring done
[1.285s] -- Generating done
[1.288s] -- Build files have been written to: /home/yusuf/ros2_wsn/build/control_systems
[1.329s] [35m[1mConsolidate compiler generated dependencies of target goal_linear[0m
[1.337s] [35m[1mConsolidate compiler generated dependencies of target goal_planner[0m
[1.358s] [ 50%] Built target goal_linear
[1.364s] [100%] Built target goal_planner
[1.378s] Invoked command in '/home/yusuf/ros2_wsn/build/control_systems' returned '0': CMAKE_PREFIX_PATH=/opt/ros/humble /usr/bin/cmake --build /home/yusuf/ros2_wsn/build/control_systems -- -j8 -l8
[1.437s] Invoking command in '/home/yusuf/ros2_wsn/build/control_systems': CMAKE_PREFIX_PATH=/opt/ros/humble /usr/bin/cmake --install /home/yusuf/ros2_wsn/build/control_systems
[1.448s] -- Install configuration: ""
[1.448s] -- Up-to-date: /home/yusuf/ros2_wsn/install/control_systems/lib/control_systems/goal_linear
[1.449s] -- Up-to-date: /home/yusuf/ros2_wsn/install/control_systems/lib/control_systems/goal_planner
[1.450s] -- Up-to-date: /home/yusuf/ros2_wsn/install/control_systems/share/control_systems/launch
[1.450s] -- Up-to-date: /home/yusuf/ros2_wsn/install/control_systems/share/control_systems/launch/velocity_controller.launch.py
[1.451s] -- Up-to-date: /home/yusuf/ros2_wsn/install/control_systems/share/control_systems/urdf
[1.451s] -- Up-to-date: /home/yusuf/ros2_wsn/install/control_systems/share/control_systems/urdf/diff_drive_vel.urdf
[1.452s] -- Up-to-date: /home/yusuf/ros2_wsn/install/control_systems/share/control_systems/urdf/diff_sens.urdf
[1.452s] -- Up-to-date: /home/yusuf/ros2_wsn/install/control_systems/share/ament_index/resource_index/package_run_dependencies/control_systems
[1.452s] -- Up-to-date: /home/yusuf/ros2_wsn/install/control_systems/share/ament_index/resource_index/parent_prefix_path/control_systems
[1.453s] -- Installing: /home/yusuf/ros2_wsn/install/control_systems/share/control_systems/environment/ament_prefix_path.sh
[1.453s] -- Installing: /home/yusuf/ros2_wsn/install/control_systems/share/control_systems/environment/ament_prefix_path.dsv
[1.453s] -- Installing: /home/yusuf/ros2_wsn/install/control_systems/share/control_systems/environment/path.sh
[1.454s] -- Installing: /home/yusuf/ros2_wsn/install/control_systems/share/control_systems/environment/path.dsv
[1.454s] -- Up-to-date: /home/yusuf/ros2_wsn/install/control_systems/share/control_systems/local_setup.bash
[1.454s] -- Up-to-date: /home/yusuf/ros2_wsn/install/control_systems/share/control_systems/local_setup.sh
[1.454s] -- Up-to-date: /home/yusuf/ros2_wsn/install/control_systems/share/control_systems/local_setup.zsh
[1.455s] -- Installing: /home/yusuf/ros2_wsn/install/control_systems/share/control_systems/local_setup.dsv
[1.455s] -- Installing: /home/yusuf/ros2_wsn/install/control_systems/share/control_systems/package.dsv
[1.455s] -- Up-to-date: /home/yusuf/ros2_wsn/install/control_systems/share/ament_index/resource_index/packages/control_systems
[1.456s] -- Up-to-date: /home/yusuf/ros2_wsn/install/control_systems/share/control_systems/cmake/control_systemsConfig.cmake
[1.456s] -- Up-to-date: /home/yusuf/ros2_wsn/install/control_systems/share/control_systems/cmake/control_systemsConfig-version.cmake
[1.456s] -- Up-to-date: /home/yusuf/ros2_wsn/install/control_systems/share/control_systems/package.xml
[1.458s] Invoked command in '/home/yusuf/ros2_wsn/build/control_systems' returned '0': CMAKE_PREFIX_PATH=/opt/ros/humble /usr/bin/cmake --install /home/yusuf/ros2_wsn/build/control_systems
