-- The C compiler identification is GNU 11.4.0
-- The CXX compiler identification is GNU 11.4.0
-- Detecting C compiler ABI info
-- Detecting C compiler ABI info - done
-- Check for working C compiler: /usr/bin/cc - skipped
-- Detecting C compile features
-- Detecting C compile features - done
-- Detecting CXX compiler ABI info
-- Detecting CXX compiler ABI info - done
-- Check for working CXX compiler: /usr/bin/c++ - skipped
-- Detecting CXX compile features
-- Detecting CXX compile features - done
-- Found ament_cmake: 1.3.9 (/opt/ros/humble/share/ament_cmake/cmake)
-- Found Python3: /usr/bin/python3 (found version "3.10.12") found components: Interpreter 
-- Found rclcpp: 16.0.9 (/opt/ros/humble/share/rclcpp/cmake)
-- Found rosidl_generator_c: 3.1.5 (/opt/ros/humble/share/rosidl_generator_c/cmake)
-- Found rosidl_adapter: 3.1.5 (/opt/ros/humble/share/rosidl_adapter/cmake)
-- Found rosidl_generator_cpp: 3.1.5 (/opt/ros/humble/share/rosidl_generator_cpp/cmake)
-- Using all available rosidl_typesupport_c: rosidl_typesupport_fastrtps_c;rosidl_typesupport_introspection_c
-- Using all available rosidl_typesupport_cpp: rosidl_typesupport_fastrtps_cpp;rosidl_typesupport_introspection_cpp
-- Found rmw_implementation_cmake: 6.1.2 (/opt/ros/humble/share/rmw_implementation_cmake/cmake)
-- Found rmw_fastrtps_cpp: 6.2.6 (/opt/ros/humble/share/rmw_fastrtps_cpp/cmake)
-- Found OpenSSL: /usr/lib/x86_64-linux-gnu/libcrypto.so (found version "3.0.2")  
-- Found FastRTPS: /opt/ros/humble/include  
-- Using RMW implementation 'rmw_fastrtps_cpp' as default
-- Looking for pthread.h
-- Looking for pthread.h - found
-- Performing Test CMAKE_HAVE_LIBC_PTHREAD
-- Performing Test CMAKE_HAVE_LIBC_PTHREAD - Success
-- Found Threads: TRUE  
-- Found geometry_msgs: 4.2.4 (/opt/ros/humble/share/geometry_msgs/cmake)
-- Found nav_msgs: 4.2.4 (/opt/ros/humble/share/nav_msgs/cmake)
-- Found tf2_ros: 0.25.7 (/opt/ros/humble/share/tf2_ros/cmake)
-- Configuring done
-- Generating done
-- Build files have been written to: /home/yusuf/ros2_wsn/build/control_systems
[ 25%] [32mBuilding CXX object CMakeFiles/goal_planner.dir/src/goal_planner.cpp.o[0m
[ 50%] [32mBuilding CXX object CMakeFiles/goal_linear.dir/src/goal_linear.cpp.o[0m
[01m[K/home/yusuf/ros2_wsn/src/control_systems/src/goal_planner.cpp:[m[K In member function ‘[01m[Kvoid GoalPlanner::odomCallback(nav_msgs::msg::Odometry_<std::allocator<void> >::SharedPtr)[m[K’:
[01m[K/home/yusuf/ros2_wsn/src/control_systems/src/goal_planner.cpp:50:12:[m[K [01;35m[Kwarning: [m[Kunused variable ‘[01m[KKi_dist[m[K’ [[01;35m[K]8;;https://gcc.gnu.org/onlinedocs/gcc/Warning-Options.html#index-Wunused-variable-Wunused-variable]8;;[m[K]
   50 |     double [01;35m[KKi_dist[m[K = get_parameter("Ki_dist").as_double();
      |            [01;35m[K^~~~~~~[m[K
[01m[K/home/yusuf/ros2_wsn/src/control_systems/src/goal_planner.cpp:51:12:[m[K [01;35m[Kwarning: [m[Kunused variable ‘[01m[KKd_dist[m[K’ [[01;35m[K]8;;https://gcc.gnu.org/onlinedocs/gcc/Warning-Options.html#index-Wunused-variable-Wunused-variable]8;;[m[K]
   51 |     double [01;35m[KKd_dist[m[K = get_parameter("Kd_dist").as_double();
      |            [01;35m[K^~~~~~~[m[K
[ 75%] [32m[1mLinking CXX executable goal_planner[0m
[ 75%] Built target goal_planner
[100%] [32m[1mLinking CXX executable goal_linear[0m
[100%] Built target goal_linear
-- Install configuration: ""
-- Installing: /home/yusuf/ros2_wsn/install/control_systems/lib/control_systems/goal_linear
-- Set runtime path of "/home/yusuf/ros2_wsn/install/control_systems/lib/control_systems/goal_linear" to ""
-- Installing: /home/yusuf/ros2_wsn/install/control_systems/lib/control_systems/goal_planner
-- Set runtime path of "/home/yusuf/ros2_wsn/install/control_systems/lib/control_systems/goal_planner" to ""
-- Installing: /home/yusuf/ros2_wsn/install/control_systems/share/control_systems/launch
-- Installing: /home/yusuf/ros2_wsn/install/control_systems/share/control_systems/launch/velocity_controller.launch.py
-- Installing: /home/yusuf/ros2_wsn/install/control_systems/share/control_systems/urdf
-- Installing: /home/yusuf/ros2_wsn/install/control_systems/share/control_systems/urdf/diff_drive_vel.urdf
-- Installing: /home/yusuf/ros2_wsn/install/control_systems/share/control_systems/urdf/diff_sens.urdf
-- Installing: /home/yusuf/ros2_wsn/install/control_systems/share/ament_index/resource_index/package_run_dependencies/control_systems
-- Installing: /home/yusuf/ros2_wsn/install/control_systems/share/ament_index/resource_index/parent_prefix_path/control_systems
-- Installing: /home/yusuf/ros2_wsn/install/control_systems/share/control_systems/environment/ament_prefix_path.sh
-- Installing: /home/yusuf/ros2_wsn/install/control_systems/share/control_systems/environment/ament_prefix_path.dsv
-- Installing: /home/yusuf/ros2_wsn/install/control_systems/share/control_systems/environment/path.sh
-- Installing: /home/yusuf/ros2_wsn/install/control_systems/share/control_systems/environment/path.dsv
-- Installing: /home/yusuf/ros2_wsn/install/control_systems/share/control_systems/local_setup.bash
-- Installing: /home/yusuf/ros2_wsn/install/control_systems/share/control_systems/local_setup.sh
-- Installing: /home/yusuf/ros2_wsn/install/control_systems/share/control_systems/local_setup.zsh
-- Installing: /home/yusuf/ros2_wsn/install/control_systems/share/control_systems/local_setup.dsv
-- Installing: /home/yusuf/ros2_wsn/install/control_systems/share/control_systems/package.dsv
-- Installing: /home/yusuf/ros2_wsn/install/control_systems/share/ament_index/resource_index/packages/control_systems
-- Installing: /home/yusuf/ros2_wsn/install/control_systems/share/control_systems/cmake/control_systemsConfig.cmake
-- Installing: /home/yusuf/ros2_wsn/install/control_systems/share/control_systems/cmake/control_systemsConfig-version.cmake
-- Installing: /home/yusuf/ros2_wsn/install/control_systems/share/control_systems/package.xml
