[0.025s] Invoking command in '/home/yusuf/ros2_wsn/build/sensor_fusion': CMAKE_PREFIX_PATH=/opt/ros/humble /usr/bin/cmake --build /home/yusuf/ros2_wsn/build/sensor_fusion -- -j8 -l8
[0.088s] [35m[1mConsolidate compiler generated dependencies of target advanced_kf[0m
[0.090s] [35m[1mConsolidate compiler generated dependencies of target linear_kf[0m
[0.134s] [ 50%] Built target linear_kf
[0.135s] [100%] Built target advanced_kf
[0.153s] Invoked command in '/home/yusuf/ros2_wsn/build/sensor_fusion' returned '0': CMAKE_PREFIX_PATH=/opt/ros/humble /usr/bin/cmake --build /home/yusuf/ros2_wsn/build/sensor_fusion -- -j8 -l8
[0.200s] Invoking command in '/home/yusuf/ros2_wsn/build/sensor_fusion': CMAKE_PREFIX_PATH=/opt/ros/humble /usr/bin/cmake --install /home/yusuf/ros2_wsn/build/sensor_fusion
[0.213s] -- Install configuration: ""
[0.213s] -- Up-to-date: /home/yusuf/ros2_wsn/install/sensor_fusion/lib/sensor_fusion/linear_kf
[0.214s] -- Up-to-date: /home/yusuf/ros2_wsn/install/sensor_fusion/lib/sensor_fusion/advanced_kf
[0.214s] -- Up-to-date: /home/yusuf/ros2_wsn/install/sensor_fusion/share/sensor_fusion/launch
[0.214s] -- Installing: /home/yusuf/ros2_wsn/install/sensor_fusion/share/sensor_fusion/launch/linear_kf.launch.py
[0.214s] -- Up-to-date: /home/yusuf/ros2_wsn/install/sensor_fusion/share/sensor_fusion/config
[0.214s] -- Up-to-date: /home/yusuf/ros2_wsn/install/sensor_fusion/share/sensor_fusion/config/kf.rviz
[0.214s] -- Up-to-date: /home/yusuf/ros2_wsn/install/sensor_fusion/share/ament_index/resource_index/package_run_dependencies/sensor_fusion
[0.214s] -- Up-to-date: /home/yusuf/ros2_wsn/install/sensor_fusion/share/ament_index/resource_index/parent_prefix_path/sensor_fusion
[0.215s] -- Up-to-date: /home/yusuf/ros2_wsn/install/sensor_fusion/share/sensor_fusion/environment/ament_prefix_path.sh
[0.215s] -- Up-to-date: /home/yusuf/ros2_wsn/install/sensor_fusion/share/sensor_fusion/environment/ament_prefix_path.dsv
[0.215s] -- Up-to-date: /home/yusuf/ros2_wsn/install/sensor_fusion/share/sensor_fusion/environment/path.sh
[0.215s] -- Up-to-date: /home/yusuf/ros2_wsn/install/sensor_fusion/share/sensor_fusion/environment/path.dsv
[0.215s] -- Up-to-date: /home/yusuf/ros2_wsn/install/sensor_fusion/share/sensor_fusion/local_setup.bash
[0.215s] -- Up-to-date: /home/yusuf/ros2_wsn/install/sensor_fusion/share/sensor_fusion/local_setup.sh
[0.216s] -- Up-to-date: /home/yusuf/ros2_wsn/install/sensor_fusion/share/sensor_fusion/local_setup.zsh
[0.217s] -- Up-to-date: /home/yusuf/ros2_wsn/install/sensor_fusion/share/sensor_fusion/local_setup.dsv
[0.217s] -- Installing: /home/yusuf/ros2_wsn/install/sensor_fusion/share/sensor_fusion/package.dsv
[0.217s] -- Up-to-date: /home/yusuf/ros2_wsn/install/sensor_fusion/share/ament_index/resource_index/packages/sensor_fusion
[0.218s] -- Up-to-date: /home/yusuf/ros2_wsn/install/sensor_fusion/share/sensor_fusion/cmake/sensor_fusionConfig.cmake
[0.218s] -- Up-to-date: /home/yusuf/ros2_wsn/install/sensor_fusion/share/sensor_fusion/cmake/sensor_fusionConfig-version.cmake
[0.218s] -- Up-to-date: /home/yusuf/ros2_wsn/install/sensor_fusion/share/sensor_fusion/package.xml
[0.243s] Invoked command in '/home/yusuf/ros2_wsn/build/sensor_fusion' returned '0': CMAKE_PREFIX_PATH=/opt/ros/humble /usr/bin/cmake --install /home/yusuf/ros2_wsn/build/sensor_fusion
