[0.085s] Invoking command in '/home/yusuf/ros2_wsn/build/robot_sensing': CMAKE_PREFIX_PATH=${CMAKE_PREFIX_PATH}:/opt/ros/humble /usr/bin/cmake --build /home/yusuf/ros2_wsn/build/robot_sensing -- -j8 -l8
[0.428s] [35m[1mConsolidate compiler generated dependencies of target line_following[0m
[0.607s] [ 25%] Built target maze_lidar
[0.618s] [ 37%] [32mBuilding CXX object CMakeFiles/line_following.dir/src/linefollowing.cpp.o[0m
[0.670s] [ 62%] Built target point_cloud_segmentation
[0.678s] [ 87%] Built target odom_kinematic
[56.896s] [100%] [32m[1mLinking CXX executable line_following[0m
[61.451s] [100%] Built target line_following
[61.516s] Invoked command in '/home/yusuf/ros2_wsn/build/robot_sensing' returned '0': CMAKE_PREFIX_PATH=${CMAKE_PREFIX_PATH}:/opt/ros/humble /usr/bin/cmake --build /home/yusuf/ros2_wsn/build/robot_sensing -- -j8 -l8
[61.706s] Invoking command in '/home/yusuf/ros2_wsn/build/robot_sensing': CMAKE_PREFIX_PATH=${CMAKE_PREFIX_PATH}:/opt/ros/humble /usr/bin/cmake --install /home/yusuf/ros2_wsn/build/robot_sensing
[61.756s] -- Install configuration: ""
[61.761s] -- Up-to-date: /home/yusuf/ros2_wsn/install/robot_sensing/lib/robot_sensing/maze_lidar
[61.767s] -- Up-to-date: /home/yusuf/ros2_wsn/install/robot_sensing/lib/robot_sensing/odom_kinematic
[61.767s] -- Installing: /home/yusuf/ros2_wsn/install/robot_sensing/lib/robot_sensing/line_following
[61.796s] -- Set runtime path of "/home/yusuf/ros2_wsn/install/robot_sensing/lib/robot_sensing/line_following" to ""
[61.797s] -- Up-to-date: /home/yusuf/ros2_wsn/install/robot_sensing/lib/robot_sensing/point_cloud_segmentation
[61.802s] -- Up-to-date: /home/yusuf/ros2_wsn/install/robot_sensing/share/robot_sensing/launch
[61.811s] -- Up-to-date: /home/yusuf/ros2_wsn/install/robot_sensing/share/robot_sensing/launch/maze_world.launch.py
[61.811s] -- Up-to-date: /home/yusuf/ros2_wsn/install/robot_sensing/share/robot_sensing/launch/line_world.launch.py
[61.812s] -- Up-to-date: /home/yusuf/ros2_wsn/install/robot_sensing/share/robot_sensing/world
[61.812s] -- Up-to-date: /home/yusuf/ros2_wsn/install/robot_sensing/share/robot_sensing/world/maze.world
[61.812s] -- Up-to-date: /home/yusuf/ros2_wsn/install/robot_sensing/share/robot_sensing/world/linefollowing.world
[61.819s] -- Up-to-date: /home/yusuf/ros2_wsn/install/robot_sensing/share/ament_index/resource_index/package_run_dependencies/robot_sensing
[61.820s] -- Up-to-date: /home/yusuf/ros2_wsn/install/robot_sensing/share/ament_index/resource_index/parent_prefix_path/robot_sensing
[61.820s] -- Up-to-date: /home/yusuf/ros2_wsn/install/robot_sensing/share/robot_sensing/environment/ament_prefix_path.sh
[61.820s] -- Up-to-date: /home/yusuf/ros2_wsn/install/robot_sensing/share/robot_sensing/environment/ament_prefix_path.dsv
[61.820s] -- Up-to-date: /home/yusuf/ros2_wsn/install/robot_sensing/share/robot_sensing/environment/path.sh
[61.821s] -- Up-to-date: /home/yusuf/ros2_wsn/install/robot_sensing/share/robot_sensing/environment/path.dsv
[61.834s] -- Up-to-date: /home/yusuf/ros2_wsn/install/robot_sensing/share/robot_sensing/local_setup.bash
[61.834s] -- Up-to-date: /home/yusuf/ros2_wsn/install/robot_sensing/share/robot_sensing/local_setup.sh
[61.835s] -- Up-to-date: /home/yusuf/ros2_wsn/install/robot_sensing/share/robot_sensing/local_setup.zsh
[61.835s] -- Up-to-date: /home/yusuf/ros2_wsn/install/robot_sensing/share/robot_sensing/local_setup.dsv
[61.836s] -- Installing: /home/yusuf/ros2_wsn/install/robot_sensing/share/robot_sensing/package.dsv
[61.836s] -- Up-to-date: /home/yusuf/ros2_wsn/install/robot_sensing/share/ament_index/resource_index/packages/robot_sensing
[61.837s] -- Up-to-date: /home/yusuf/ros2_wsn/install/robot_sensing/share/robot_sensing/cmake/robot_sensingConfig.cmake
[61.838s] -- Up-to-date: /home/yusuf/ros2_wsn/install/robot_sensing/share/robot_sensing/cmake/robot_sensingConfig-version.cmake
[61.839s] -- Up-to-date: /home/yusuf/ros2_wsn/install/robot_sensing/share/robot_sensing/package.xml
[61.841s] Invoked command in '/home/yusuf/ros2_wsn/build/robot_sensing' returned '0': CMAKE_PREFIX_PATH=${CMAKE_PREFIX_PATH}:/opt/ros/humble /usr/bin/cmake --install /home/yusuf/ros2_wsn/build/robot_sensing
