[0.195s] DEBUG:colcon:Command line arguments: ['/usr/bin/colcon', 'list', '-p', '--base-paths', '/home/yusuf/ros2_wsn']
[0.195s] DEBUG:colcon:Parsed command line arguments: Namespace(log_base=None, log_level=None, verb_name='list', build_base='build', ignore_user_meta=False, metas=['./colcon.meta'], base_paths=['/home/yusuf/ros2_wsn'], packages_ignore=None, packages_ignore_regex=None, paths=None, packages_up_to=None, packages_up_to_regex=None, packages_above=None, packages_above_and_dependencies=None, packages_above_depth=None, packages_select_by_dep=None, packages_skip_by_dep=None, packages_skip_up_to=None, packages_select_build_failed=False, packages_skip_build_finished=False, packages_select_test_failures=False, packages_skip_test_passed=False, packages_select=None, packages_skip=None, packages_select_regex=None, packages_skip_regex=None, packages_start=None, packages_end=None, allow_overriding=[], topological_order=False, names_only=False, paths_only=True, topological_graph=False, topological_graph_dot=False, topological_graph_density=False, topological_graph_legend=False, topological_graph_dot_cluster=False, topological_graph_dot_include_skipped=False, verb_parser=<colcon_defaults.argument_parser.defaults.DefaultArgumentsDecorator object at 0x7882d4857670>, verb_extension=<colcon_package_information.verb.list.ListVerb object at 0x7882d4856830>, main=<bound method ListVerb.main of <colcon_package_information.verb.list.ListVerb object at 0x7882d4856830>>)
[0.584s] Level 1:colcon.colcon_core.package_discovery:discover_packages(colcon_meta) check parameters
[0.584s] Level 1:colcon.colcon_core.package_discovery:discover_packages(recursive) check parameters
[0.584s] Level 1:colcon.colcon_core.package_discovery:discover_packages(ignore) check parameters
[0.584s] Level 1:colcon.colcon_core.package_discovery:discover_packages(path) check parameters
[0.584s] Level 1:colcon.colcon_core.package_discovery:discover_packages(recursive) discover
[0.585s] INFO:colcon.colcon_core.package_discovery:Crawling recursively for packages in '/home/yusuf/ros2_wsn'
[0.585s] Level 1:colcon.colcon_core.package_identification:_identify(/home/yusuf/ros2_wsn) by extensions ['ignore', 'ignore_ament_install']
[0.585s] Level 1:colcon.colcon_core.package_identification:_identify(/home/yusuf/ros2_wsn) by extension 'ignore'
[0.585s] Level 1:colcon.colcon_core.package_identification:_identify(/home/yusuf/ros2_wsn) by extension 'ignore_ament_install'
[0.585s] Level 1:colcon.colcon_core.package_identification:_identify(/home/yusuf/ros2_wsn) by extensions ['colcon_pkg']
[0.585s] Level 1:colcon.colcon_core.package_identification:_identify(/home/yusuf/ros2_wsn) by extension 'colcon_pkg'
[0.585s] Level 1:colcon.colcon_core.package_identification:_identify(/home/yusuf/ros2_wsn) by extensions ['colcon_meta']
[0.586s] Level 1:colcon.colcon_core.package_identification:_identify(/home/yusuf/ros2_wsn) by extension 'colcon_meta'
[0.586s] Level 1:colcon.colcon_core.package_identification:_identify(/home/yusuf/ros2_wsn) by extensions ['ros']
[0.586s] Level 1:colcon.colcon_core.package_identification:_identify(/home/yusuf/ros2_wsn) by extension 'ros'
[0.604s] Level 1:colcon.colcon_core.package_identification:_identify(/home/yusuf/ros2_wsn) by extensions ['cmake', 'python']
[0.604s] Level 1:colcon.colcon_core.package_identification:_identify(/home/yusuf/ros2_wsn) by extension 'cmake'
[0.604s] Level 1:colcon.colcon_core.package_identification:_identify(/home/yusuf/ros2_wsn) by extension 'python'
[0.604s] Level 1:colcon.colcon_core.package_identification:_identify(/home/yusuf/ros2_wsn) by extensions ['python_setup_py']
[0.604s] Level 1:colcon.colcon_core.package_identification:_identify(/home/yusuf/ros2_wsn) by extension 'python_setup_py'
[0.605s] Level 1:colcon.colcon_core.package_identification:_identify(/home/yusuf/ros2_wsn/build) by extensions ['ignore', 'ignore_ament_install']
[0.605s] Level 1:colcon.colcon_core.package_identification:_identify(/home/yusuf/ros2_wsn/build) by extension 'ignore'
[0.605s] Level 1:colcon.colcon_core.package_identification:_identify(/home/yusuf/ros2_wsn/build) ignored
[0.605s] Level 1:colcon.colcon_core.package_identification:_identify(/home/yusuf/ros2_wsn/install) by extensions ['ignore', 'ignore_ament_install']
[0.606s] Level 1:colcon.colcon_core.package_identification:_identify(/home/yusuf/ros2_wsn/install) by extension 'ignore'
[0.606s] Level 1:colcon.colcon_core.package_identification:_identify(/home/yusuf/ros2_wsn/install) ignored
[0.606s] Level 1:colcon.colcon_core.package_identification:_identify(/home/yusuf/ros2_wsn/log) by extensions ['ignore', 'ignore_ament_install']
[0.606s] Level 1:colcon.colcon_core.package_identification:_identify(/home/yusuf/ros2_wsn/log) by extension 'ignore'
[0.607s] Level 1:colcon.colcon_core.package_identification:_identify(/home/yusuf/ros2_wsn/log) ignored
[0.607s] Level 1:colcon.colcon_core.package_identification:_identify(/home/yusuf/ros2_wsn/src) by extensions ['ignore', 'ignore_ament_install']
[0.607s] Level 1:colcon.colcon_core.package_identification:_identify(/home/yusuf/ros2_wsn/src) by extension 'ignore'
[0.607s] Level 1:colcon.colcon_core.package_identification:_identify(/home/yusuf/ros2_wsn/src) by extension 'ignore_ament_install'
[0.607s] Level 1:colcon.colcon_core.package_identification:_identify(/home/yusuf/ros2_wsn/src) by extensions ['colcon_pkg']
[0.607s] Level 1:colcon.colcon_core.package_identification:_identify(/home/yusuf/ros2_wsn/src) by extension 'colcon_pkg'
[0.608s] Level 1:colcon.colcon_core.package_identification:_identify(/home/yusuf/ros2_wsn/src) by extensions ['colcon_meta']
[0.608s] Level 1:colcon.colcon_core.package_identification:_identify(/home/yusuf/ros2_wsn/src) by extension 'colcon_meta'
[0.608s] Level 1:colcon.colcon_core.package_identification:_identify(/home/yusuf/ros2_wsn/src) by extensions ['ros']
[0.608s] Level 1:colcon.colcon_core.package_identification:_identify(/home/yusuf/ros2_wsn/src) by extension 'ros'
[0.608s] Level 1:colcon.colcon_core.package_identification:_identify(/home/yusuf/ros2_wsn/src) by extensions ['cmake', 'python']
[0.608s] Level 1:colcon.colcon_core.package_identification:_identify(/home/yusuf/ros2_wsn/src) by extension 'cmake'
[0.608s] Level 1:colcon.colcon_core.package_identification:_identify(/home/yusuf/ros2_wsn/src) by extension 'python'
[0.608s] Level 1:colcon.colcon_core.package_identification:_identify(/home/yusuf/ros2_wsn/src) by extensions ['python_setup_py']
[0.609s] Level 1:colcon.colcon_core.package_identification:_identify(/home/yusuf/ros2_wsn/src) by extension 'python_setup_py'
[0.609s] Level 1:colcon.colcon_core.package_identification:_identify(/home/yusuf/ros2_wsn/src/control_systems) by extensions ['ignore', 'ignore_ament_install']
[0.609s] Level 1:colcon.colcon_core.package_identification:_identify(/home/yusuf/ros2_wsn/src/control_systems) by extension 'ignore'
[0.609s] Level 1:colcon.colcon_core.package_identification:_identify(/home/yusuf/ros2_wsn/src/control_systems) by extension 'ignore_ament_install'
[0.609s] Level 1:colcon.colcon_core.package_identification:_identify(/home/yusuf/ros2_wsn/src/control_systems) by extensions ['colcon_pkg']
[0.610s] Level 1:colcon.colcon_core.package_identification:_identify(/home/yusuf/ros2_wsn/src/control_systems) by extension 'colcon_pkg'
[0.610s] Level 1:colcon.colcon_core.package_identification:_identify(/home/yusuf/ros2_wsn/src/control_systems) by extensions ['colcon_meta']
[0.610s] Level 1:colcon.colcon_core.package_identification:_identify(/home/yusuf/ros2_wsn/src/control_systems) by extension 'colcon_meta'
[0.610s] Level 1:colcon.colcon_core.package_identification:_identify(/home/yusuf/ros2_wsn/src/control_systems) by extensions ['ros']
[0.610s] Level 1:colcon.colcon_core.package_identification:_identify(/home/yusuf/ros2_wsn/src/control_systems) by extension 'ros'
[0.616s] DEBUG:colcon.colcon_core.package_identification:Package '/home/yusuf/ros2_wsn/src/control_systems' with type 'ros.ament_cmake' and name 'control_systems'
[0.616s] Level 1:colcon.colcon_core.package_identification:_identify(/home/yusuf/ros2_wsn/src/robot_sensing) by extensions ['ignore', 'ignore_ament_install']
[0.617s] Level 1:colcon.colcon_core.package_identification:_identify(/home/yusuf/ros2_wsn/src/robot_sensing) by extension 'ignore'
[0.617s] Level 1:colcon.colcon_core.package_identification:_identify(/home/yusuf/ros2_wsn/src/robot_sensing) by extension 'ignore_ament_install'
[0.617s] Level 1:colcon.colcon_core.package_identification:_identify(/home/yusuf/ros2_wsn/src/robot_sensing) by extensions ['colcon_pkg']
[0.617s] Level 1:colcon.colcon_core.package_identification:_identify(/home/yusuf/ros2_wsn/src/robot_sensing) by extension 'colcon_pkg'
[0.617s] Level 1:colcon.colcon_core.package_identification:_identify(/home/yusuf/ros2_wsn/src/robot_sensing) by extensions ['colcon_meta']
[0.617s] Level 1:colcon.colcon_core.package_identification:_identify(/home/yusuf/ros2_wsn/src/robot_sensing) by extension 'colcon_meta'
[0.618s] Level 1:colcon.colcon_core.package_identification:_identify(/home/yusuf/ros2_wsn/src/robot_sensing) by extensions ['ros']
[0.618s] Level 1:colcon.colcon_core.package_identification:_identify(/home/yusuf/ros2_wsn/src/robot_sensing) by extension 'ros'
[0.619s] DEBUG:colcon.colcon_core.package_identification:Package '/home/yusuf/ros2_wsn/src/robot_sensing' with type 'ros.ament_cmake' and name 'robot_sensing'
[0.619s] Level 1:colcon.colcon_core.package_discovery:discover_packages(recursive) using defaults
