[0.150s] DEBUG:colcon:Command line arguments: ['/usr/bin/colcon', 'build']
[0.150s] DEBUG:colcon:Parsed command line arguments: Namespace(log_base=None, log_level=None, verb_name='build', build_base='build', install_base='install', merge_install=False, symlink_install=False, test_result_base=None, continue_on_error=False, executor='parallel', parallel_workers=8, event_handlers=None, ignore_user_meta=False, metas=['./colcon.meta'], base_paths=['.'], packages_ignore=None, packages_ignore_regex=None, paths=None, packages_up_to=None, packages_up_to_regex=None, packages_above=None, packages_above_and_dependencies=None, packages_above_depth=None, packages_select_by_dep=None, packages_skip_by_dep=None, packages_skip_up_to=None, packages_select_build_failed=False, packages_skip_build_finished=False, packages_select_test_failures=False, packages_skip_test_passed=False, packages_select=None, packages_skip=None, packages_select_regex=None, packages_skip_regex=None, packages_start=None, packages_end=None, allow_overriding=[], cmake_args=None, cmake_target=None, cmake_target_skip_unavailable=False, cmake_clean_cache=False, cmake_clean_first=False, cmake_force_configure=False, ament_cmake_args=None, catkin_cmake_args=None, catkin_skip_building_tests=False, verb_parser=<colcon_defaults.argument_parser.defaults.DefaultArgumentsDecorator object at 0x7458ba2eeb30>, verb_extension=<colcon_core.verb.build.BuildVerb object at 0x7458ba2ee470>, main=<bound method BuildVerb.main of <colcon_core.verb.build.BuildVerb object at 0x7458ba2ee470>>)
[0.387s] Level 1:colcon.colcon_core.package_discovery:discover_packages(colcon_meta) check parameters
[0.387s] Level 1:colcon.colcon_core.package_discovery:discover_packages(recursive) check parameters
[0.387s] Level 1:colcon.colcon_core.package_discovery:discover_packages(ignore) check parameters
[0.387s] Level 1:colcon.colcon_core.package_discovery:discover_packages(path) check parameters
[0.387s] Level 1:colcon.colcon_core.package_discovery:discover_packages(colcon_meta) discover
[0.387s] Level 1:colcon.colcon_core.package_discovery:discover_packages(recursive) discover
[0.387s] INFO:colcon.colcon_core.package_discovery:Crawling recursively for packages in '/home/yusuf/ros2_wsn'
[0.388s] Level 1:colcon.colcon_core.package_identification:_identify(.) by extensions ['ignore', 'ignore_ament_install']
[0.388s] Level 1:colcon.colcon_core.package_identification:_identify(.) by extension 'ignore'
[0.388s] Level 1:colcon.colcon_core.package_identification:_identify(.) by extension 'ignore_ament_install'
[0.388s] Level 1:colcon.colcon_core.package_identification:_identify(.) by extensions ['colcon_pkg']
[0.388s] Level 1:colcon.colcon_core.package_identification:_identify(.) by extension 'colcon_pkg'
[0.388s] Level 1:colcon.colcon_core.package_identification:_identify(.) by extensions ['colcon_meta']
[0.388s] Level 1:colcon.colcon_core.package_identification:_identify(.) by extension 'colcon_meta'
[0.388s] Level 1:colcon.colcon_core.package_identification:_identify(.) by extensions ['ros']
[0.388s] Level 1:colcon.colcon_core.package_identification:_identify(.) by extension 'ros'
[0.401s] Level 1:colcon.colcon_core.package_identification:_identify(.) by extensions ['cmake', 'python']
[0.402s] Level 1:colcon.colcon_core.package_identification:_identify(.) by extension 'cmake'
[0.402s] Level 1:colcon.colcon_core.package_identification:_identify(.) by extension 'python'
[0.402s] Level 1:colcon.colcon_core.package_identification:_identify(.) by extensions ['python_setup_py']
[0.402s] Level 1:colcon.colcon_core.package_identification:_identify(.) by extension 'python_setup_py'
[0.402s] Level 1:colcon.colcon_core.package_identification:_identify(build) by extensions ['ignore', 'ignore_ament_install']
[0.402s] Level 1:colcon.colcon_core.package_identification:_identify(build) by extension 'ignore'
[0.402s] Level 1:colcon.colcon_core.package_identification:_identify(build) ignored
[0.402s] Level 1:colcon.colcon_core.package_identification:_identify(install) by extensions ['ignore', 'ignore_ament_install']
[0.402s] Level 1:colcon.colcon_core.package_identification:_identify(install) by extension 'ignore'
[0.402s] Level 1:colcon.colcon_core.package_identification:_identify(install) ignored
[0.402s] Level 1:colcon.colcon_core.package_identification:_identify(log) by extensions ['ignore', 'ignore_ament_install']
[0.403s] Level 1:colcon.colcon_core.package_identification:_identify(log) by extension 'ignore'
[0.403s] Level 1:colcon.colcon_core.package_identification:_identify(log) ignored
[0.403s] Level 1:colcon.colcon_core.package_identification:_identify(src) by extensions ['ignore', 'ignore_ament_install']
[0.403s] Level 1:colcon.colcon_core.package_identification:_identify(src) by extension 'ignore'
[0.403s] Level 1:colcon.colcon_core.package_identification:_identify(src) by extension 'ignore_ament_install'
[0.403s] Level 1:colcon.colcon_core.package_identification:_identify(src) by extensions ['colcon_pkg']
[0.403s] Level 1:colcon.colcon_core.package_identification:_identify(src) by extension 'colcon_pkg'
[0.403s] Level 1:colcon.colcon_core.package_identification:_identify(src) by extensions ['colcon_meta']
[0.403s] Level 1:colcon.colcon_core.package_identification:_identify(src) by extension 'colcon_meta'
[0.403s] Level 1:colcon.colcon_core.package_identification:_identify(src) by extensions ['ros']
[0.403s] Level 1:colcon.colcon_core.package_identification:_identify(src) by extension 'ros'
[0.403s] Level 1:colcon.colcon_core.package_identification:_identify(src) by extensions ['cmake', 'python']
[0.403s] Level 1:colcon.colcon_core.package_identification:_identify(src) by extension 'cmake'
[0.403s] Level 1:colcon.colcon_core.package_identification:_identify(src) by extension 'python'
[0.403s] Level 1:colcon.colcon_core.package_identification:_identify(src) by extensions ['python_setup_py']
[0.403s] Level 1:colcon.colcon_core.package_identification:_identify(src) by extension 'python_setup_py'
[0.403s] Level 1:colcon.colcon_core.package_identification:_identify(src/control_systems) by extensions ['ignore', 'ignore_ament_install']
[0.404s] Level 1:colcon.colcon_core.package_identification:_identify(src/control_systems) by extension 'ignore'
[0.404s] Level 1:colcon.colcon_core.package_identification:_identify(src/control_systems) by extension 'ignore_ament_install'
[0.404s] Level 1:colcon.colcon_core.package_identification:_identify(src/control_systems) by extensions ['colcon_pkg']
[0.404s] Level 1:colcon.colcon_core.package_identification:_identify(src/control_systems) by extension 'colcon_pkg'
[0.404s] Level 1:colcon.colcon_core.package_identification:_identify(src/control_systems) by extensions ['colcon_meta']
[0.404s] Level 1:colcon.colcon_core.package_identification:_identify(src/control_systems) by extension 'colcon_meta'
[0.404s] Level 1:colcon.colcon_core.package_identification:_identify(src/control_systems) by extensions ['ros']
[0.404s] Level 1:colcon.colcon_core.package_identification:_identify(src/control_systems) by extension 'ros'
[0.407s] DEBUG:colcon.colcon_core.package_identification:Package 'src/control_systems' with type 'ros.ament_cmake' and name 'control_systems'
[0.407s] Level 1:colcon.colcon_core.package_identification:_identify(src/robot_sensing) by extensions ['ignore', 'ignore_ament_install']
[0.407s] Level 1:colcon.colcon_core.package_identification:_identify(src/robot_sensing) by extension 'ignore'
[0.407s] Level 1:colcon.colcon_core.package_identification:_identify(src/robot_sensing) by extension 'ignore_ament_install'
[0.407s] Level 1:colcon.colcon_core.package_identification:_identify(src/robot_sensing) by extensions ['colcon_pkg']
[0.407s] Level 1:colcon.colcon_core.package_identification:_identify(src/robot_sensing) by extension 'colcon_pkg'
[0.407s] Level 1:colcon.colcon_core.package_identification:_identify(src/robot_sensing) by extensions ['colcon_meta']
[0.407s] Level 1:colcon.colcon_core.package_identification:_identify(src/robot_sensing) by extension 'colcon_meta'
[0.407s] Level 1:colcon.colcon_core.package_identification:_identify(src/robot_sensing) by extensions ['ros']
[0.407s] Level 1:colcon.colcon_core.package_identification:_identify(src/robot_sensing) by extension 'ros'
[0.408s] DEBUG:colcon.colcon_core.package_identification:Package 'src/robot_sensing' with type 'ros.ament_cmake' and name 'robot_sensing'
[0.409s] Level 1:colcon.colcon_core.package_identification:_identify(src/sensor_fusion) by extensions ['ignore', 'ignore_ament_install']
[0.409s] Level 1:colcon.colcon_core.package_identification:_identify(src/sensor_fusion) by extension 'ignore'
[0.409s] Level 1:colcon.colcon_core.package_identification:_identify(src/sensor_fusion) by extension 'ignore_ament_install'
[0.409s] Level 1:colcon.colcon_core.package_identification:_identify(src/sensor_fusion) by extensions ['colcon_pkg']
[0.409s] Level 1:colcon.colcon_core.package_identification:_identify(src/sensor_fusion) by extension 'colcon_pkg'
[0.409s] Level 1:colcon.colcon_core.package_identification:_identify(src/sensor_fusion) by extensions ['colcon_meta']
[0.409s] Level 1:colcon.colcon_core.package_identification:_identify(src/sensor_fusion) by extension 'colcon_meta'
[0.409s] Level 1:colcon.colcon_core.package_identification:_identify(src/sensor_fusion) by extensions ['ros']
[0.409s] Level 1:colcon.colcon_core.package_identification:_identify(src/sensor_fusion) by extension 'ros'
[0.410s] DEBUG:colcon.colcon_core.package_identification:Package 'src/sensor_fusion' with type 'ros.ament_cmake' and name 'sensor_fusion'
[0.410s] Level 1:colcon.colcon_core.package_discovery:discover_packages(recursive) using defaults
[0.410s] Level 1:colcon.colcon_core.package_discovery:discover_packages(ignore) discover
[0.410s] Level 1:colcon.colcon_core.package_discovery:discover_packages(ignore) using defaults
[0.410s] Level 1:colcon.colcon_core.package_discovery:discover_packages(path) discover
[0.410s] Level 1:colcon.colcon_core.package_discovery:discover_packages(path) using defaults
[0.441s] Level 1:colcon.colcon_core.package_discovery:discover_packages(prefix_path) check parameters
[0.441s] Level 1:colcon.colcon_core.package_discovery:discover_packages(prefix_path) discover
[0.447s] DEBUG:colcon.colcon_installed_package_information.package_discovery:Found 426 installed packages in /opt/ros/humble
[0.449s] Level 1:colcon.colcon_core.package_discovery:discover_packages(prefix_path) using defaults
[0.516s] Level 5:colcon.colcon_core.verb:set package 'control_systems' build argument 'cmake_args' from command line to 'None'
[0.517s] Level 5:colcon.colcon_core.verb:set package 'control_systems' build argument 'cmake_target' from command line to 'None'
[0.517s] Level 5:colcon.colcon_core.verb:set package 'control_systems' build argument 'cmake_target_skip_unavailable' from command line to 'False'
[0.517s] Level 5:colcon.colcon_core.verb:set package 'control_systems' build argument 'cmake_clean_cache' from command line to 'False'
[0.517s] Level 5:colcon.colcon_core.verb:set package 'control_systems' build argument 'cmake_clean_first' from command line to 'False'
[0.517s] Level 5:colcon.colcon_core.verb:set package 'control_systems' build argument 'cmake_force_configure' from command line to 'False'
[0.517s] Level 5:colcon.colcon_core.verb:set package 'control_systems' build argument 'ament_cmake_args' from command line to 'None'
[0.517s] Level 5:colcon.colcon_core.verb:set package 'control_systems' build argument 'catkin_cmake_args' from command line to 'None'
[0.517s] Level 5:colcon.colcon_core.verb:set package 'control_systems' build argument 'catkin_skip_building_tests' from command line to 'False'
[0.517s] DEBUG:colcon.colcon_core.verb:Building package 'control_systems' with the following arguments: {'ament_cmake_args': None, 'build_base': '/home/yusuf/ros2_wsn/build/control_systems', 'catkin_cmake_args': None, 'catkin_skip_building_tests': False, 'cmake_args': None, 'cmake_clean_cache': False, 'cmake_clean_first': False, 'cmake_force_configure': False, 'cmake_target': None, 'cmake_target_skip_unavailable': False, 'install_base': '/home/yusuf/ros2_wsn/install/control_systems', 'merge_install': False, 'path': '/home/yusuf/ros2_wsn/src/control_systems', 'symlink_install': False, 'test_result_base': None}
[0.518s] Level 5:colcon.colcon_core.verb:set package 'robot_sensing' build argument 'cmake_args' from command line to 'None'
[0.518s] Level 5:colcon.colcon_core.verb:set package 'robot_sensing' build argument 'cmake_target' from command line to 'None'
[0.518s] Level 5:colcon.colcon_core.verb:set package 'robot_sensing' build argument 'cmake_target_skip_unavailable' from command line to 'False'
[0.518s] Level 5:colcon.colcon_core.verb:set package 'robot_sensing' build argument 'cmake_clean_cache' from command line to 'False'
[0.518s] Level 5:colcon.colcon_core.verb:set package 'robot_sensing' build argument 'cmake_clean_first' from command line to 'False'
[0.518s] Level 5:colcon.colcon_core.verb:set package 'robot_sensing' build argument 'cmake_force_configure' from command line to 'False'
[0.518s] Level 5:colcon.colcon_core.verb:set package 'robot_sensing' build argument 'ament_cmake_args' from command line to 'None'
[0.518s] Level 5:colcon.colcon_core.verb:set package 'robot_sensing' build argument 'catkin_cmake_args' from command line to 'None'
[0.518s] Level 5:colcon.colcon_core.verb:set package 'robot_sensing' build argument 'catkin_skip_building_tests' from command line to 'False'
[0.518s] DEBUG:colcon.colcon_core.verb:Building package 'robot_sensing' with the following arguments: {'ament_cmake_args': None, 'build_base': '/home/yusuf/ros2_wsn/build/robot_sensing', 'catkin_cmake_args': None, 'catkin_skip_building_tests': False, 'cmake_args': None, 'cmake_clean_cache': False, 'cmake_clean_first': False, 'cmake_force_configure': False, 'cmake_target': None, 'cmake_target_skip_unavailable': False, 'install_base': '/home/yusuf/ros2_wsn/install/robot_sensing', 'merge_install': False, 'path': '/home/yusuf/ros2_wsn/src/robot_sensing', 'symlink_install': False, 'test_result_base': None}
[0.518s] Level 5:colcon.colcon_core.verb:set package 'sensor_fusion' build argument 'cmake_args' from command line to 'None'
[0.518s] Level 5:colcon.colcon_core.verb:set package 'sensor_fusion' build argument 'cmake_target' from command line to 'None'
[0.518s] Level 5:colcon.colcon_core.verb:set package 'sensor_fusion' build argument 'cmake_target_skip_unavailable' from command line to 'False'
[0.518s] Level 5:colcon.colcon_core.verb:set package 'sensor_fusion' build argument 'cmake_clean_cache' from command line to 'False'
[0.518s] Level 5:colcon.colcon_core.verb:set package 'sensor_fusion' build argument 'cmake_clean_first' from command line to 'False'
[0.518s] Level 5:colcon.colcon_core.verb:set package 'sensor_fusion' build argument 'cmake_force_configure' from command line to 'False'
[0.519s] Level 5:colcon.colcon_core.verb:set package 'sensor_fusion' build argument 'ament_cmake_args' from command line to 'None'
[0.519s] Level 5:colcon.colcon_core.verb:set package 'sensor_fusion' build argument 'catkin_cmake_args' from command line to 'None'
[0.519s] Level 5:colcon.colcon_core.verb:set package 'sensor_fusion' build argument 'catkin_skip_building_tests' from command line to 'False'
[0.519s] DEBUG:colcon.colcon_core.verb:Building package 'sensor_fusion' with the following arguments: {'ament_cmake_args': None, 'build_base': '/home/yusuf/ros2_wsn/build/sensor_fusion', 'catkin_cmake_args': None, 'catkin_skip_building_tests': False, 'cmake_args': None, 'cmake_clean_cache': False, 'cmake_clean_first': False, 'cmake_force_configure': False, 'cmake_target': None, 'cmake_target_skip_unavailable': False, 'install_base': '/home/yusuf/ros2_wsn/install/sensor_fusion', 'merge_install': False, 'path': '/home/yusuf/ros2_wsn/src/sensor_fusion', 'symlink_install': False, 'test_result_base': None}
[0.519s] INFO:colcon.colcon_core.executor:Executing jobs using 'parallel' executor
[0.520s] DEBUG:colcon.colcon_parallel_executor.executor.parallel:run_until_complete
[0.520s] INFO:colcon.colcon_ros.task.ament_cmake.build:Building ROS package in '/home/yusuf/ros2_wsn/src/control_systems' with build type 'ament_cmake'
[0.521s] INFO:colcon.colcon_cmake.task.cmake.build:Building CMake package in '/home/yusuf/ros2_wsn/src/control_systems'
[0.525s] INFO:colcon.colcon_core.plugin_system:Skipping extension 'colcon_core.shell.bat': Not used on non-Windows systems
[0.525s] INFO:colcon.colcon_core.shell:Skip shell extension 'powershell' for command environment: Not usable outside of PowerShell
[0.525s] DEBUG:colcon.colcon_core.shell:Skip shell extension 'dsv' for command environment
[0.530s] INFO:colcon.colcon_ros.task.ament_cmake.build:Building ROS package in '/home/yusuf/ros2_wsn/src/robot_sensing' with build type 'ament_cmake'
[0.530s] INFO:colcon.colcon_cmake.task.cmake.build:Building CMake package in '/home/yusuf/ros2_wsn/src/robot_sensing'
[0.530s] INFO:colcon.colcon_core.shell:Skip shell extension 'powershell' for command environment: Not usable outside of PowerShell
[0.530s] DEBUG:colcon.colcon_core.shell:Skip shell extension 'dsv' for command environment
[0.535s] INFO:colcon.colcon_ros.task.ament_cmake.build:Building ROS package in '/home/yusuf/ros2_wsn/src/sensor_fusion' with build type 'ament_cmake'
[0.535s] INFO:colcon.colcon_cmake.task.cmake.build:Building CMake package in '/home/yusuf/ros2_wsn/src/sensor_fusion'
[0.536s] INFO:colcon.colcon_core.shell:Skip shell extension 'powershell' for command environment: Not usable outside of PowerShell
[0.536s] DEBUG:colcon.colcon_core.shell:Skip shell extension 'dsv' for command environment
[0.550s] DEBUG:colcon.colcon_core.event_handler.log_command:Invoking command in '/home/yusuf/ros2_wsn/build/control_systems': CMAKE_PREFIX_PATH=/opt/ros/humble /usr/bin/cmake --build /home/yusuf/ros2_wsn/build/control_systems -- -j8 -l8
[0.559s] DEBUG:colcon.colcon_core.event_handler.log_command:Invoking command in '/home/yusuf/ros2_wsn/build/robot_sensing': CMAKE_PREFIX_PATH=/opt/ros/humble /usr/bin/cmake --build /home/yusuf/ros2_wsn/build/robot_sensing -- -j8 -l8
[0.568s] DEBUG:colcon.colcon_core.event_handler.log_command:Invoking command in '/home/yusuf/ros2_wsn/build/sensor_fusion': CMAKE_PREFIX_PATH=/opt/ros/humble /usr/bin/cmake --build /home/yusuf/ros2_wsn/build/sensor_fusion -- -j8 -l8
[0.751s] DEBUG:colcon.colcon_core.event_handler.log_command:Invoked command in '/home/yusuf/ros2_wsn/build/control_systems' returned '0': CMAKE_PREFIX_PATH=/opt/ros/humble /usr/bin/cmake --build /home/yusuf/ros2_wsn/build/control_systems -- -j8 -l8
[0.756s] DEBUG:colcon.colcon_core.event_handler.log_command:Invoked command in '/home/yusuf/ros2_wsn/build/robot_sensing' returned '0': CMAKE_PREFIX_PATH=/opt/ros/humble /usr/bin/cmake --build /home/yusuf/ros2_wsn/build/robot_sensing -- -j8 -l8
[0.817s] DEBUG:colcon.colcon_core.event_handler.log_command:Invoking command in '/home/yusuf/ros2_wsn/build/control_systems': CMAKE_PREFIX_PATH=/opt/ros/humble /usr/bin/cmake --install /home/yusuf/ros2_wsn/build/control_systems
[0.825s] DEBUG:colcon.colcon_core.event_handler.log_command:Invoking command in '/home/yusuf/ros2_wsn/build/robot_sensing': CMAKE_PREFIX_PATH=/opt/ros/humble /usr/bin/cmake --install /home/yusuf/ros2_wsn/build/robot_sensing
[0.848s] Level 1:colcon.colcon_core.environment:create_environment_scripts_only(control_systems)
[0.855s] DEBUG:colcon.colcon_core.event_handler.log_command:Invoked command in '/home/yusuf/ros2_wsn/build/control_systems' returned '0': CMAKE_PREFIX_PATH=/opt/ros/humble /usr/bin/cmake --install /home/yusuf/ros2_wsn/build/control_systems
[0.860s] Level 1:colcon.colcon_core.environment:checking '/home/yusuf/ros2_wsn/install/control_systems' for CMake module files
[0.861s] Level 1:colcon.colcon_core.environment:checking '/home/yusuf/ros2_wsn/install/control_systems' for CMake config files
[0.862s] Level 1:colcon.colcon_core.shell:create_environment_hook('control_systems', 'cmake_prefix_path')
[0.863s] INFO:colcon.colcon_core.shell:Creating environment hook '/home/yusuf/ros2_wsn/install/control_systems/share/control_systems/hook/cmake_prefix_path.ps1'
[0.864s] INFO:colcon.colcon_core.shell:Creating environment descriptor '/home/yusuf/ros2_wsn/install/control_systems/share/control_systems/hook/cmake_prefix_path.dsv'
[0.865s] INFO:colcon.colcon_core.shell:Creating environment hook '/home/yusuf/ros2_wsn/install/control_systems/share/control_systems/hook/cmake_prefix_path.sh'
[0.868s] Level 1:colcon.colcon_core.environment:checking '/home/yusuf/ros2_wsn/install/control_systems/lib'
[0.868s] Level 1:colcon.colcon_core.environment:checking '/home/yusuf/ros2_wsn/install/control_systems/bin'
[0.868s] Level 1:colcon.colcon_core.environment:checking '/home/yusuf/ros2_wsn/install/control_systems/lib/pkgconfig/control_systems.pc'
[0.869s] Level 1:colcon.colcon_core.environment:checking '/home/yusuf/ros2_wsn/install/control_systems/lib/python3.10/site-packages'
[0.870s] Level 1:colcon.colcon_core.environment:checking '/home/yusuf/ros2_wsn/install/control_systems/bin'
[0.871s] INFO:colcon.colcon_core.shell:Creating package script '/home/yusuf/ros2_wsn/install/control_systems/share/control_systems/package.ps1'
[0.873s] INFO:colcon.colcon_core.shell:Creating package descriptor '/home/yusuf/ros2_wsn/install/control_systems/share/control_systems/package.dsv'
[0.874s] INFO:colcon.colcon_core.shell:Creating package script '/home/yusuf/ros2_wsn/install/control_systems/share/control_systems/package.sh'
[0.876s] INFO:colcon.colcon_core.shell:Creating package script '/home/yusuf/ros2_wsn/install/control_systems/share/control_systems/package.bash'
[0.877s] INFO:colcon.colcon_core.shell:Creating package script '/home/yusuf/ros2_wsn/install/control_systems/share/control_systems/package.zsh'
[0.879s] Level 1:colcon.colcon_core.environment:create_file_with_runtime_dependencies(/home/yusuf/ros2_wsn/install/control_systems/share/colcon-core/packages/control_systems)
[0.881s] Level 1:colcon.colcon_core.environment:create_environment_scripts_only(robot_sensing)
[0.882s] Level 1:colcon.colcon_core.environment:checking '/home/yusuf/ros2_wsn/install/robot_sensing' for CMake module files
[0.883s] DEBUG:colcon.colcon_core.event_handler.log_command:Invoked command in '/home/yusuf/ros2_wsn/build/robot_sensing' returned '0': CMAKE_PREFIX_PATH=/opt/ros/humble /usr/bin/cmake --install /home/yusuf/ros2_wsn/build/robot_sensing
[0.885s] Level 1:colcon.colcon_core.environment:checking '/home/yusuf/ros2_wsn/install/robot_sensing' for CMake config files
[0.886s] Level 1:colcon.colcon_core.shell:create_environment_hook('robot_sensing', 'cmake_prefix_path')
[0.886s] INFO:colcon.colcon_core.shell:Creating environment hook '/home/yusuf/ros2_wsn/install/robot_sensing/share/robot_sensing/hook/cmake_prefix_path.ps1'
[0.887s] INFO:colcon.colcon_core.shell:Creating environment descriptor '/home/yusuf/ros2_wsn/install/robot_sensing/share/robot_sensing/hook/cmake_prefix_path.dsv'
[0.888s] INFO:colcon.colcon_core.shell:Creating environment hook '/home/yusuf/ros2_wsn/install/robot_sensing/share/robot_sensing/hook/cmake_prefix_path.sh'
[0.889s] Level 1:colcon.colcon_core.environment:checking '/home/yusuf/ros2_wsn/install/robot_sensing/lib'
[0.889s] Level 1:colcon.colcon_core.environment:checking '/home/yusuf/ros2_wsn/install/robot_sensing/bin'
[0.889s] Level 1:colcon.colcon_core.environment:checking '/home/yusuf/ros2_wsn/install/robot_sensing/lib/pkgconfig/robot_sensing.pc'
[0.890s] Level 1:colcon.colcon_core.environment:checking '/home/yusuf/ros2_wsn/install/robot_sensing/lib/python3.10/site-packages'
[0.890s] Level 1:colcon.colcon_core.environment:checking '/home/yusuf/ros2_wsn/install/robot_sensing/bin'
[0.891s] INFO:colcon.colcon_core.shell:Creating package script '/home/yusuf/ros2_wsn/install/robot_sensing/share/robot_sensing/package.ps1'
[0.892s] INFO:colcon.colcon_core.shell:Creating package descriptor '/home/yusuf/ros2_wsn/install/robot_sensing/share/robot_sensing/package.dsv'
[0.893s] INFO:colcon.colcon_core.shell:Creating package script '/home/yusuf/ros2_wsn/install/robot_sensing/share/robot_sensing/package.sh'
[0.894s] INFO:colcon.colcon_core.shell:Creating package script '/home/yusuf/ros2_wsn/install/robot_sensing/share/robot_sensing/package.bash'
[0.895s] INFO:colcon.colcon_core.shell:Creating package script '/home/yusuf/ros2_wsn/install/robot_sensing/share/robot_sensing/package.zsh'
[0.895s] Level 1:colcon.colcon_core.environment:create_file_with_runtime_dependencies(/home/yusuf/ros2_wsn/install/robot_sensing/share/colcon-core/packages/robot_sensing)
[0.926s] Level 1:colcon.colcon_core.environment:create_environment_scripts_only(control_systems)
[0.927s] Level 1:colcon.colcon_core.environment:checking '/home/yusuf/ros2_wsn/install/control_systems' for CMake module files
[0.928s] Level 1:colcon.colcon_core.environment:checking '/home/yusuf/ros2_wsn/install/control_systems' for CMake config files
[0.929s] Level 1:colcon.colcon_core.shell:create_environment_hook('control_systems', 'cmake_prefix_path')
[0.929s] INFO:colcon.colcon_core.shell:Creating environment hook '/home/yusuf/ros2_wsn/install/control_systems/share/control_systems/hook/cmake_prefix_path.ps1'
[0.930s] INFO:colcon.colcon_core.shell:Creating environment descriptor '/home/yusuf/ros2_wsn/install/control_systems/share/control_systems/hook/cmake_prefix_path.dsv'
[0.931s] INFO:colcon.colcon_core.shell:Creating environment hook '/home/yusuf/ros2_wsn/install/control_systems/share/control_systems/hook/cmake_prefix_path.sh'
[0.931s] Level 1:colcon.colcon_core.environment:checking '/home/yusuf/ros2_wsn/install/control_systems/lib'
[0.932s] Level 1:colcon.colcon_core.environment:checking '/home/yusuf/ros2_wsn/install/control_systems/bin'
[0.932s] Level 1:colcon.colcon_core.environment:checking '/home/yusuf/ros2_wsn/install/control_systems/lib/pkgconfig/control_systems.pc'
[0.932s] Level 1:colcon.colcon_core.environment:checking '/home/yusuf/ros2_wsn/install/control_systems/lib/python3.10/site-packages'
[0.933s] Level 1:colcon.colcon_core.environment:checking '/home/yusuf/ros2_wsn/install/control_systems/bin'
[0.933s] INFO:colcon.colcon_core.shell:Creating package script '/home/yusuf/ros2_wsn/install/control_systems/share/control_systems/package.ps1'
[0.934s] INFO:colcon.colcon_core.shell:Creating package descriptor '/home/yusuf/ros2_wsn/install/control_systems/share/control_systems/package.dsv'
[0.935s] INFO:colcon.colcon_core.shell:Creating package script '/home/yusuf/ros2_wsn/install/control_systems/share/control_systems/package.sh'
[0.935s] INFO:colcon.colcon_core.shell:Creating package script '/home/yusuf/ros2_wsn/install/control_systems/share/control_systems/package.bash'
[0.936s] INFO:colcon.colcon_core.shell:Creating package script '/home/yusuf/ros2_wsn/install/control_systems/share/control_systems/package.zsh'
[0.936s] Level 1:colcon.colcon_core.environment:create_file_with_runtime_dependencies(/home/yusuf/ros2_wsn/install/control_systems/share/colcon-core/packages/control_systems)
[0.949s] Level 1:colcon.colcon_core.environment:create_environment_scripts_only(robot_sensing)
[0.950s] Level 1:colcon.colcon_core.environment:checking '/home/yusuf/ros2_wsn/install/robot_sensing' for CMake module files
[0.950s] Level 1:colcon.colcon_core.environment:checking '/home/yusuf/ros2_wsn/install/robot_sensing' for CMake config files
[0.951s] Level 1:colcon.colcon_core.shell:create_environment_hook('robot_sensing', 'cmake_prefix_path')
[0.951s] INFO:colcon.colcon_core.shell:Creating environment hook '/home/yusuf/ros2_wsn/install/robot_sensing/share/robot_sensing/hook/cmake_prefix_path.ps1'
[0.952s] INFO:colcon.colcon_core.shell:Creating environment descriptor '/home/yusuf/ros2_wsn/install/robot_sensing/share/robot_sensing/hook/cmake_prefix_path.dsv'
[0.953s] INFO:colcon.colcon_core.shell:Creating environment hook '/home/yusuf/ros2_wsn/install/robot_sensing/share/robot_sensing/hook/cmake_prefix_path.sh'
[0.954s] Level 1:colcon.colcon_core.environment:checking '/home/yusuf/ros2_wsn/install/robot_sensing/lib'
[0.954s] Level 1:colcon.colcon_core.environment:checking '/home/yusuf/ros2_wsn/install/robot_sensing/bin'
[0.954s] Level 1:colcon.colcon_core.environment:checking '/home/yusuf/ros2_wsn/install/robot_sensing/lib/pkgconfig/robot_sensing.pc'
[0.955s] Level 1:colcon.colcon_core.environment:checking '/home/yusuf/ros2_wsn/install/robot_sensing/lib/python3.10/site-packages'
[0.956s] Level 1:colcon.colcon_core.environment:checking '/home/yusuf/ros2_wsn/install/robot_sensing/bin'
[0.957s] INFO:colcon.colcon_core.shell:Creating package script '/home/yusuf/ros2_wsn/install/robot_sensing/share/robot_sensing/package.ps1'
[0.958s] INFO:colcon.colcon_core.shell:Creating package descriptor '/home/yusuf/ros2_wsn/install/robot_sensing/share/robot_sensing/package.dsv'
[0.959s] INFO:colcon.colcon_core.shell:Creating package script '/home/yusuf/ros2_wsn/install/robot_sensing/share/robot_sensing/package.sh'
[0.961s] INFO:colcon.colcon_core.shell:Creating package script '/home/yusuf/ros2_wsn/install/robot_sensing/share/robot_sensing/package.bash'
[0.961s] INFO:colcon.colcon_core.shell:Creating package script '/home/yusuf/ros2_wsn/install/robot_sensing/share/robot_sensing/package.zsh'
[0.962s] Level 1:colcon.colcon_core.environment:create_file_with_runtime_dependencies(/home/yusuf/ros2_wsn/install/robot_sensing/share/colcon-core/packages/robot_sensing)
[18.512s] DEBUG:colcon.colcon_core.event_handler.log_command:Invoked command in '/home/yusuf/ros2_wsn/build/sensor_fusion' returned '0': CMAKE_PREFIX_PATH=/opt/ros/humble /usr/bin/cmake --build /home/yusuf/ros2_wsn/build/sensor_fusion -- -j8 -l8
[18.568s] DEBUG:colcon.colcon_core.event_handler.log_command:Invoking command in '/home/yusuf/ros2_wsn/build/sensor_fusion': CMAKE_PREFIX_PATH=/opt/ros/humble /usr/bin/cmake --install /home/yusuf/ros2_wsn/build/sensor_fusion
[18.617s] Level 1:colcon.colcon_core.environment:create_environment_scripts_only(sensor_fusion)
[18.618s] Level 1:colcon.colcon_core.environment:checking '/home/yusuf/ros2_wsn/install/sensor_fusion' for CMake module files
[18.618s] DEBUG:colcon.colcon_core.event_handler.log_command:Invoked command in '/home/yusuf/ros2_wsn/build/sensor_fusion' returned '0': CMAKE_PREFIX_PATH=/opt/ros/humble /usr/bin/cmake --install /home/yusuf/ros2_wsn/build/sensor_fusion
[18.619s] Level 1:colcon.colcon_core.environment:checking '/home/yusuf/ros2_wsn/install/sensor_fusion' for CMake config files
[18.619s] Level 1:colcon.colcon_core.shell:create_environment_hook('sensor_fusion', 'cmake_prefix_path')
[18.620s] INFO:colcon.colcon_core.shell:Creating environment hook '/home/yusuf/ros2_wsn/install/sensor_fusion/share/sensor_fusion/hook/cmake_prefix_path.ps1'
[18.620s] INFO:colcon.colcon_core.shell:Creating environment descriptor '/home/yusuf/ros2_wsn/install/sensor_fusion/share/sensor_fusion/hook/cmake_prefix_path.dsv'
[18.621s] INFO:colcon.colcon_core.shell:Creating environment hook '/home/yusuf/ros2_wsn/install/sensor_fusion/share/sensor_fusion/hook/cmake_prefix_path.sh'
[18.621s] Level 1:colcon.colcon_core.environment:checking '/home/yusuf/ros2_wsn/install/sensor_fusion/lib'
[18.621s] Level 1:colcon.colcon_core.environment:checking '/home/yusuf/ros2_wsn/install/sensor_fusion/bin'
[18.621s] Level 1:colcon.colcon_core.environment:checking '/home/yusuf/ros2_wsn/install/sensor_fusion/lib/pkgconfig/sensor_fusion.pc'
[18.622s] Level 1:colcon.colcon_core.environment:checking '/home/yusuf/ros2_wsn/install/sensor_fusion/lib/python3.10/site-packages'
[18.622s] Level 1:colcon.colcon_core.environment:checking '/home/yusuf/ros2_wsn/install/sensor_fusion/bin'
[18.623s] INFO:colcon.colcon_core.shell:Creating package script '/home/yusuf/ros2_wsn/install/sensor_fusion/share/sensor_fusion/package.ps1'
[18.623s] INFO:colcon.colcon_core.shell:Creating package descriptor '/home/yusuf/ros2_wsn/install/sensor_fusion/share/sensor_fusion/package.dsv'
[18.624s] INFO:colcon.colcon_core.shell:Creating package script '/home/yusuf/ros2_wsn/install/sensor_fusion/share/sensor_fusion/package.sh'
[18.624s] INFO:colcon.colcon_core.shell:Creating package script '/home/yusuf/ros2_wsn/install/sensor_fusion/share/sensor_fusion/package.bash'
[18.625s] INFO:colcon.colcon_core.shell:Creating package script '/home/yusuf/ros2_wsn/install/sensor_fusion/share/sensor_fusion/package.zsh'
[18.625s] Level 1:colcon.colcon_core.environment:create_file_with_runtime_dependencies(/home/yusuf/ros2_wsn/install/sensor_fusion/share/colcon-core/packages/sensor_fusion)
[18.673s] Level 1:colcon.colcon_core.environment:create_environment_scripts_only(sensor_fusion)
[18.674s] Level 1:colcon.colcon_core.environment:checking '/home/yusuf/ros2_wsn/install/sensor_fusion' for CMake module files
[18.675s] Level 1:colcon.colcon_core.environment:checking '/home/yusuf/ros2_wsn/install/sensor_fusion' for CMake config files
[18.675s] Level 1:colcon.colcon_core.shell:create_environment_hook('sensor_fusion', 'cmake_prefix_path')
[18.675s] INFO:colcon.colcon_core.shell:Creating environment hook '/home/yusuf/ros2_wsn/install/sensor_fusion/share/sensor_fusion/hook/cmake_prefix_path.ps1'
[18.676s] INFO:colcon.colcon_core.shell:Creating environment descriptor '/home/yusuf/ros2_wsn/install/sensor_fusion/share/sensor_fusion/hook/cmake_prefix_path.dsv'
[18.676s] INFO:colcon.colcon_core.shell:Creating environment hook '/home/yusuf/ros2_wsn/install/sensor_fusion/share/sensor_fusion/hook/cmake_prefix_path.sh'
[18.677s] Level 1:colcon.colcon_core.environment:checking '/home/yusuf/ros2_wsn/install/sensor_fusion/lib'
[18.677s] Level 1:colcon.colcon_core.environment:checking '/home/yusuf/ros2_wsn/install/sensor_fusion/bin'
[18.677s] Level 1:colcon.colcon_core.environment:checking '/home/yusuf/ros2_wsn/install/sensor_fusion/lib/pkgconfig/sensor_fusion.pc'
[18.678s] Level 1:colcon.colcon_core.environment:checking '/home/yusuf/ros2_wsn/install/sensor_fusion/lib/python3.10/site-packages'
[18.678s] Level 1:colcon.colcon_core.environment:checking '/home/yusuf/ros2_wsn/install/sensor_fusion/bin'
[18.678s] INFO:colcon.colcon_core.shell:Creating package script '/home/yusuf/ros2_wsn/install/sensor_fusion/share/sensor_fusion/package.ps1'
[18.679s] INFO:colcon.colcon_core.shell:Creating package descriptor '/home/yusuf/ros2_wsn/install/sensor_fusion/share/sensor_fusion/package.dsv'
[18.680s] INFO:colcon.colcon_core.shell:Creating package script '/home/yusuf/ros2_wsn/install/sensor_fusion/share/sensor_fusion/package.sh'
[18.680s] INFO:colcon.colcon_core.shell:Creating package script '/home/yusuf/ros2_wsn/install/sensor_fusion/share/sensor_fusion/package.bash'
[18.681s] INFO:colcon.colcon_core.shell:Creating package script '/home/yusuf/ros2_wsn/install/sensor_fusion/share/sensor_fusion/package.zsh'
[18.681s] Level 1:colcon.colcon_core.environment:create_file_with_runtime_dependencies(/home/yusuf/ros2_wsn/install/sensor_fusion/share/colcon-core/packages/sensor_fusion)
[18.681s] DEBUG:colcon.colcon_parallel_executor.executor.parallel:closing loop
[18.682s] DEBUG:colcon.colcon_parallel_executor.executor.parallel:loop closed
[18.682s] DEBUG:colcon.colcon_parallel_executor.executor.parallel:run_until_complete finished with '0'
[18.682s] DEBUG:colcon.colcon_core.event_reactor:joining thread
[18.693s] INFO:colcon.colcon_core.plugin_system:Skipping extension 'colcon_notification.desktop_notification.notify_send': Could not find 'notify-send'
[18.693s] INFO:colcon.colcon_core.plugin_system:Skipping extension 'colcon_notification.desktop_notification.terminal_notifier': Not used on non-Darwin systems
[18.693s] INFO:colcon.colcon_core.plugin_system:Skipping extension 'colcon_notification.desktop_notification.win32': Not used on non-Windows systems
[18.693s] INFO:colcon.colcon_notification.desktop_notification:Sending desktop notification using 'notify2'
[18.695s] DEBUG:colcon.colcon_notification.desktop_notification.notify2:Failed to initialize notify2: org.freedesktop.DBus.Error.ServiceUnknown: The name org.freedesktop.Notifications was not provided by any .service files
[18.696s] DEBUG:colcon.colcon_core.event_reactor:joined thread
[18.696s] INFO:colcon.colcon_core.shell:Creating prefix script '/home/yusuf/ros2_wsn/install/local_setup.ps1'
[18.699s] INFO:colcon.colcon_core.shell:Creating prefix util module '/home/yusuf/ros2_wsn/install/_local_setup_util_ps1.py'
[18.703s] INFO:colcon.colcon_core.shell:Creating prefix chain script '/home/yusuf/ros2_wsn/install/setup.ps1'
[18.705s] INFO:colcon.colcon_core.shell:Creating prefix script '/home/yusuf/ros2_wsn/install/local_setup.sh'
[18.706s] INFO:colcon.colcon_core.shell:Creating prefix util module '/home/yusuf/ros2_wsn/install/_local_setup_util_sh.py'
[18.706s] INFO:colcon.colcon_core.shell:Creating prefix chain script '/home/yusuf/ros2_wsn/install/setup.sh'
[18.708s] INFO:colcon.colcon_core.shell:Creating prefix script '/home/yusuf/ros2_wsn/install/local_setup.bash'
[18.709s] INFO:colcon.colcon_core.shell:Creating prefix chain script '/home/yusuf/ros2_wsn/install/setup.bash'
[18.710s] INFO:colcon.colcon_core.shell:Creating prefix script '/home/yusuf/ros2_wsn/install/local_setup.zsh'
[18.712s] INFO:colcon.colcon_core.shell:Creating prefix chain script '/home/yusuf/ros2_wsn/install/setup.zsh'
