[0.110s] DEBUG:colcon:Command line arguments: ['/usr/bin/colcon', 'build']
[0.111s] DEBUG:colcon:Parsed command line arguments: Namespace(log_base=None, log_level=None, verb_name='build', build_base='build', install_base='install', merge_install=False, symlink_install=False, test_result_base=None, continue_on_error=False, executor='parallel', parallel_workers=8, event_handlers=None, ignore_user_meta=False, metas=['./colcon.meta'], base_paths=['.'], packages_ignore=None, packages_ignore_regex=None, paths=None, packages_up_to=None, packages_up_to_regex=None, packages_above=None, packages_above_and_dependencies=None, packages_above_depth=None, packages_select_by_dep=None, packages_skip_by_dep=None, packages_skip_up_to=None, packages_select_build_failed=False, packages_skip_build_finished=False, packages_select_test_failures=False, packages_skip_test_passed=False, packages_select=None, packages_skip=None, packages_select_regex=None, packages_skip_regex=None, packages_start=None, packages_end=None, allow_overriding=[], cmake_args=None, cmake_target=None, cmake_target_skip_unavailable=False, cmake_clean_cache=False, cmake_clean_first=False, cmake_force_configure=False, ament_cmake_args=None, catkin_cmake_args=None, catkin_skip_building_tests=False, verb_parser=<colcon_defaults.argument_parser.defaults.DefaultArgumentsDecorator object at 0x718812bfab30>, verb_extension=<colcon_core.verb.build.BuildVerb object at 0x718812bfa470>, main=<bound method BuildVerb.main of <colcon_core.verb.build.BuildVerb object at 0x718812bfa470>>)
[0.357s] Level 1:colcon.colcon_core.package_discovery:discover_packages(colcon_meta) check parameters
[0.357s] Level 1:colcon.colcon_core.package_discovery:discover_packages(recursive) check parameters
[0.358s] Level 1:colcon.colcon_core.package_discovery:discover_packages(ignore) check parameters
[0.358s] Level 1:colcon.colcon_core.package_discovery:discover_packages(path) check parameters
[0.358s] Level 1:colcon.colcon_core.package_discovery:discover_packages(colcon_meta) discover
[0.358s] Level 1:colcon.colcon_core.package_discovery:discover_packages(recursive) discover
[0.358s] INFO:colcon.colcon_core.package_discovery:Crawling recursively for packages in '/home/yusuf/ros2_wsn'
[0.358s] Level 1:colcon.colcon_core.package_identification:_identify(.) by extensions ['ignore', 'ignore_ament_install']
[0.358s] Level 1:colcon.colcon_core.package_identification:_identify(.) by extension 'ignore'
[0.358s] Level 1:colcon.colcon_core.package_identification:_identify(.) by extension 'ignore_ament_install'
[0.358s] Level 1:colcon.colcon_core.package_identification:_identify(.) by extensions ['colcon_pkg']
[0.359s] Level 1:colcon.colcon_core.package_identification:_identify(.) by extension 'colcon_pkg'
[0.359s] Level 1:colcon.colcon_core.package_identification:_identify(.) by extensions ['colcon_meta']
[0.359s] Level 1:colcon.colcon_core.package_identification:_identify(.) by extension 'colcon_meta'
[0.359s] Level 1:colcon.colcon_core.package_identification:_identify(.) by extensions ['ros']
[0.359s] Level 1:colcon.colcon_core.package_identification:_identify(.) by extension 'ros'
[0.373s] Level 1:colcon.colcon_core.package_identification:_identify(.) by extensions ['cmake', 'python']
[0.373s] Level 1:colcon.colcon_core.package_identification:_identify(.) by extension 'cmake'
[0.373s] Level 1:colcon.colcon_core.package_identification:_identify(.) by extension 'python'
[0.373s] Level 1:colcon.colcon_core.package_identification:_identify(.) by extensions ['python_setup_py']
[0.373s] Level 1:colcon.colcon_core.package_identification:_identify(.) by extension 'python_setup_py'
[0.373s] Level 1:colcon.colcon_core.package_identification:_identify(build) by extensions ['ignore', 'ignore_ament_install']
[0.373s] Level 1:colcon.colcon_core.package_identification:_identify(build) by extension 'ignore'
[0.374s] Level 1:colcon.colcon_core.package_identification:_identify(build) ignored
[0.374s] Level 1:colcon.colcon_core.package_identification:_identify(install) by extensions ['ignore', 'ignore_ament_install']
[0.374s] Level 1:colcon.colcon_core.package_identification:_identify(install) by extension 'ignore'
[0.375s] Level 1:colcon.colcon_core.package_identification:_identify(install) ignored
[0.375s] Level 1:colcon.colcon_core.package_identification:_identify(log) by extensions ['ignore', 'ignore_ament_install']
[0.376s] Level 1:colcon.colcon_core.package_identification:_identify(log) by extension 'ignore'
[0.376s] Level 1:colcon.colcon_core.package_identification:_identify(log) ignored
[0.376s] Level 1:colcon.colcon_core.package_identification:_identify(src) by extensions ['ignore', 'ignore_ament_install']
[0.376s] Level 1:colcon.colcon_core.package_identification:_identify(src) by extension 'ignore'
[0.376s] Level 1:colcon.colcon_core.package_identification:_identify(src) by extension 'ignore_ament_install'
[0.377s] Level 1:colcon.colcon_core.package_identification:_identify(src) by extensions ['colcon_pkg']
[0.377s] Level 1:colcon.colcon_core.package_identification:_identify(src) by extension 'colcon_pkg'
[0.377s] Level 1:colcon.colcon_core.package_identification:_identify(src) by extensions ['colcon_meta']
[0.377s] Level 1:colcon.colcon_core.package_identification:_identify(src) by extension 'colcon_meta'
[0.377s] Level 1:colcon.colcon_core.package_identification:_identify(src) by extensions ['ros']
[0.377s] Level 1:colcon.colcon_core.package_identification:_identify(src) by extension 'ros'
[0.377s] Level 1:colcon.colcon_core.package_identification:_identify(src) by extensions ['cmake', 'python']
[0.377s] Level 1:colcon.colcon_core.package_identification:_identify(src) by extension 'cmake'
[0.378s] Level 1:colcon.colcon_core.package_identification:_identify(src) by extension 'python'
[0.378s] Level 1:colcon.colcon_core.package_identification:_identify(src) by extensions ['python_setup_py']
[0.378s] Level 1:colcon.colcon_core.package_identification:_identify(src) by extension 'python_setup_py'
[0.378s] Level 1:colcon.colcon_core.package_identification:_identify(src/control_systems) by extensions ['ignore', 'ignore_ament_install']
[0.378s] Level 1:colcon.colcon_core.package_identification:_identify(src/control_systems) by extension 'ignore'
[0.378s] Level 1:colcon.colcon_core.package_identification:_identify(src/control_systems) by extension 'ignore_ament_install'
[0.378s] Level 1:colcon.colcon_core.package_identification:_identify(src/control_systems) by extensions ['colcon_pkg']
[0.379s] Level 1:colcon.colcon_core.package_identification:_identify(src/control_systems) by extension 'colcon_pkg'
[0.379s] Level 1:colcon.colcon_core.package_identification:_identify(src/control_systems) by extensions ['colcon_meta']
[0.379s] Level 1:colcon.colcon_core.package_identification:_identify(src/control_systems) by extension 'colcon_meta'
[0.379s] Level 1:colcon.colcon_core.package_identification:_identify(src/control_systems) by extensions ['ros']
[0.379s] Level 1:colcon.colcon_core.package_identification:_identify(src/control_systems) by extension 'ros'
[0.383s] DEBUG:colcon.colcon_core.package_identification:Package 'src/control_systems' with type 'ros.ament_cmake' and name 'control_systems'
[0.383s] Level 1:colcon.colcon_core.package_identification:_identify(src/robot_sensing) by extensions ['ignore', 'ignore_ament_install']
[0.384s] Level 1:colcon.colcon_core.package_identification:_identify(src/robot_sensing) by extension 'ignore'
[0.384s] Level 1:colcon.colcon_core.package_identification:_identify(src/robot_sensing) by extension 'ignore_ament_install'
[0.384s] Level 1:colcon.colcon_core.package_identification:_identify(src/robot_sensing) by extensions ['colcon_pkg']
[0.384s] Level 1:colcon.colcon_core.package_identification:_identify(src/robot_sensing) by extension 'colcon_pkg'
[0.384s] Level 1:colcon.colcon_core.package_identification:_identify(src/robot_sensing) by extensions ['colcon_meta']
[0.384s] Level 1:colcon.colcon_core.package_identification:_identify(src/robot_sensing) by extension 'colcon_meta'
[0.384s] Level 1:colcon.colcon_core.package_identification:_identify(src/robot_sensing) by extensions ['ros']
[0.384s] Level 1:colcon.colcon_core.package_identification:_identify(src/robot_sensing) by extension 'ros'
[0.385s] DEBUG:colcon.colcon_core.package_identification:Package 'src/robot_sensing' with type 'ros.ament_cmake' and name 'robot_sensing'
[0.386s] Level 1:colcon.colcon_core.package_identification:_identify(src/sensor_fusion) by extensions ['ignore', 'ignore_ament_install']
[0.386s] Level 1:colcon.colcon_core.package_identification:_identify(src/sensor_fusion) by extension 'ignore'
[0.386s] Level 1:colcon.colcon_core.package_identification:_identify(src/sensor_fusion) by extension 'ignore_ament_install'
[0.386s] Level 1:colcon.colcon_core.package_identification:_identify(src/sensor_fusion) by extensions ['colcon_pkg']
[0.386s] Level 1:colcon.colcon_core.package_identification:_identify(src/sensor_fusion) by extension 'colcon_pkg'
[0.386s] Level 1:colcon.colcon_core.package_identification:_identify(src/sensor_fusion) by extensions ['colcon_meta']
[0.386s] Level 1:colcon.colcon_core.package_identification:_identify(src/sensor_fusion) by extension 'colcon_meta'
[0.386s] Level 1:colcon.colcon_core.package_identification:_identify(src/sensor_fusion) by extensions ['ros']
[0.386s] Level 1:colcon.colcon_core.package_identification:_identify(src/sensor_fusion) by extension 'ros'
[0.387s] DEBUG:colcon.colcon_core.package_identification:Package 'src/sensor_fusion' with type 'ros.ament_cmake' and name 'sensor_fusion'
[0.387s] Level 1:colcon.colcon_core.package_discovery:discover_packages(recursive) using defaults
[0.388s] Level 1:colcon.colcon_core.package_discovery:discover_packages(ignore) discover
[0.388s] Level 1:colcon.colcon_core.package_discovery:discover_packages(ignore) using defaults
[0.388s] Level 1:colcon.colcon_core.package_discovery:discover_packages(path) discover
[0.388s] Level 1:colcon.colcon_core.package_discovery:discover_packages(path) using defaults
[0.434s] Level 1:colcon.colcon_core.package_discovery:discover_packages(prefix_path) check parameters
[0.434s] Level 1:colcon.colcon_core.package_discovery:discover_packages(prefix_path) discover
[0.437s] DEBUG:colcon.colcon_installed_package_information.package_discovery:Found 426 installed packages in /opt/ros/humble
[0.441s] Level 1:colcon.colcon_core.package_discovery:discover_packages(prefix_path) using defaults
[0.515s] Level 5:colcon.colcon_core.verb:set package 'control_systems' build argument 'cmake_args' from command line to 'None'
[0.515s] Level 5:colcon.colcon_core.verb:set package 'control_systems' build argument 'cmake_target' from command line to 'None'
[0.515s] Level 5:colcon.colcon_core.verb:set package 'control_systems' build argument 'cmake_target_skip_unavailable' from command line to 'False'
[0.515s] Level 5:colcon.colcon_core.verb:set package 'control_systems' build argument 'cmake_clean_cache' from command line to 'False'
[0.515s] Level 5:colcon.colcon_core.verb:set package 'control_systems' build argument 'cmake_clean_first' from command line to 'False'
[0.515s] Level 5:colcon.colcon_core.verb:set package 'control_systems' build argument 'cmake_force_configure' from command line to 'False'
[0.515s] Level 5:colcon.colcon_core.verb:set package 'control_systems' build argument 'ament_cmake_args' from command line to 'None'
[0.515s] Level 5:colcon.colcon_core.verb:set package 'control_systems' build argument 'catkin_cmake_args' from command line to 'None'
[0.515s] Level 5:colcon.colcon_core.verb:set package 'control_systems' build argument 'catkin_skip_building_tests' from command line to 'False'
[0.515s] DEBUG:colcon.colcon_core.verb:Building package 'control_systems' with the following arguments: {'ament_cmake_args': None, 'build_base': '/home/yusuf/ros2_wsn/build/control_systems', 'catkin_cmake_args': None, 'catkin_skip_building_tests': False, 'cmake_args': None, 'cmake_clean_cache': False, 'cmake_clean_first': False, 'cmake_force_configure': False, 'cmake_target': None, 'cmake_target_skip_unavailable': False, 'install_base': '/home/yusuf/ros2_wsn/install/control_systems', 'merge_install': False, 'path': '/home/yusuf/ros2_wsn/src/control_systems', 'symlink_install': False, 'test_result_base': None}
[0.516s] Level 5:colcon.colcon_core.verb:set package 'robot_sensing' build argument 'cmake_args' from command line to 'None'
[0.516s] Level 5:colcon.colcon_core.verb:set package 'robot_sensing' build argument 'cmake_target' from command line to 'None'
[0.516s] Level 5:colcon.colcon_core.verb:set package 'robot_sensing' build argument 'cmake_target_skip_unavailable' from command line to 'False'
[0.516s] Level 5:colcon.colcon_core.verb:set package 'robot_sensing' build argument 'cmake_clean_cache' from command line to 'False'
[0.516s] Level 5:colcon.colcon_core.verb:set package 'robot_sensing' build argument 'cmake_clean_first' from command line to 'False'
[0.516s] Level 5:colcon.colcon_core.verb:set package 'robot_sensing' build argument 'cmake_force_configure' from command line to 'False'
[0.516s] Level 5:colcon.colcon_core.verb:set package 'robot_sensing' build argument 'ament_cmake_args' from command line to 'None'
[0.516s] Level 5:colcon.colcon_core.verb:set package 'robot_sensing' build argument 'catkin_cmake_args' from command line to 'None'
[0.516s] Level 5:colcon.colcon_core.verb:set package 'robot_sensing' build argument 'catkin_skip_building_tests' from command line to 'False'
[0.516s] DEBUG:colcon.colcon_core.verb:Building package 'robot_sensing' with the following arguments: {'ament_cmake_args': None, 'build_base': '/home/yusuf/ros2_wsn/build/robot_sensing', 'catkin_cmake_args': None, 'catkin_skip_building_tests': False, 'cmake_args': None, 'cmake_clean_cache': False, 'cmake_clean_first': False, 'cmake_force_configure': False, 'cmake_target': None, 'cmake_target_skip_unavailable': False, 'install_base': '/home/yusuf/ros2_wsn/install/robot_sensing', 'merge_install': False, 'path': '/home/yusuf/ros2_wsn/src/robot_sensing', 'symlink_install': False, 'test_result_base': None}
[0.517s] Level 5:colcon.colcon_core.verb:set package 'sensor_fusion' build argument 'cmake_args' from command line to 'None'
[0.517s] Level 5:colcon.colcon_core.verb:set package 'sensor_fusion' build argument 'cmake_target' from command line to 'None'
[0.517s] Level 5:colcon.colcon_core.verb:set package 'sensor_fusion' build argument 'cmake_target_skip_unavailable' from command line to 'False'
[0.517s] Level 5:colcon.colcon_core.verb:set package 'sensor_fusion' build argument 'cmake_clean_cache' from command line to 'False'
[0.517s] Level 5:colcon.colcon_core.verb:set package 'sensor_fusion' build argument 'cmake_clean_first' from command line to 'False'
[0.517s] Level 5:colcon.colcon_core.verb:set package 'sensor_fusion' build argument 'cmake_force_configure' from command line to 'False'
[0.517s] Level 5:colcon.colcon_core.verb:set package 'sensor_fusion' build argument 'ament_cmake_args' from command line to 'None'
[0.517s] Level 5:colcon.colcon_core.verb:set package 'sensor_fusion' build argument 'catkin_cmake_args' from command line to 'None'
[0.517s] Level 5:colcon.colcon_core.verb:set package 'sensor_fusion' build argument 'catkin_skip_building_tests' from command line to 'False'
[0.517s] DEBUG:colcon.colcon_core.verb:Building package 'sensor_fusion' with the following arguments: {'ament_cmake_args': None, 'build_base': '/home/yusuf/ros2_wsn/build/sensor_fusion', 'catkin_cmake_args': None, 'catkin_skip_building_tests': False, 'cmake_args': None, 'cmake_clean_cache': False, 'cmake_clean_first': False, 'cmake_force_configure': False, 'cmake_target': None, 'cmake_target_skip_unavailable': False, 'install_base': '/home/yusuf/ros2_wsn/install/sensor_fusion', 'merge_install': False, 'path': '/home/yusuf/ros2_wsn/src/sensor_fusion', 'symlink_install': False, 'test_result_base': None}
[0.517s] INFO:colcon.colcon_core.executor:Executing jobs using 'parallel' executor
[0.519s] DEBUG:colcon.colcon_parallel_executor.executor.parallel:run_until_complete
[0.519s] INFO:colcon.colcon_ros.task.ament_cmake.build:Building ROS package in '/home/yusuf/ros2_wsn/src/control_systems' with build type 'ament_cmake'
[0.519s] INFO:colcon.colcon_cmake.task.cmake.build:Building CMake package in '/home/yusuf/ros2_wsn/src/control_systems'
[0.522s] INFO:colcon.colcon_core.plugin_system:Skipping extension 'colcon_core.shell.bat': Not used on non-Windows systems
[0.522s] INFO:colcon.colcon_core.shell:Skip shell extension 'powershell' for command environment: Not usable outside of PowerShell
[0.523s] DEBUG:colcon.colcon_core.shell:Skip shell extension 'dsv' for command environment
[0.529s] INFO:colcon.colcon_ros.task.ament_cmake.build:Building ROS package in '/home/yusuf/ros2_wsn/src/robot_sensing' with build type 'ament_cmake'
[0.529s] INFO:colcon.colcon_cmake.task.cmake.build:Building CMake package in '/home/yusuf/ros2_wsn/src/robot_sensing'
[0.530s] INFO:colcon.colcon_core.shell:Skip shell extension 'powershell' for command environment: Not usable outside of PowerShell
[0.530s] DEBUG:colcon.colcon_core.shell:Skip shell extension 'dsv' for command environment
[0.535s] INFO:colcon.colcon_ros.task.ament_cmake.build:Building ROS package in '/home/yusuf/ros2_wsn/src/sensor_fusion' with build type 'ament_cmake'
[0.536s] INFO:colcon.colcon_cmake.task.cmake.build:Building CMake package in '/home/yusuf/ros2_wsn/src/sensor_fusion'
[0.536s] INFO:colcon.colcon_core.shell:Skip shell extension 'powershell' for command environment: Not usable outside of PowerShell
[0.536s] DEBUG:colcon.colcon_core.shell:Skip shell extension 'dsv' for command environment
[0.548s] DEBUG:colcon.colcon_core.event_handler.log_command:Invoking command in '/home/yusuf/ros2_wsn/build/control_systems': CMAKE_PREFIX_PATH=/opt/ros/humble /usr/bin/cmake --build /home/yusuf/ros2_wsn/build/control_systems -- -j8 -l8
[0.558s] DEBUG:colcon.colcon_core.event_handler.log_command:Invoking command in '/home/yusuf/ros2_wsn/build/robot_sensing': CMAKE_PREFIX_PATH=/opt/ros/humble /usr/bin/cmake --build /home/yusuf/ros2_wsn/build/robot_sensing -- -j8 -l8
[0.565s] DEBUG:colcon.colcon_core.event_handler.log_command:Invoking command in '/home/yusuf/ros2_wsn/build/sensor_fusion': CMAKE_PREFIX_PATH=/opt/ros/humble /usr/bin/cmake --build /home/yusuf/ros2_wsn/build/sensor_fusion -- -j8 -l8
[0.685s] DEBUG:colcon.colcon_core.event_handler.log_command:Invoked command in '/home/yusuf/ros2_wsn/build/control_systems' returned '0': CMAKE_PREFIX_PATH=/opt/ros/humble /usr/bin/cmake --build /home/yusuf/ros2_wsn/build/control_systems -- -j8 -l8
[0.718s] DEBUG:colcon.colcon_core.event_handler.log_command:Invoked command in '/home/yusuf/ros2_wsn/build/robot_sensing' returned '0': CMAKE_PREFIX_PATH=/opt/ros/humble /usr/bin/cmake --build /home/yusuf/ros2_wsn/build/robot_sensing -- -j8 -l8
[0.754s] DEBUG:colcon.colcon_core.event_handler.log_command:Invoking command in '/home/yusuf/ros2_wsn/build/control_systems': CMAKE_PREFIX_PATH=/opt/ros/humble /usr/bin/cmake --install /home/yusuf/ros2_wsn/build/control_systems
[0.779s] Level 1:colcon.colcon_core.environment:create_environment_scripts_only(control_systems)
[0.783s] DEBUG:colcon.colcon_core.event_handler.log_command:Invoked command in '/home/yusuf/ros2_wsn/build/control_systems' returned '0': CMAKE_PREFIX_PATH=/opt/ros/humble /usr/bin/cmake --install /home/yusuf/ros2_wsn/build/control_systems
[0.787s] Level 1:colcon.colcon_core.environment:checking '/home/yusuf/ros2_wsn/install/control_systems' for CMake module files
[0.789s] Level 1:colcon.colcon_core.environment:checking '/home/yusuf/ros2_wsn/install/control_systems' for CMake config files
[0.790s] Level 1:colcon.colcon_core.shell:create_environment_hook('control_systems', 'cmake_prefix_path')
[0.790s] INFO:colcon.colcon_core.shell:Creating environment hook '/home/yusuf/ros2_wsn/install/control_systems/share/control_systems/hook/cmake_prefix_path.ps1'
[0.791s] INFO:colcon.colcon_core.shell:Creating environment descriptor '/home/yusuf/ros2_wsn/install/control_systems/share/control_systems/hook/cmake_prefix_path.dsv'
[0.792s] INFO:colcon.colcon_core.shell:Creating environment hook '/home/yusuf/ros2_wsn/install/control_systems/share/control_systems/hook/cmake_prefix_path.sh'
[0.794s] Level 1:colcon.colcon_core.environment:checking '/home/yusuf/ros2_wsn/install/control_systems/lib'
[0.795s] Level 1:colcon.colcon_core.environment:checking '/home/yusuf/ros2_wsn/install/control_systems/bin'
[0.795s] Level 1:colcon.colcon_core.environment:checking '/home/yusuf/ros2_wsn/install/control_systems/lib/pkgconfig/control_systems.pc'
[0.796s] Level 1:colcon.colcon_core.environment:checking '/home/yusuf/ros2_wsn/install/control_systems/lib/python3.10/site-packages'
[0.797s] Level 1:colcon.colcon_core.environment:checking '/home/yusuf/ros2_wsn/install/control_systems/bin'
[0.798s] INFO:colcon.colcon_core.shell:Creating package script '/home/yusuf/ros2_wsn/install/control_systems/share/control_systems/package.ps1'
[0.800s] INFO:colcon.colcon_core.shell:Creating package descriptor '/home/yusuf/ros2_wsn/install/control_systems/share/control_systems/package.dsv'
[0.801s] INFO:colcon.colcon_core.shell:Creating package script '/home/yusuf/ros2_wsn/install/control_systems/share/control_systems/package.sh'
[0.802s] INFO:colcon.colcon_core.shell:Creating package script '/home/yusuf/ros2_wsn/install/control_systems/share/control_systems/package.bash'
[0.803s] INFO:colcon.colcon_core.shell:Creating package script '/home/yusuf/ros2_wsn/install/control_systems/share/control_systems/package.zsh'
[0.804s] Level 1:colcon.colcon_core.environment:create_file_with_runtime_dependencies(/home/yusuf/ros2_wsn/install/control_systems/share/colcon-core/packages/control_systems)
[0.812s] DEBUG:colcon.colcon_core.event_handler.log_command:Invoking command in '/home/yusuf/ros2_wsn/build/robot_sensing': CMAKE_PREFIX_PATH=/opt/ros/humble /usr/bin/cmake --install /home/yusuf/ros2_wsn/build/robot_sensing
[0.832s] Level 1:colcon.colcon_core.environment:create_environment_scripts_only(robot_sensing)
[0.833s] Level 1:colcon.colcon_core.environment:checking '/home/yusuf/ros2_wsn/install/robot_sensing' for CMake module files
[0.834s] DEBUG:colcon.colcon_core.event_handler.log_command:Invoked command in '/home/yusuf/ros2_wsn/build/robot_sensing' returned '0': CMAKE_PREFIX_PATH=/opt/ros/humble /usr/bin/cmake --install /home/yusuf/ros2_wsn/build/robot_sensing
[0.835s] Level 1:colcon.colcon_core.environment:checking '/home/yusuf/ros2_wsn/install/robot_sensing' for CMake config files
[0.836s] Level 1:colcon.colcon_core.shell:create_environment_hook('robot_sensing', 'cmake_prefix_path')
[0.837s] INFO:colcon.colcon_core.shell:Creating environment hook '/home/yusuf/ros2_wsn/install/robot_sensing/share/robot_sensing/hook/cmake_prefix_path.ps1'
[0.837s] INFO:colcon.colcon_core.shell:Creating environment descriptor '/home/yusuf/ros2_wsn/install/robot_sensing/share/robot_sensing/hook/cmake_prefix_path.dsv'
[0.838s] INFO:colcon.colcon_core.shell:Creating environment hook '/home/yusuf/ros2_wsn/install/robot_sensing/share/robot_sensing/hook/cmake_prefix_path.sh'
[0.840s] Level 1:colcon.colcon_core.environment:checking '/home/yusuf/ros2_wsn/install/robot_sensing/lib'
[0.840s] Level 1:colcon.colcon_core.environment:checking '/home/yusuf/ros2_wsn/install/robot_sensing/bin'
[0.840s] Level 1:colcon.colcon_core.environment:checking '/home/yusuf/ros2_wsn/install/robot_sensing/lib/pkgconfig/robot_sensing.pc'
[0.841s] Level 1:colcon.colcon_core.environment:checking '/home/yusuf/ros2_wsn/install/robot_sensing/lib/python3.10/site-packages'
[0.842s] Level 1:colcon.colcon_core.environment:checking '/home/yusuf/ros2_wsn/install/robot_sensing/bin'
[0.842s] INFO:colcon.colcon_core.shell:Creating package script '/home/yusuf/ros2_wsn/install/robot_sensing/share/robot_sensing/package.ps1'
[0.844s] INFO:colcon.colcon_core.shell:Creating package descriptor '/home/yusuf/ros2_wsn/install/robot_sensing/share/robot_sensing/package.dsv'
[0.844s] INFO:colcon.colcon_core.shell:Creating package script '/home/yusuf/ros2_wsn/install/robot_sensing/share/robot_sensing/package.sh'
[0.845s] INFO:colcon.colcon_core.shell:Creating package script '/home/yusuf/ros2_wsn/install/robot_sensing/share/robot_sensing/package.bash'
[0.846s] INFO:colcon.colcon_core.shell:Creating package script '/home/yusuf/ros2_wsn/install/robot_sensing/share/robot_sensing/package.zsh'
[0.847s] Level 1:colcon.colcon_core.environment:create_file_with_runtime_dependencies(/home/yusuf/ros2_wsn/install/robot_sensing/share/colcon-core/packages/robot_sensing)
[0.854s] Level 1:colcon.colcon_core.environment:create_environment_scripts_only(control_systems)
[0.854s] Level 1:colcon.colcon_core.environment:checking '/home/yusuf/ros2_wsn/install/control_systems' for CMake module files
[0.856s] Level 1:colcon.colcon_core.environment:checking '/home/yusuf/ros2_wsn/install/control_systems' for CMake config files
[0.856s] Level 1:colcon.colcon_core.shell:create_environment_hook('control_systems', 'cmake_prefix_path')
[0.857s] INFO:colcon.colcon_core.shell:Creating environment hook '/home/yusuf/ros2_wsn/install/control_systems/share/control_systems/hook/cmake_prefix_path.ps1'
[0.858s] INFO:colcon.colcon_core.shell:Creating environment descriptor '/home/yusuf/ros2_wsn/install/control_systems/share/control_systems/hook/cmake_prefix_path.dsv'
[0.859s] INFO:colcon.colcon_core.shell:Creating environment hook '/home/yusuf/ros2_wsn/install/control_systems/share/control_systems/hook/cmake_prefix_path.sh'
[0.860s] Level 1:colcon.colcon_core.environment:checking '/home/yusuf/ros2_wsn/install/control_systems/lib'
[0.860s] Level 1:colcon.colcon_core.environment:checking '/home/yusuf/ros2_wsn/install/control_systems/bin'
[0.860s] Level 1:colcon.colcon_core.environment:checking '/home/yusuf/ros2_wsn/install/control_systems/lib/pkgconfig/control_systems.pc'
[0.861s] Level 1:colcon.colcon_core.environment:checking '/home/yusuf/ros2_wsn/install/control_systems/lib/python3.10/site-packages'
[0.861s] Level 1:colcon.colcon_core.environment:checking '/home/yusuf/ros2_wsn/install/control_systems/bin'
[0.862s] INFO:colcon.colcon_core.shell:Creating package script '/home/yusuf/ros2_wsn/install/control_systems/share/control_systems/package.ps1'
[0.863s] INFO:colcon.colcon_core.shell:Creating package descriptor '/home/yusuf/ros2_wsn/install/control_systems/share/control_systems/package.dsv'
[0.864s] INFO:colcon.colcon_core.shell:Creating package script '/home/yusuf/ros2_wsn/install/control_systems/share/control_systems/package.sh'
[0.865s] INFO:colcon.colcon_core.shell:Creating package script '/home/yusuf/ros2_wsn/install/control_systems/share/control_systems/package.bash'
[0.866s] INFO:colcon.colcon_core.shell:Creating package script '/home/yusuf/ros2_wsn/install/control_systems/share/control_systems/package.zsh'
[0.867s] Level 1:colcon.colcon_core.environment:create_file_with_runtime_dependencies(/home/yusuf/ros2_wsn/install/control_systems/share/colcon-core/packages/control_systems)
[0.908s] Level 1:colcon.colcon_core.environment:create_environment_scripts_only(robot_sensing)
[0.908s] Level 1:colcon.colcon_core.environment:checking '/home/yusuf/ros2_wsn/install/robot_sensing' for CMake module files
[0.910s] Level 1:colcon.colcon_core.environment:checking '/home/yusuf/ros2_wsn/install/robot_sensing' for CMake config files
[0.910s] Level 1:colcon.colcon_core.shell:create_environment_hook('robot_sensing', 'cmake_prefix_path')
[0.911s] INFO:colcon.colcon_core.shell:Creating environment hook '/home/yusuf/ros2_wsn/install/robot_sensing/share/robot_sensing/hook/cmake_prefix_path.ps1'
[0.912s] INFO:colcon.colcon_core.shell:Creating environment descriptor '/home/yusuf/ros2_wsn/install/robot_sensing/share/robot_sensing/hook/cmake_prefix_path.dsv'
[0.912s] INFO:colcon.colcon_core.shell:Creating environment hook '/home/yusuf/ros2_wsn/install/robot_sensing/share/robot_sensing/hook/cmake_prefix_path.sh'
[0.913s] Level 1:colcon.colcon_core.environment:checking '/home/yusuf/ros2_wsn/install/robot_sensing/lib'
[0.913s] Level 1:colcon.colcon_core.environment:checking '/home/yusuf/ros2_wsn/install/robot_sensing/bin'
[0.913s] Level 1:colcon.colcon_core.environment:checking '/home/yusuf/ros2_wsn/install/robot_sensing/lib/pkgconfig/robot_sensing.pc'
[0.914s] Level 1:colcon.colcon_core.environment:checking '/home/yusuf/ros2_wsn/install/robot_sensing/lib/python3.10/site-packages'
[0.914s] Level 1:colcon.colcon_core.environment:checking '/home/yusuf/ros2_wsn/install/robot_sensing/bin'
[0.915s] INFO:colcon.colcon_core.shell:Creating package script '/home/yusuf/ros2_wsn/install/robot_sensing/share/robot_sensing/package.ps1'
[0.916s] INFO:colcon.colcon_core.shell:Creating package descriptor '/home/yusuf/ros2_wsn/install/robot_sensing/share/robot_sensing/package.dsv'
[0.917s] INFO:colcon.colcon_core.shell:Creating package script '/home/yusuf/ros2_wsn/install/robot_sensing/share/robot_sensing/package.sh'
[0.918s] INFO:colcon.colcon_core.shell:Creating package script '/home/yusuf/ros2_wsn/install/robot_sensing/share/robot_sensing/package.bash'
[0.919s] INFO:colcon.colcon_core.shell:Creating package script '/home/yusuf/ros2_wsn/install/robot_sensing/share/robot_sensing/package.zsh'
[0.919s] Level 1:colcon.colcon_core.environment:create_file_with_runtime_dependencies(/home/yusuf/ros2_wsn/install/robot_sensing/share/colcon-core/packages/robot_sensing)
[9.859s] DEBUG:colcon.colcon_core.event_handler.log_command:Invoked command in '/home/yusuf/ros2_wsn/build/sensor_fusion' returned '2': CMAKE_PREFIX_PATH=/opt/ros/humble /usr/bin/cmake --build /home/yusuf/ros2_wsn/build/sensor_fusion -- -j8 -l8
[9.901s] Level 1:colcon.colcon_core.environment:create_environment_scripts_only(sensor_fusion)
[9.901s] Level 1:colcon.colcon_core.environment:checking '/home/yusuf/ros2_wsn/install/sensor_fusion' for CMake module files
[9.902s] Level 1:colcon.colcon_core.environment:checking '/home/yusuf/ros2_wsn/install/sensor_fusion' for CMake config files
[9.902s] Level 1:colcon.colcon_core.shell:create_environment_hook('sensor_fusion', 'cmake_prefix_path')
[9.903s] INFO:colcon.colcon_core.shell:Creating environment hook '/home/yusuf/ros2_wsn/install/sensor_fusion/share/sensor_fusion/hook/cmake_prefix_path.ps1'
[9.903s] INFO:colcon.colcon_core.shell:Creating environment descriptor '/home/yusuf/ros2_wsn/install/sensor_fusion/share/sensor_fusion/hook/cmake_prefix_path.dsv'
[9.904s] INFO:colcon.colcon_core.shell:Creating environment hook '/home/yusuf/ros2_wsn/install/sensor_fusion/share/sensor_fusion/hook/cmake_prefix_path.sh'
[9.904s] Level 1:colcon.colcon_core.environment:checking '/home/yusuf/ros2_wsn/install/sensor_fusion/lib'
[9.905s] Level 1:colcon.colcon_core.environment:checking '/home/yusuf/ros2_wsn/install/sensor_fusion/bin'
[9.905s] Level 1:colcon.colcon_core.environment:checking '/home/yusuf/ros2_wsn/install/sensor_fusion/lib/pkgconfig/sensor_fusion.pc'
[9.905s] Level 1:colcon.colcon_core.environment:checking '/home/yusuf/ros2_wsn/install/sensor_fusion/lib/python3.10/site-packages'
[9.905s] Level 1:colcon.colcon_core.environment:checking '/home/yusuf/ros2_wsn/install/sensor_fusion/bin'
[9.906s] INFO:colcon.colcon_core.shell:Creating package script '/home/yusuf/ros2_wsn/install/sensor_fusion/share/sensor_fusion/package.ps1'
[9.906s] INFO:colcon.colcon_core.shell:Creating package descriptor '/home/yusuf/ros2_wsn/install/sensor_fusion/share/sensor_fusion/package.dsv'
[9.907s] INFO:colcon.colcon_core.shell:Creating package script '/home/yusuf/ros2_wsn/install/sensor_fusion/share/sensor_fusion/package.sh'
[9.908s] INFO:colcon.colcon_core.shell:Creating package script '/home/yusuf/ros2_wsn/install/sensor_fusion/share/sensor_fusion/package.bash'
[9.908s] INFO:colcon.colcon_core.shell:Creating package script '/home/yusuf/ros2_wsn/install/sensor_fusion/share/sensor_fusion/package.zsh'
[9.909s] Level 1:colcon.colcon_core.environment:create_file_with_runtime_dependencies(/home/yusuf/ros2_wsn/install/sensor_fusion/share/colcon-core/packages/sensor_fusion)
[9.919s] DEBUG:colcon.colcon_parallel_executor.executor.parallel:closing loop
[9.919s] DEBUG:colcon.colcon_parallel_executor.executor.parallel:loop closed
[9.920s] DEBUG:colcon.colcon_parallel_executor.executor.parallel:run_until_complete finished with '2'
[9.920s] DEBUG:colcon.colcon_core.event_reactor:joining thread
[9.927s] INFO:colcon.colcon_core.plugin_system:Skipping extension 'colcon_notification.desktop_notification.notify_send': Could not find 'notify-send'
[9.928s] INFO:colcon.colcon_core.plugin_system:Skipping extension 'colcon_notification.desktop_notification.terminal_notifier': Not used on non-Darwin systems
[9.928s] INFO:colcon.colcon_core.plugin_system:Skipping extension 'colcon_notification.desktop_notification.win32': Not used on non-Windows systems
[9.928s] INFO:colcon.colcon_notification.desktop_notification:Sending desktop notification using 'notify2'
[9.930s] DEBUG:colcon.colcon_notification.desktop_notification.notify2:Failed to initialize notify2: org.freedesktop.DBus.Error.ServiceUnknown: The name org.freedesktop.Notifications was not provided by any .service files
[9.930s] DEBUG:colcon.colcon_core.event_reactor:joined thread
[9.931s] INFO:colcon.colcon_core.shell:Creating prefix script '/home/yusuf/ros2_wsn/install/local_setup.ps1'
[9.932s] INFO:colcon.colcon_core.shell:Creating prefix util module '/home/yusuf/ros2_wsn/install/_local_setup_util_ps1.py'
[9.934s] INFO:colcon.colcon_core.shell:Creating prefix chain script '/home/yusuf/ros2_wsn/install/setup.ps1'
[9.935s] INFO:colcon.colcon_core.shell:Creating prefix script '/home/yusuf/ros2_wsn/install/local_setup.sh'
[9.935s] INFO:colcon.colcon_core.shell:Creating prefix util module '/home/yusuf/ros2_wsn/install/_local_setup_util_sh.py'
[9.936s] INFO:colcon.colcon_core.shell:Creating prefix chain script '/home/yusuf/ros2_wsn/install/setup.sh'
[9.937s] INFO:colcon.colcon_core.shell:Creating prefix script '/home/yusuf/ros2_wsn/install/local_setup.bash'
[9.938s] INFO:colcon.colcon_core.shell:Creating prefix chain script '/home/yusuf/ros2_wsn/install/setup.bash'
[9.939s] INFO:colcon.colcon_core.shell:Creating prefix script '/home/yusuf/ros2_wsn/install/local_setup.zsh'
[9.939s] INFO:colcon.colcon_core.shell:Creating prefix chain script '/home/yusuf/ros2_wsn/install/setup.zsh'
