[0.015s] Invoking command in '/home/yusuf/ros2_wsn/build/robot_sensing': CMAKE_PREFIX_PATH=/opt/ros/humble /usr/bin/cmake /home/yusuf/ros2_wsn/src/robot_sensing -DCMAKE_INSTALL_PREFIX=/home/yusuf/ros2_wsn/install/robot_sensing
[0.104s] -- The C compiler identification is GNU 11.4.0
[0.178s] -- The CXX compiler identification is GNU 11.4.0
[0.190s] -- Detecting C compiler ABI info
[0.291s] -- Detecting C compiler ABI info - done
[0.304s] -- Check for working C compiler: /usr/bin/cc - skipped
[0.304s] -- Detecting C compile features
[0.305s] -- Detecting C compile features - done
[0.312s] -- Detecting CXX compiler ABI info
[0.417s] -- Detecting CXX compiler ABI info - done
[0.429s] -- Check for working CXX compiler: /usr/bin/c++ - skipped
[0.430s] -- Detecting CXX compile features
[0.431s] -- Detecting CXX compile features - done
[0.438s] -- Found ament_cmake: 1.3.9 (/opt/ros/humble/share/ament_cmake/cmake)
[0.634s] -- Found Python3: /usr/bin/python3 (found version "3.10.12") found components: Interpreter 
[0.763s] -- Found rclcpp: 16.0.9 (/opt/ros/humble/share/rclcpp/cmake)
[0.847s] -- Found rosidl_generator_c: 3.1.5 (/opt/ros/humble/share/rosidl_generator_c/cmake)
[0.856s] -- Found rosidl_adapter: 3.1.5 (/opt/ros/humble/share/rosidl_adapter/cmake)
[0.869s] -- Found rosidl_generator_cpp: 3.1.5 (/opt/ros/humble/share/rosidl_generator_cpp/cmake)
[0.891s] -- Using all available rosidl_typesupport_c: rosidl_typesupport_fastrtps_c;rosidl_typesupport_introspection_c
[0.919s] -- Using all available rosidl_typesupport_cpp: rosidl_typesupport_fastrtps_cpp;rosidl_typesupport_introspection_cpp
[1.022s] -- Found rmw_implementation_cmake: 6.1.2 (/opt/ros/humble/share/rmw_implementation_cmake/cmake)
[1.027s] -- Found rmw_fastrtps_cpp: 6.2.6 (/opt/ros/humble/share/rmw_fastrtps_cpp/cmake)
[1.191s] -- Found OpenSSL: /usr/lib/x86_64-linux-gnu/libcrypto.so (found version "3.0.2")  
[1.242s] -- Found FastRTPS: /opt/ros/humble/include  
[1.305s] -- Using RMW implementation 'rmw_fastrtps_cpp' as default
[1.320s] -- Looking for pthread.h
[1.412s] -- Looking for pthread.h - found
[1.412s] -- Performing Test CMAKE_HAVE_LIBC_PTHREAD
[1.512s] -- Performing Test CMAKE_HAVE_LIBC_PTHREAD - Success
[1.513s] -- Found Threads: TRUE  
[1.761s] -- Found geometry_msgs: 4.2.4 (/opt/ros/humble/share/geometry_msgs/cmake)
[1.833s] -- Found nav_msgs: 4.2.4 (/opt/ros/humble/share/nav_msgs/cmake)
[1.955s] -- Found tf2_ros: 0.25.7 (/opt/ros/humble/share/tf2_ros/cmake)
[2.429s] -- Found sensor_msgs: 4.2.4 (/opt/ros/humble/share/sensor_msgs/cmake)
[2.551s] -- Found cv_bridge: 3.2.1 (/opt/ros/humble/share/cv_bridge/cmake)
[2.580s] -- Found OpenCV: /usr (found version "4.5.4") 
[2.601s] -- Checking for module 'eigen3'
[2.620s] --   Found eigen3, version 3.4.0
[2.669s] -- Found Eigen: /usr/include/eigen3 (Required is at least version "3.1") 
[2.669s] -- Eigen found (include: /usr/include/eigen3, version: 3.4.0)
[2.727s] -- Found Boost: /usr/lib/x86_64-linux-gnu/cmake/Boost-1.74.0/BoostConfig.cmake (found suitable version "1.74.0", minimum required is "1.65.0") found components: system filesystem date_time iostreams serialization 
[2.764s] -- Checking for module 'flann'
[2.784s] --   Found flann, version 1.9.1
[2.848s] -- Found FLANN: /usr/lib/x86_64-linux-gnu/libflann_cpp.so  
[2.848s] -- FLANN found (include: /usr/include, lib: /usr/lib/x86_64-linux-gnu/libflann_cpp.so)
[2.906s] -- Found GLEW: /usr/lib/x86_64-linux-gnu/libGLEW.so  
[2.915s] -- Found OpenGL: /usr/lib/x86_64-linux-gnu/libOpenGL.so  found components: OpenGL GLX 
[3.127s] -- Found MPI_C: /usr/lib/x86_64-linux-gnu/libmpi.so (found version "3.1") 
[3.128s] -- Found MPI: TRUE (found version "3.1") found components: C 
[3.132s] -- Found JsonCpp: /usr/lib/x86_64-linux-gnu/libjsoncpp.so (found suitable version "1.9.5", minimum required is "0.7.0") 
[3.147s] -- Found ZLIB: /usr/lib/x86_64-linux-gnu/libz.so (found version "1.2.11") 
[3.186s] -- Found PNG: /usr/lib/x86_64-linux-gnu/libpng.so (found version "1.6.37") 
[3.219s] -- Found Eigen3: /usr/include/eigen3 (found version "3.4.0") 
[3.390s] -- Found X11: /usr/include   
[3.391s] -- Looking for XOpenDisplay in /usr/lib/x86_64-linux-gnu/libX11.so;/usr/lib/x86_64-linux-gnu/libXext.so
[3.495s] -- Looking for XOpenDisplay in /usr/lib/x86_64-linux-gnu/libX11.so;/usr/lib/x86_64-linux-gnu/libXext.so - found
[3.496s] -- Looking for gethostbyname
[3.585s] -- Looking for gethostbyname - found
[3.586s] -- Looking for connect
[3.682s] -- Looking for connect - found
[3.682s] -- Looking for remove
[3.773s] -- Looking for remove - found
[3.773s] -- Looking for shmat
[3.866s] -- Looking for shmat - found
[3.866s] -- Looking for IceConnectionNumber in ICE
[3.963s] -- Looking for IceConnectionNumber in ICE - found
[4.080s] -- Found EXPAT: /usr/lib/x86_64-linux-gnu/libexpat.so (found version "2.4.7") 
[4.083s] -- Found double-conversion: /usr/lib/x86_64-linux-gnu/libdouble-conversion.so  
[4.086s] -- Found LZ4: /usr/lib/x86_64-linux-gnu/liblz4.so (found version "1.9.3") 
[4.088s] -- Found LZMA: /usr/lib/x86_64-linux-gnu/liblzma.so (found version "5.2.5") 
[4.109s] -- Found JPEG: /usr/lib/x86_64-linux-gnu/libjpeg.so (found version "80") 
[4.116s] -- Found TIFF: /usr/lib/x86_64-linux-gnu/libtiff.so (found version "4.3.0")  
[4.123s] -- Found Freetype: /usr/lib/x86_64-linux-gnu/libfreetype.so (found version "2.11.1") 
[4.131s] -- Found utf8cpp: /usr/include/utf8cpp  
[4.245s] -- Checking for module 'libusb-1.0'
[4.265s] --   Found libusb-1.0, version 1.0.25
[4.321s] -- Found libusb: /usr/lib/x86_64-linux-gnu/libusb-1.0.so  
[4.323s] -- Found OpenNI: /usr/lib/libOpenNI.so;libusb::libusb (found version "1.5.4.0") 
[4.323s] -- OpenNI found (version: 1.5.4.0, include: /usr/include/ni, lib: /usr/lib/libOpenNI.so;libusb::libusb)
[4.421s] -- Found OpenNI2: /usr/lib/x86_64-linux-gnu/libOpenNI2.so;libusb::libusb (found version "2.2.0.33") 
[4.421s] -- OpenNI2 found (version: 2.2.0.33, include: /usr/include/openni2, lib: /usr/lib/x86_64-linux-gnu/libOpenNI2.so;libusb::libusb)
[4.421s] [0m** WARNING ** io features related to pcap will be disabled[0m
[4.652s] -- Eigen found (include: /usr/include/eigen3, version: 3.4.0)
[4.661s] -- OpenNI found (version: 1.5.4.0, include: /usr/include/ni, lib: /usr/lib/libOpenNI.so;libusb::libusb)
[4.670s] -- OpenNI2 found (version: 2.2.0.33, include: /usr/include/openni2, lib: /usr/lib/x86_64-linux-gnu/libOpenNI2.so;libusb::libusb)
[4.899s] -- Found Qhull version 8.0.2
[5.136s] -- OpenNI found (version: 1.5.4.0, include: /usr/include/ni, lib: /usr/lib/libOpenNI.so;libusb::libusb)
[5.358s] -- looking for PCL_COMMON
[5.359s] -- Found PCL_COMMON: /usr/lib/x86_64-linux-gnu/libpcl_common.so  
[5.360s] -- looking for PCL_KDTREE
[5.361s] -- Found PCL_KDTREE: /usr/lib/x86_64-linux-gnu/libpcl_kdtree.so  
[5.361s] -- looking for PCL_OCTREE
[5.362s] -- Found PCL_OCTREE: /usr/lib/x86_64-linux-gnu/libpcl_octree.so  
[5.362s] -- looking for PCL_SEARCH
[5.363s] -- Found PCL_SEARCH: /usr/lib/x86_64-linux-gnu/libpcl_search.so  
[5.363s] -- looking for PCL_SAMPLE_CONSENSUS
[5.364s] -- Found PCL_SAMPLE_CONSENSUS: /usr/lib/x86_64-linux-gnu/libpcl_sample_consensus.so  
[5.365s] -- looking for PCL_FILTERS
[5.366s] -- Found PCL_FILTERS: /usr/lib/x86_64-linux-gnu/libpcl_filters.so  
[5.366s] -- looking for PCL_2D
[5.366s] -- Found PCL_2D: /usr/include/pcl-1.12  
[5.367s] -- looking for PCL_GEOMETRY
[5.367s] -- Found PCL_GEOMETRY: /usr/include/pcl-1.12  
[5.368s] -- looking for PCL_IO
[5.369s] -- Found PCL_IO: /usr/lib/x86_64-linux-gnu/libpcl_io.so  
[5.369s] -- looking for PCL_FEATURES
[5.370s] -- Found PCL_FEATURES: /usr/lib/x86_64-linux-gnu/libpcl_features.so  
[5.370s] -- looking for PCL_ML
[5.372s] -- Found PCL_ML: /usr/lib/x86_64-linux-gnu/libpcl_ml.so  
[5.372s] -- looking for PCL_SEGMENTATION
[5.373s] -- Found PCL_SEGMENTATION: /usr/lib/x86_64-linux-gnu/libpcl_segmentation.so  
[5.374s] -- looking for PCL_VISUALIZATION
[5.375s] -- Found PCL_VISUALIZATION: /usr/lib/x86_64-linux-gnu/libpcl_visualization.so  
[5.376s] -- looking for PCL_SURFACE
[5.377s] -- Found PCL_SURFACE: /usr/lib/x86_64-linux-gnu/libpcl_surface.so  
[5.377s] -- looking for PCL_REGISTRATION
[5.378s] -- Found PCL_REGISTRATION: /usr/lib/x86_64-linux-gnu/libpcl_registration.so  
[5.379s] -- looking for PCL_KEYPOINTS
[5.380s] -- Found PCL_KEYPOINTS: /usr/lib/x86_64-linux-gnu/libpcl_keypoints.so  
[5.380s] -- looking for PCL_TRACKING
[5.381s] -- Found PCL_TRACKING: /usr/lib/x86_64-linux-gnu/libpcl_tracking.so  
[5.381s] -- looking for PCL_RECOGNITION
[5.383s] -- Found PCL_RECOGNITION: /usr/lib/x86_64-linux-gnu/libpcl_recognition.so  
[5.383s] -- looking for PCL_STEREO
[5.384s] -- Found PCL_STEREO: /usr/lib/x86_64-linux-gnu/libpcl_stereo.so  
[5.384s] -- looking for PCL_APPS
[5.386s] -- Found PCL_APPS: /usr/lib/x86_64-linux-gnu/libpcl_apps.so  
[5.386s] -- looking for PCL_IN_HAND_SCANNER
[5.387s] -- Found PCL_IN_HAND_SCANNER: /usr/include/pcl-1.12  
[5.387s] -- looking for PCL_MODELER
[5.387s] -- Found PCL_MODELER: /usr/include/pcl-1.12  
[5.387s] -- looking for PCL_POINT_CLOUD_EDITOR
[5.388s] -- Found PCL_POINT_CLOUD_EDITOR: /usr/include/pcl-1.12  
[5.388s] -- looking for PCL_OUTOFCORE
[5.389s] -- Found PCL_OUTOFCORE: /usr/lib/x86_64-linux-gnu/libpcl_outofcore.so  
[5.389s] -- looking for PCL_PEOPLE
[5.390s] -- Found PCL_PEOPLE: /usr/lib/x86_64-linux-gnu/libpcl_people.so  
[5.391s] -- Found PCL: pcl_common;pcl_kdtree;pcl_octree;pcl_search;pcl_sample_consensus;pcl_filters;pcl_io;pcl_features;pcl_ml;pcl_segmentation;pcl_visualization;pcl_surface;pcl_registration;pcl_keypoints;pcl_tracking;pcl_recognition;pcl_stereo;pcl_apps;pcl_outofcore;pcl_people;Boost::system;Boost::filesystem;Boost::date_time;Boost::iostreams;Boost::serialization;/usr/lib/libOpenNI.so;libusb::libusb;/usr/lib/x86_64-linux-gnu/libOpenNI2.so;libusb::libusb;VTK::ChartsCore;VTK::CommonColor;VTK::CommonComputationalGeometry;VTK::CommonCore;VTK::CommonDataModel;VTK::CommonExecutionModel;VTK::CommonMath;VTK::CommonMisc;VTK::CommonTransforms;VTK::FiltersCore;VTK::FiltersExtraction;VTK::FiltersGeneral;VTK::FiltersGeometry;VTK::FiltersModeling;VTK::FiltersSources;VTK::ImagingCore;VTK::ImagingSources;VTK::InteractionImage;VTK::InteractionStyle;VTK::InteractionWidgets;VTK::IOCore;VTK::IOGeometry;VTK::IOImage;VTK::IOLegacy;VTK::IOPLY;VTK::RenderingAnnotation;VTK::RenderingCore;VTK::RenderingContext2D;VTK::RenderingLOD;VTK::RenderingFreeType;VTK::ViewsCore;VTK::ViewsContext2D;VTK::RenderingOpenGL2;VTK::GUISupportQt;FLANN::FLANN;QHULL::QHULL  
[5.394s] -- Found pcl_conversions: 2.4.0 (/opt/ros/humble/share/pcl_conversions/cmake)
[5.793s] -- Configuring done
[5.901s] -- Generating done
[5.906s] -- Build files have been written to: /home/yusuf/ros2_wsn/build/robot_sensing
[5.936s] Invoked command in '/home/yusuf/ros2_wsn/build/robot_sensing' returned '0': CMAKE_PREFIX_PATH=/opt/ros/humble /usr/bin/cmake /home/yusuf/ros2_wsn/src/robot_sensing -DCMAKE_INSTALL_PREFIX=/home/yusuf/ros2_wsn/install/robot_sensing
[5.939s] Invoking command in '/home/yusuf/ros2_wsn/build/robot_sensing': CMAKE_PREFIX_PATH=/opt/ros/humble /usr/bin/cmake --build /home/yusuf/ros2_wsn/build/robot_sensing -- -j8 -l8
[6.032s] [ 12%] [32mBuilding CXX object CMakeFiles/odom_kinematic.dir/src/odom_kinematic.cpp.o[0m
[6.035s] [ 37%] [32mBuilding CXX object CMakeFiles/line_following.dir/src/linefollowing.cpp.o[0m
[6.036s] [ 37%] [32mBuilding CXX object CMakeFiles/point_cloud_segmentation.dir/src/point_cloud_segmentation.cpp.o[0m
[6.051s] [ 50%] [32mBuilding CXX object CMakeFiles/maze_lidar.dir/src/maze_solving_with_lidar.cpp.o[0m
[30.844s] [ 62%] [32m[1mLinking CXX executable maze_lidar[0m
[31.330s] [ 75%] [32m[1mLinking CXX executable odom_kinematic[0m
[31.938s] [ 75%] Built target maze_lidar
[32.333s] [ 75%] Built target odom_kinematic
[33.606s] [ 87%] [32m[1mLinking CXX executable line_following[0m
[34.892s] [ 87%] Built target line_following
[38.255s] [100%] [32m[1mLinking CXX executable point_cloud_segmentation[0m
[39.629s] [100%] Built target point_cloud_segmentation
[39.644s] Invoked command in '/home/yusuf/ros2_wsn/build/robot_sensing' returned '0': CMAKE_PREFIX_PATH=/opt/ros/humble /usr/bin/cmake --build /home/yusuf/ros2_wsn/build/robot_sensing -- -j8 -l8
[39.696s] Invoking command in '/home/yusuf/ros2_wsn/build/robot_sensing': CMAKE_PREFIX_PATH=/opt/ros/humble /usr/bin/cmake --install /home/yusuf/ros2_wsn/build/robot_sensing
[39.706s] -- Install configuration: ""
[39.706s] -- Installing: /home/yusuf/ros2_wsn/install/robot_sensing/lib/robot_sensing/maze_lidar
[39.711s] -- Set runtime path of "/home/yusuf/ros2_wsn/install/robot_sensing/lib/robot_sensing/maze_lidar" to ""
[39.712s] -- Installing: /home/yusuf/ros2_wsn/install/robot_sensing/lib/robot_sensing/odom_kinematic
[39.717s] -- Set runtime path of "/home/yusuf/ros2_wsn/install/robot_sensing/lib/robot_sensing/odom_kinematic" to ""
[39.717s] -- Installing: /home/yusuf/ros2_wsn/install/robot_sensing/lib/robot_sensing/line_following
[39.723s] -- Set runtime path of "/home/yusuf/ros2_wsn/install/robot_sensing/lib/robot_sensing/line_following" to ""
[39.723s] -- Installing: /home/yusuf/ros2_wsn/install/robot_sensing/lib/robot_sensing/point_cloud_segmentation
[39.728s] -- Set runtime path of "/home/yusuf/ros2_wsn/install/robot_sensing/lib/robot_sensing/point_cloud_segmentation" to ""
[39.728s] -- Installing: /home/yusuf/ros2_wsn/install/robot_sensing/share/robot_sensing/launch
[39.729s] -- Installing: /home/yusuf/ros2_wsn/install/robot_sensing/share/robot_sensing/launch/maze_world.launch.py
[39.729s] -- Installing: /home/yusuf/ros2_wsn/install/robot_sensing/share/robot_sensing/launch/line_world.launch.py
[39.729s] -- Installing: /home/yusuf/ros2_wsn/install/robot_sensing/share/robot_sensing/world
[39.729s] -- Installing: /home/yusuf/ros2_wsn/install/robot_sensing/share/robot_sensing/world/maze.world
[39.729s] -- Installing: /home/yusuf/ros2_wsn/install/robot_sensing/share/robot_sensing/world/linefollowing.world
[39.729s] -- Installing: /home/yusuf/ros2_wsn/install/robot_sensing/share/ament_index/resource_index/package_run_dependencies/robot_sensing
[39.729s] -- Installing: /home/yusuf/ros2_wsn/install/robot_sensing/share/ament_index/resource_index/parent_prefix_path/robot_sensing
[39.730s] -- Installing: /home/yusuf/ros2_wsn/install/robot_sensing/share/robot_sensing/environment/ament_prefix_path.sh
[39.730s] -- Installing: /home/yusuf/ros2_wsn/install/robot_sensing/share/robot_sensing/environment/ament_prefix_path.dsv
[39.730s] -- Installing: /home/yusuf/ros2_wsn/install/robot_sensing/share/robot_sensing/environment/path.sh
[39.730s] -- Installing: /home/yusuf/ros2_wsn/install/robot_sensing/share/robot_sensing/environment/path.dsv
[39.730s] -- Installing: /home/yusuf/ros2_wsn/install/robot_sensing/share/robot_sensing/local_setup.bash
[39.731s] -- Installing: /home/yusuf/ros2_wsn/install/robot_sensing/share/robot_sensing/local_setup.sh
[39.731s] -- Installing: /home/yusuf/ros2_wsn/install/robot_sensing/share/robot_sensing/local_setup.zsh
[39.731s] -- Installing: /home/yusuf/ros2_wsn/install/robot_sensing/share/robot_sensing/local_setup.dsv
[39.731s] -- Installing: /home/yusuf/ros2_wsn/install/robot_sensing/share/robot_sensing/package.dsv
[39.731s] -- Installing: /home/yusuf/ros2_wsn/install/robot_sensing/share/ament_index/resource_index/packages/robot_sensing
[39.732s] -- Installing: /home/yusuf/ros2_wsn/install/robot_sensing/share/robot_sensing/cmake/robot_sensingConfig.cmake
[39.732s] -- Installing: /home/yusuf/ros2_wsn/install/robot_sensing/share/robot_sensing/cmake/robot_sensingConfig-version.cmake
[39.732s] -- Installing: /home/yusuf/ros2_wsn/install/robot_sensing/share/robot_sensing/package.xml
[39.735s] Invoked command in '/home/yusuf/ros2_wsn/build/robot_sensing' returned '0': CMAKE_PREFIX_PATH=/opt/ros/humble /usr/bin/cmake --install /home/yusuf/ros2_wsn/build/robot_sensing
