[0.113s] Invoking command in '/home/yusuf/ros2_wsn/build/robot_sensing': CMAKE_PREFIX_PATH=${CMAKE_PREFIX_PATH}:/opt/ros/humble /usr/bin/cmake --build /home/yusuf/ros2_wsn/build/robot_sensing -- -j8 -l8
[0.627s] [ 25%] Built target odom_kinematic
[0.925s] [ 50%] Built target point_cloud_segmentation
[1.136s] [ 62%] [32mBuilding CXX object CMakeFiles/line_following.dir/src/linefollowing.cpp.o[0m
[65.137s] [ 75%] [32m[1mLinking CXX executable line_following[0m
[70.859s] [ 75%] Built target line_following
[71.027s] [100%] Built target maze_lidar
[71.136s] Invoked command in '/home/yusuf/ros2_wsn/build/robot_sensing' returned '0': CMAKE_PREFIX_PATH=${CMAKE_PREFIX_PATH}:/opt/ros/humble /usr/bin/cmake --build /home/yusuf/ros2_wsn/build/robot_sensing -- -j8 -l8
[71.438s] Invoking command in '/home/yusuf/ros2_wsn/build/robot_sensing': CMAKE_PREFIX_PATH=${CMAKE_PREFIX_PATH}:/opt/ros/humble /usr/bin/cmake --install /home/yusuf/ros2_wsn/build/robot_sensing
[71.489s] -- Install configuration: ""
[71.493s] -- Up-to-date: /home/yusuf/ros2_wsn/install/robot_sensing/lib/robot_sensing/maze_lidar
[71.497s] -- Up-to-date: /home/yusuf/ros2_wsn/install/robot_sensing/lib/robot_sensing/odom_kinematic
[71.499s] -- Installing: /home/yusuf/ros2_wsn/install/robot_sensing/lib/robot_sensing/line_following
[71.537s] -- Set runtime path of "/home/yusuf/ros2_wsn/install/robot_sensing/lib/robot_sensing/line_following" to ""
[71.544s] -- Up-to-date: /home/yusuf/ros2_wsn/install/robot_sensing/lib/robot_sensing/point_cloud_segmentation
[71.547s] -- Up-to-date: /home/yusuf/ros2_wsn/install/robot_sensing/share/robot_sensing/launch
[71.548s] -- Up-to-date: /home/yusuf/ros2_wsn/install/robot_sensing/share/robot_sensing/launch/maze_world.launch.py
[71.549s] -- Up-to-date: /home/yusuf/ros2_wsn/install/robot_sensing/share/robot_sensing/launch/line_world.launch.py
[71.549s] -- Up-to-date: /home/yusuf/ros2_wsn/install/robot_sensing/share/robot_sensing/world
[71.550s] -- Up-to-date: /home/yusuf/ros2_wsn/install/robot_sensing/share/robot_sensing/world/maze.world
[71.551s] -- Up-to-date: /home/yusuf/ros2_wsn/install/robot_sensing/share/robot_sensing/world/linefollowing.world
[71.553s] -- Up-to-date: /home/yusuf/ros2_wsn/install/robot_sensing/share/ament_index/resource_index/package_run_dependencies/robot_sensing
[71.554s] -- Up-to-date: /home/yusuf/ros2_wsn/install/robot_sensing/share/ament_index/resource_index/parent_prefix_path/robot_sensing
[71.555s] -- Up-to-date: /home/yusuf/ros2_wsn/install/robot_sensing/share/robot_sensing/environment/ament_prefix_path.sh
[71.555s] -- Up-to-date: /home/yusuf/ros2_wsn/install/robot_sensing/share/robot_sensing/environment/ament_prefix_path.dsv
[71.555s] -- Up-to-date: /home/yusuf/ros2_wsn/install/robot_sensing/share/robot_sensing/environment/path.sh
[71.556s] -- Up-to-date: /home/yusuf/ros2_wsn/install/robot_sensing/share/robot_sensing/environment/path.dsv
[71.557s] -- Up-to-date: /home/yusuf/ros2_wsn/install/robot_sensing/share/robot_sensing/local_setup.bash
[71.558s] -- Up-to-date: /home/yusuf/ros2_wsn/install/robot_sensing/share/robot_sensing/local_setup.sh
[71.559s] -- Up-to-date: /home/yusuf/ros2_wsn/install/robot_sensing/share/robot_sensing/local_setup.zsh
[71.559s] -- Up-to-date: /home/yusuf/ros2_wsn/install/robot_sensing/share/robot_sensing/local_setup.dsv
[71.559s] -- Installing: /home/yusuf/ros2_wsn/install/robot_sensing/share/robot_sensing/package.dsv
[71.560s] -- Up-to-date: /home/yusuf/ros2_wsn/install/robot_sensing/share/ament_index/resource_index/packages/robot_sensing
[71.560s] -- Up-to-date: /home/yusuf/ros2_wsn/install/robot_sensing/share/robot_sensing/cmake/robot_sensingConfig.cmake
[71.560s] -- Up-to-date: /home/yusuf/ros2_wsn/install/robot_sensing/share/robot_sensing/cmake/robot_sensingConfig-version.cmake
[71.561s] -- Up-to-date: /home/yusuf/ros2_wsn/install/robot_sensing/share/robot_sensing/package.xml
[71.581s] Invoked command in '/home/yusuf/ros2_wsn/build/robot_sensing' returned '0': CMAKE_PREFIX_PATH=${CMAKE_PREFIX_PATH}:/opt/ros/humble /usr/bin/cmake --install /home/yusuf/ros2_wsn/build/robot_sensing
