[0.030s] Invoking command in '/home/yusuf/ros2_wsn/build/sensor_fusion': CMAKE_PREFIX_PATH=/opt/ros/humble /usr/bin/cmake --build /home/yusuf/ros2_wsn/build/sensor_fusion -- -j8 -l8
[0.107s] -- Found ament_cmake: 1.3.10 (/opt/ros/humble/share/ament_cmake/cmake)
[0.376s] -- Found rclcpp: 16.0.10 (/opt/ros/humble/share/rclcpp/cmake)
[0.448s] -- Found rosidl_generator_c: 3.1.5 (/opt/ros/humble/share/rosidl_generator_c/cmake)
[0.454s] -- Found rosidl_adapter: 3.1.5 (/opt/ros/humble/share/rosidl_adapter/cmake)
[0.467s] -- Found rosidl_generator_cpp: 3.1.5 (/opt/ros/humble/share/rosidl_generator_cpp/cmake)
[0.487s] -- Using all available rosidl_typesupport_c: rosidl_typesupport_fastrtps_c;rosidl_typesupport_introspection_c
[0.514s] -- Using all available rosidl_typesupport_cpp: rosidl_typesupport_fastrtps_cpp;rosidl_typesupport_introspection_cpp
[0.576s] -- Found rmw_implementation_cmake: 6.1.2 (/opt/ros/humble/share/rmw_implementation_cmake/cmake)
[0.578s] -- Found rmw_fastrtps_cpp: 6.2.7 (/opt/ros/humble/share/rmw_fastrtps_cpp/cmake)
[0.706s] -- Using RMW implementation 'rmw_fastrtps_cpp' as default
[0.776s] -- Found geometry_msgs: 4.2.4 (/opt/ros/humble/share/geometry_msgs/cmake)
[0.796s] -- Found nav_msgs: 4.2.4 (/opt/ros/humble/share/nav_msgs/cmake)
[0.820s] -- Found tf2_ros: 0.25.7 (/opt/ros/humble/share/tf2_ros/cmake)
[0.935s] -- Found sensor_msgs: 4.2.4 (/opt/ros/humble/share/sensor_msgs/cmake)
[0.957s] -- Found cv_bridge: 3.2.1 (/opt/ros/humble/share/cv_bridge/cmake)
[0.973s] -- Found visualization_msgs: 4.2.4 (/opt/ros/humble/share/visualization_msgs/cmake)
[1.081s] -- Configuring done
[1.104s] -- Generating done
[1.106s] -- Build files have been written to: /home/yusuf/ros2_wsn/build/sensor_fusion
[1.144s] [35m[1mConsolidate compiler generated dependencies of target linear_kf[0m
[1.144s] [35m[1mConsolidate compiler generated dependencies of target advanced_kf[0m
[1.157s] [ 16%] [32mBuilding CXX object CMakeFiles/noise_kf.dir/src/noise_kf.cpp.o[0m
[1.168s] [ 33%] [32mBuilding CXX object CMakeFiles/advanced_kf.dir/src/advanced_kf.cpp.o[0m
[1.168s] [ 66%] Built target linear_kf
[16.003s] [ 83%] [32m[1mLinking CXX executable noise_kf[0m
[16.139s] [100%] [32m[1mLinking CXX executable advanced_kf[0m
[17.131s] [100%] Built target noise_kf
[17.237s] [100%] Built target advanced_kf
[17.255s] Invoked command in '/home/yusuf/ros2_wsn/build/sensor_fusion' returned '0': CMAKE_PREFIX_PATH=/opt/ros/humble /usr/bin/cmake --build /home/yusuf/ros2_wsn/build/sensor_fusion -- -j8 -l8
[17.310s] Invoking command in '/home/yusuf/ros2_wsn/build/sensor_fusion': CMAKE_PREFIX_PATH=/opt/ros/humble /usr/bin/cmake --install /home/yusuf/ros2_wsn/build/sensor_fusion
[17.321s] -- Install configuration: ""
[17.323s] -- Up-to-date: /home/yusuf/ros2_wsn/install/sensor_fusion/lib/sensor_fusion/linear_kf
[17.326s] -- Installing: /home/yusuf/ros2_wsn/install/sensor_fusion/lib/sensor_fusion/advanced_kf
[17.340s] -- Set runtime path of "/home/yusuf/ros2_wsn/install/sensor_fusion/lib/sensor_fusion/advanced_kf" to ""
[17.340s] -- Installing: /home/yusuf/ros2_wsn/install/sensor_fusion/lib/sensor_fusion/noise_kf
[17.353s] -- Set runtime path of "/home/yusuf/ros2_wsn/install/sensor_fusion/lib/sensor_fusion/noise_kf" to ""
[17.353s] -- Up-to-date: /home/yusuf/ros2_wsn/install/sensor_fusion/share/sensor_fusion/launch
[17.354s] -- Up-to-date: /home/yusuf/ros2_wsn/install/sensor_fusion/share/sensor_fusion/launch/linear_kf.launch.py
[17.354s] -- Up-to-date: /home/yusuf/ros2_wsn/install/sensor_fusion/share/sensor_fusion/config
[17.354s] -- Installing: /home/yusuf/ros2_wsn/install/sensor_fusion/share/sensor_fusion/config/kf.rviz
[17.354s] -- Up-to-date: /home/yusuf/ros2_wsn/install/sensor_fusion/share/ament_index/resource_index/package_run_dependencies/sensor_fusion
[17.354s] -- Up-to-date: /home/yusuf/ros2_wsn/install/sensor_fusion/share/ament_index/resource_index/parent_prefix_path/sensor_fusion
[17.355s] -- Up-to-date: /home/yusuf/ros2_wsn/install/sensor_fusion/share/sensor_fusion/environment/ament_prefix_path.sh
[17.355s] -- Installing: /home/yusuf/ros2_wsn/install/sensor_fusion/share/sensor_fusion/environment/ament_prefix_path.dsv
[17.355s] -- Up-to-date: /home/yusuf/ros2_wsn/install/sensor_fusion/share/sensor_fusion/environment/path.sh
[17.355s] -- Installing: /home/yusuf/ros2_wsn/install/sensor_fusion/share/sensor_fusion/environment/path.dsv
[17.355s] -- Up-to-date: /home/yusuf/ros2_wsn/install/sensor_fusion/share/sensor_fusion/local_setup.bash
[17.356s] -- Up-to-date: /home/yusuf/ros2_wsn/install/sensor_fusion/share/sensor_fusion/local_setup.sh
[17.356s] -- Up-to-date: /home/yusuf/ros2_wsn/install/sensor_fusion/share/sensor_fusion/local_setup.zsh
[17.356s] -- Installing: /home/yusuf/ros2_wsn/install/sensor_fusion/share/sensor_fusion/local_setup.dsv
[17.356s] -- Installing: /home/yusuf/ros2_wsn/install/sensor_fusion/share/sensor_fusion/package.dsv
[17.357s] -- Up-to-date: /home/yusuf/ros2_wsn/install/sensor_fusion/share/ament_index/resource_index/packages/sensor_fusion
[17.357s] -- Up-to-date: /home/yusuf/ros2_wsn/install/sensor_fusion/share/sensor_fusion/cmake/sensor_fusionConfig.cmake
[17.357s] -- Up-to-date: /home/yusuf/ros2_wsn/install/sensor_fusion/share/sensor_fusion/cmake/sensor_fusionConfig-version.cmake
[17.357s] -- Up-to-date: /home/yusuf/ros2_wsn/install/sensor_fusion/share/sensor_fusion/package.xml
[17.361s] Invoked command in '/home/yusuf/ros2_wsn/build/sensor_fusion' returned '0': CMAKE_PREFIX_PATH=/opt/ros/humble /usr/bin/cmake --install /home/yusuf/ros2_wsn/build/sensor_fusion
